{"/root/remotestorage.js/lib/promising.js":{"path":"/root/remotestorage.js/lib/promising.js","s":{"1":2,"2":2,"3":1,"4":7903,"5":7903,"6":1,"7":1,"8":1,"9":0,"10":7903,"11":1,"12":5019,"13":4980,"14":4980,"15":4980,"16":4980,"17":1,"18":1,"19":0,"20":4979,"21":1113,"22":3866,"23":39,"24":34,"25":34,"26":34,"27":3,"28":3,"29":31,"30":0,"31":31,"32":5,"33":1,"34":7875,"35":0,"36":0,"37":7875,"38":7875,"39":7875,"40":7870,"41":7870,"42":20,"43":7870,"44":2275,"45":7870,"46":7903,"47":5026,"48":5026,"49":2745,"50":2744,"51":2281,"52":5026,"53":7819,"54":7819,"55":56,"56":56,"57":7903,"58":2},"b":{"1":[1,7902],"2":[4980,39],"3":[4980,0],"4":[1113,3866],"5":[4979,2795],"6":[34,5],"7":[0,31],"8":[31,3],"9":[0,7875],"10":[20,7850],"11":[7870,5595],"12":[20,20],"13":[5026,0],"14":[2225,2801],"15":[2745,2281],"16":[0,2]},"f":{"1":2,"2":2,"3":7903,"4":1,"5":5019,"6":7875,"7":7870,"8":5026,"9":2744,"10":7819,"11":56},"fnMap":{"1":{"name":"(anonymous_1)","line":1,"loc":{"start":{"line":1,"column":1},"end":{"line":1,"column":39}}},"2":{"name":"(anonymous_2)","line":1,"loc":{"start":{"line":1,"column":42},"end":{"line":1,"column":59}}},"3":{"name":"getPromise","line":2,"loc":{"start":{"line":2,"column":2},"end":{"line":2,"column":31}}},"4":{"name":"(anonymous_4)","line":6,"loc":{"start":{"line":6,"column":17},"end":{"line":6,"column":28}}},"5":{"name":"notifyConsumer","line":17,"loc":{"start":{"line":17,"column":4},"end":{"line":17,"column":38}}},"6":{"name":"resolve","line":55,"loc":{"start":{"line":55,"column":4},"end":{"line":55,"column":32}}},"7":{"name":"(anonymous_7)","line":62,"loc":{"start":{"line":62,"column":17},"end":{"line":62,"column":28}}},"8":{"name":"(anonymous_8)","line":76,"loc":{"start":{"line":76,"column":12},"end":{"line":76,"column":42}}},"9":{"name":"(anonymous_9)","line":83,"loc":{"start":{"line":83,"column":21},"end":{"line":83,"column":32}}},"10":{"name":"(anonymous_10)","line":92,"loc":{"start":{"line":92,"column":15},"end":{"line":92,"column":26}}},"11":{"name":"(anonymous_11)","line":97,"loc":{"start":{"line":97,"column":14},"end":{"line":97,"column":25}}}},"statementMap":{"1":{"start":{"line":1,"column":0},"end":{"line":111,"column":73}},"2":{"start":{"line":1,"column":41},"end":{"line":109,"column":52}},"3":{"start":{"line":2,"column":2},"end":{"line":105,"column":3}},"4":{"start":{"line":3,"column":4},"end":{"line":3,"column":16}},"5":{"start":{"line":5,"column":4},"end":{"line":13,"column":5}},"6":{"start":{"line":6,"column":6},"end":{"line":12,"column":12}},"7":{"start":{"line":7,"column":8},"end":{"line":11,"column":9}},"8":{"start":{"line":8,"column":10},"end":{"line":8,"column":27}},"9":{"start":{"line":10,"column":10},"end":{"line":10,"column":28}},"10":{"start":{"line":15,"column":4},"end":{"line":15,"column":40}},"11":{"start":{"line":17,"column":4},"end":{"line":53,"column":5}},"12":{"start":{"line":18,"column":6},"end":{"line":52,"column":7}},"13":{"start":{"line":19,"column":8},"end":{"line":19,"column":22}},"14":{"start":{"line":20,"column":8},"end":{"line":29,"column":9}},"15":{"start":{"line":21,"column":10},"end":{"line":26,"column":11}},"16":{"start":{"line":22,"column":12},"end":{"line":22,"column":65}},"17":{"start":{"line":24,"column":12},"end":{"line":24,"column":41}},"18":{"start":{"line":25,"column":12},"end":{"line":25,"column":19}},"19":{"start":{"line":28,"column":10},"end":{"line":28,"column":29}},"20":{"start":{"line":30,"column":8},"end":{"line":34,"column":9}},"21":{"start":{"line":31,"column":10},"end":{"line":31,"column":79}},"22":{"start":{"line":33,"column":10},"end":{"line":33,"column":58}},"23":{"start":{"line":36,"column":8},"end":{"line":51,"column":9}},"24":{"start":{"line":37,"column":10},"end":{"line":37,"column":18}},"25":{"start":{"line":38,"column":10},"end":{"line":43,"column":11}},"26":{"start":{"line":39,"column":12},"end":{"line":39,"column":56}},"27":{"start":{"line":41,"column":12},"end":{"line":41,"column":41}},"28":{"start":{"line":42,"column":12},"end":{"line":42,"column":19}},"29":{"start":{"line":44,"column":10},"end":{"line":48,"column":11}},"30":{"start":{"line":45,"column":12},"end":{"line":45,"column":72}},"31":{"start":{"line":47,"column":12},"end":{"line":47,"column":42}},"32":{"start":{"line":50,"column":10},"end":{"line":50,"column":54}},"33":{"start":{"line":55,"column":4},"end":{"line":72,"column":5}},"34":{"start":{"line":56,"column":6},"end":{"line":59,"column":7}},"35":{"start":{"line":57,"column":8},"end":{"line":57,"column":75}},"36":{"start":{"line":58,"column":8},"end":{"line":58,"column":15}},"37":{"start":{"line":60,"column":6},"end":{"line":60,"column":21}},"38":{"start":{"line":61,"column":6},"end":{"line":61,"column":47}},"39":{"start":{"line":62,"column":6},"end":{"line":71,"column":12}},"40":{"start":{"line":63,"column":8},"end":{"line":63,"column":34}},"41":{"start":{"line":64,"column":8},"end":{"line":66,"column":9}},"42":{"start":{"line":65,"column":10},"end":{"line":65,"column":91}},"43":{"start":{"line":67,"column":8},"end":{"line":69,"column":9}},"44":{"start":{"line":68,"column":10},"end":{"line":68,"column":39}},"45":{"start":{"line":70,"column":8},"end":{"line":70,"column":30}},"46":{"start":{"line":74,"column":4},"end":{"line":102,"column":6}},"47":{"start":{"line":77,"column":8},"end":{"line":81,"column":10}},"48":{"start":{"line":82,"column":8},"end":{"line":88,"column":9}},"49":{"start":{"line":83,"column":10},"end":{"line":85,"column":16}},"50":{"start":{"line":84,"column":12},"end":{"line":85,"column":10}},"51":{"start":{"line":87,"column":10},"end":{"line":87,"column":35}},"52":{"start":{"line":89,"column":8},"end":{"line":89,"column":32}},"53":{"start":{"line":93,"column":8},"end":{"line":93,"column":33}},"54":{"start":{"line":94,"column":8},"end":{"line":94,"column":20}},"55":{"start":{"line":98,"column":8},"end":{"line":98,"column":34}},"56":{"start":{"line":99,"column":8},"end":{"line":99,"column":20}},"57":{"start":{"line":104,"column":4},"end":{"line":104,"column":19}},"58":{"start":{"line":107,"column":2},"end":{"line":107,"column":32}}},"branchMap":{"1":{"line":5,"type":"if","locations":[{"start":{"line":5,"column":4},"end":{"line":5,"column":4}},{"start":{"line":5,"column":4},"end":{"line":5,"column":4}}]},"2":{"line":18,"type":"if","locations":[{"start":{"line":18,"column":6},"end":{"line":18,"column":6}},{"start":{"line":18,"column":6},"end":{"line":18,"column":6}}]},"3":{"line":20,"type":"if","locations":[{"start":{"line":20,"column":8},"end":{"line":20,"column":8}},{"start":{"line":20,"column":8},"end":{"line":20,"column":8}}]},"4":{"line":30,"type":"if","locations":[{"start":{"line":30,"column":8},"end":{"line":30,"column":8}},{"start":{"line":30,"column":8},"end":{"line":30,"column":8}}]},"5":{"line":30,"type":"binary-expr","locations":[{"start":{"line":30,"column":11},"end":{"line":30,"column":23}},{"start":{"line":30,"column":27},"end":{"line":30,"column":67}}]},"6":{"line":36,"type":"if","locations":[{"start":{"line":36,"column":8},"end":{"line":36,"column":8}},{"start":{"line":36,"column":8},"end":{"line":36,"column":8}}]},"7":{"line":44,"type":"if","locations":[{"start":{"line":44,"column":10},"end":{"line":44,"column":10}},{"start":{"line":44,"column":10},"end":{"line":44,"column":10}}]},"8":{"line":44,"type":"binary-expr","locations":[{"start":{"line":44,"column":13},"end":{"line":44,"column":16}},{"start":{"line":44,"column":20},"end":{"line":44,"column":51}}]},"9":{"line":56,"type":"if","locations":[{"start":{"line":56,"column":6},"end":{"line":56,"column":6}},{"start":{"line":56,"column":6},"end":{"line":56,"column":6}}]},"10":{"line":64,"type":"if","locations":[{"start":{"line":64,"column":8},"end":{"line":64,"column":8}},{"start":{"line":64,"column":8},"end":{"line":64,"column":8}}]},"11":{"line":64,"type":"binary-expr","locations":[{"start":{"line":64,"column":11},"end":{"line":64,"column":19}},{"start":{"line":64,"column":24},"end":{"line":64,"column":33}}]},"12":{"line":65,"type":"binary-expr","locations":[{"start":{"line":65,"column":61},"end":{"line":65,"column":70}},{"start":{"line":65,"column":74},"end":{"line":65,"column":89}}]},"13":{"line":78,"type":"cond-expr","locations":[{"start":{"line":78,"column":56},"end":{"line":78,"column":65}},{"start":{"line":78,"column":68},"end":{"line":78,"column":77}}]},"14":{"line":79,"type":"cond-expr","locations":[{"start":{"line":79,"column":54},"end":{"line":79,"column":62}},{"start":{"line":79,"column":65},"end":{"line":79,"column":74}}]},"15":{"line":82,"type":"if","locations":[{"start":{"line":82,"column":8},"end":{"line":82,"column":8}},{"start":{"line":82,"column":8},"end":{"line":82,"column":8}}]},"16":{"line":109,"type":"cond-expr","locations":[{"start":{"line":109,"column":35},"end":{"line":109,"column":41}},{"start":{"line":109,"column":44},"end":{"line":109,"column":50}}]}}},"/root/remotestorage.js/src/access.js":{"path":"/root/remotestorage.js/src/access.js","s":{"1":2,"2":2,"3":2,"4":2,"5":1,"6":2,"7":14,"8":0,"9":14,"10":0,"11":14,"12":14,"13":200,"14":0,"15":0,"16":0,"17":0,"18":0,"19":0,"20":0,"21":0,"22":198,"23":198,"24":130,"25":66,"26":64,"27":9,"28":9,"29":90,"30":10,"31":80,"32":80,"33":14,"34":8,"35":6,"36":6,"37":6,"38":8,"39":4,"40":1,"41":3,"42":2,"43":5,"44":4,"45":2,"46":8,"47":8,"48":2,"49":7,"50":8,"51":2,"52":0,"53":0,"54":0,"55":2},"b":{"1":[0,14],"2":[14,14,14],"3":[0,14],"4":[198,132,74],"5":[66,64],"6":[10,80],"7":[64,16],"8":[8,6],"9":[14,11],"10":[6,0],"11":[4,4],"12":[8,4],"13":[1,3],"14":[2,1],"15":[0,2]},"f":{"1":2,"2":2,"3":1,"4":14,"5":200,"6":0,"7":198,"8":130,"9":9,"10":90,"11":14,"12":8,"13":4,"14":8,"15":8,"16":7,"17":8,"18":0,"19":0},"fnMap":{"1":{"name":"(anonymous_1)","line":1,"loc":{"start":{"line":1,"column":1},"end":{"line":1,"column":39}}},"2":{"name":"(anonymous_2)","line":1,"loc":{"start":{"line":1,"column":42},"end":{"line":1,"column":59}}},"3":{"name":"(anonymous_3)","line":10,"loc":{"start":{"line":10,"column":25},"end":{"line":10,"column":36}}},"4":{"name":"(anonymous_4)","line":30,"loc":{"start":{"line":30,"column":11},"end":{"line":30,"column":33}}},"5":{"name":"(anonymous_5)","line":41,"loc":{"start":{"line":41,"column":9},"end":{"line":41,"column":25}}},"6":{"name":"(anonymous_6)","line":45,"loc":{"start":{"line":45,"column":12},"end":{"line":45,"column":28}}},"7":{"name":"(anonymous_7)","line":61,"loc":{"start":{"line":61,"column":21},"end":{"line":61,"column":43}}},"8":{"name":"(anonymous_8)","line":69,"loc":{"start":{"line":69,"column":25},"end":{"line":69,"column":46}}},"9":{"name":"(anonymous_9)","line":76,"loc":{"start":{"line":76,"column":11},"end":{"line":76,"column":22}}},"10":{"name":"(anonymous_10)","line":84,"loc":{"start":{"line":84,"column":20},"end":{"line":84,"column":35}}},"11":{"name":"(anonymous_11)","line":92,"loc":{"start":{"line":92,"column":22},"end":{"line":92,"column":41}}},"12":{"name":"(anonymous_12)","line":101,"loc":{"start":{"line":101,"column":28},"end":{"line":101,"column":44}}},"13":{"name":"(anonymous_13)","line":112,"loc":{"start":{"line":112,"column":20},"end":{"line":112,"column":35}}},"14":{"name":"(anonymous_14)","line":124,"loc":{"start":{"line":124,"column":9},"end":{"line":124,"column":20}}},"15":{"name":"(anonymous_15)","line":125,"loc":{"start":{"line":125,"column":48},"end":{"line":125,"column":62}}},"16":{"name":"(anonymous_16)","line":132,"loc":{"start":{"line":132,"column":9},"end":{"line":132,"column":20}}},"17":{"name":"(anonymous_17)","line":133,"loc":{"start":{"line":133,"column":29},"end":{"line":133,"column":45}}},"18":{"name":"(anonymous_18)","line":141,"loc":{"start":{"line":141,"column":9},"end":{"line":141,"column":20}}},"19":{"name":"(anonymous_19)","line":151,"loc":{"start":{"line":151,"column":34},"end":{"line":151,"column":45}}}},"statementMap":{"1":{"start":{"line":1,"column":0},"end":{"line":154,"column":73}},"2":{"start":{"line":1,"column":41},"end":{"line":152,"column":53}},"3":{"start":{"line":3,"column":2},"end":{"line":3,"column":44}},"4":{"start":{"line":10,"column":2},"end":{"line":12,"column":4}},"5":{"start":{"line":11,"column":4},"end":{"line":11,"column":17}},"6":{"start":{"line":14,"column":2},"end":{"line":115,"column":4}},"7":{"start":{"line":31,"column":6},"end":{"line":33,"column":7}},"8":{"start":{"line":32,"column":8},"end":{"line":32,"column":86}},"9":{"start":{"line":34,"column":6},"end":{"line":36,"column":7}},"10":{"start":{"line":35,"column":8},"end":{"line":35,"column":65}},"11":{"start":{"line":37,"column":6},"end":{"line":37,"column":35}},"12":{"start":{"line":38,"column":6},"end":{"line":38,"column":38}},"13":{"start":{"line":42,"column":6},"end":{"line":42,"column":38}},"14":{"start":{"line":46,"column":6},"end":{"line":46,"column":24}},"15":{"start":{"line":47,"column":6},"end":{"line":47,"column":15}},"16":{"start":{"line":48,"column":6},"end":{"line":50,"column":7}},"17":{"start":{"line":49,"column":8},"end":{"line":49,"column":49}},"18":{"start":{"line":51,"column":6},"end":{"line":51,"column":19}},"19":{"start":{"line":52,"column":6},"end":{"line":52,"column":29}},"20":{"start":{"line":53,"column":6},"end":{"line":55,"column":7}},"21":{"start":{"line":54,"column":8},"end":{"line":54,"column":39}},"22":{"start":{"line":62,"column":6},"end":{"line":62,"column":39}},"23":{"start":{"line":63,"column":6},"end":{"line":63,"column":65}},"24":{"start":{"line":70,"column":6},"end":{"line":72,"column":7}},"25":{"start":{"line":71,"column":8},"end":{"line":71,"column":20}},"26":{"start":{"line":73,"column":6},"end":{"line":73,"column":69}},"27":{"start":{"line":77,"column":6},"end":{"line":77,"column":26}},"28":{"start":{"line":78,"column":6},"end":{"line":78,"column":29}},"29":{"start":{"line":85,"column":6},"end":{"line":87,"column":7}},"30":{"start":{"line":86,"column":8},"end":{"line":86,"column":58}},"31":{"start":{"line":88,"column":6},"end":{"line":88,"column":77}},"32":{"start":{"line":89,"column":6},"end":{"line":89,"column":48}},"33":{"start":{"line":93,"column":6},"end":{"line":98,"column":7}},"34":{"start":{"line":94,"column":8},"end":{"line":94,"column":31}},"35":{"start":{"line":95,"column":13},"end":{"line":98,"column":7}},"36":{"start":{"line":96,"column":8},"end":{"line":96,"column":50}},"37":{"start":{"line":97,"column":8},"end":{"line":97,"column":57}},"38":{"start":{"line":102,"column":6},"end":{"line":108,"column":7}},"39":{"start":{"line":103,"column":8},"end":{"line":107,"column":9}},"40":{"start":{"line":104,"column":10},"end":{"line":104,"column":20}},"41":{"start":{"line":105,"column":15},"end":{"line":107,"column":9}},"42":{"start":{"line":106,"column":10},"end":{"line":106,"column":24}},"43":{"start":{"line":109,"column":6},"end":{"line":109,"column":24}},"44":{"start":{"line":113,"column":6},"end":{"line":113,"column":30}},"45":{"start":{"line":123,"column":2},"end":{"line":129,"column":5}},"46":{"start":{"line":125,"column":6},"end":{"line":127,"column":20}},"47":{"start":{"line":126,"column":8},"end":{"line":126,"column":59}},"48":{"start":{"line":131,"column":2},"end":{"line":137,"column":5}},"49":{"start":{"line":133,"column":6},"end":{"line":135,"column":30}},"50":{"start":{"line":134,"column":8},"end":{"line":134,"column":69}},"51":{"start":{"line":140,"column":2},"end":{"line":149,"column":5}},"52":{"start":{"line":142,"column":6},"end":{"line":142,"column":46}},"53":{"start":{"line":143,"column":6},"end":{"line":145,"column":9}},"54":{"start":{"line":146,"column":6},"end":{"line":146,"column":20}},"55":{"start":{"line":151,"column":2},"end":{"line":151,"column":48}}},"branchMap":{"1":{"line":31,"type":"if","locations":[{"start":{"line":31,"column":6},"end":{"line":31,"column":6}},{"start":{"line":31,"column":6},"end":{"line":31,"column":6}}]},"2":{"line":31,"type":"binary-expr","locations":[{"start":{"line":31,"column":10},"end":{"line":31,"column":36}},{"start":{"line":31,"column":40},"end":{"line":31,"column":65}},{"start":{"line":31,"column":69},"end":{"line":31,"column":87}}]},"3":{"line":34,"type":"if","locations":[{"start":{"line":34,"column":6},"end":{"line":34,"column":6}},{"start":{"line":34,"column":6},"end":{"line":34,"column":6}}]},"4":{"line":63,"type":"binary-expr","locations":[{"start":{"line":63,"column":13},"end":{"line":63,"column":23}},{"start":{"line":63,"column":28},"end":{"line":63,"column":40}},{"start":{"line":63,"column":44},"end":{"line":63,"column":63}}]},"5":{"line":70,"type":"if","locations":[{"start":{"line":70,"column":6},"end":{"line":70,"column":6}},{"start":{"line":70,"column":6},"end":{"line":70,"column":6}}]},"6":{"line":85,"type":"if","locations":[{"start":{"line":85,"column":6},"end":{"line":85,"column":6}},{"start":{"line":85,"column":6},"end":{"line":85,"column":6}}]},"7":{"line":89,"type":"cond-expr","locations":[{"start":{"line":89,"column":27},"end":{"line":89,"column":41}},{"start":{"line":89,"column":44},"end":{"line":89,"column":47}}]},"8":{"line":93,"type":"if","locations":[{"start":{"line":93,"column":6},"end":{"line":93,"column":6}},{"start":{"line":93,"column":6},"end":{"line":93,"column":6}}]},"9":{"line":93,"type":"binary-expr","locations":[{"start":{"line":93,"column":10},"end":{"line":93,"column":34}},{"start":{"line":93,"column":38},"end":{"line":93,"column":54}}]},"10":{"line":95,"type":"if","locations":[{"start":{"line":95,"column":13},"end":{"line":95,"column":13}},{"start":{"line":95,"column":13},"end":{"line":95,"column":13}}]},"11":{"line":102,"type":"if","locations":[{"start":{"line":102,"column":6},"end":{"line":102,"column":6}},{"start":{"line":102,"column":6},"end":{"line":102,"column":6}}]},"12":{"line":102,"type":"binary-expr","locations":[{"start":{"line":102,"column":10},"end":{"line":102,"column":28}},{"start":{"line":102,"column":32},"end":{"line":102,"column":48}}]},"13":{"line":103,"type":"if","locations":[{"start":{"line":103,"column":8},"end":{"line":103,"column":8}},{"start":{"line":103,"column":8},"end":{"line":103,"column":8}}]},"14":{"line":105,"type":"if","locations":[{"start":{"line":105,"column":15},"end":{"line":105,"column":15}},{"start":{"line":105,"column":15},"end":{"line":105,"column":15}}]},"15":{"line":152,"type":"cond-expr","locations":[{"start":{"line":152,"column":36},"end":{"line":152,"column":42}},{"start":{"line":152,"column":45},"end":{"line":152,"column":51}}]}}},"/root/remotestorage.js/src/eventhandling.js":{"path":"/root/remotestorage.js/src/eventhandling.js","s":{"1":2,"2":2,"3":2,"4":341,"5":0,"6":341,"7":0,"8":341,"9":341,"10":341,"11":3,"12":3,"13":3,"14":3,"15":3,"16":3,"17":882,"18":882,"19":882,"20":203,"21":1226,"22":0,"23":0,"24":0,"25":1566,"26":2,"27":2,"28":486,"29":486,"30":3402,"31":486,"32":486,"33":1566},"b":{"1":[0,341],"2":[0,341],"3":[3,0],"4":[0,1226],"5":[0,2]},"f":{"1":2,"2":2,"3":341,"4":3,"5":882,"6":203,"7":1226,"8":0,"9":0,"10":1566,"11":486,"12":1566},"fnMap":{"1":{"name":"(anonymous_1)","line":1,"loc":{"start":{"line":1,"column":1},"end":{"line":1,"column":39}}},"2":{"name":"(anonymous_2)","line":1,"loc":{"start":{"line":1,"column":42},"end":{"line":1,"column":59}}},"3":{"name":"(anonymous_3)","line":11,"loc":{"start":{"line":11,"column":22},"end":{"line":11,"column":51}}},"4":{"name":"(anonymous_4)","line":28,"loc":{"start":{"line":28,"column":25},"end":{"line":28,"column":54}}},"5":{"name":"(anonymous_5)","line":39,"loc":{"start":{"line":39,"column":11},"end":{"line":39,"column":31}}},"6":{"name":"(anonymous_6)","line":42,"loc":{"start":{"line":42,"column":40},"end":{"line":42,"column":58}}},"7":{"name":"(anonymous_7)","line":47,"loc":{"start":{"line":47,"column":20},"end":{"line":47,"column":40}}},"8":{"name":"(anonymous_8)","line":53,"loc":{"start":{"line":53,"column":20},"end":{"line":53,"column":48}}},"9":{"name":"(anonymous_9)","line":54,"loc":{"start":{"line":54,"column":27},"end":{"line":54,"column":43}}},"10":{"name":"(anonymous_10)","line":59,"loc":{"start":{"line":59,"column":15},"end":{"line":59,"column":35}}},"11":{"name":"(anonymous_11)","line":98,"loc":{"start":{"line":98,"column":32},"end":{"line":98,"column":49}}},"12":{"name":"(anonymous_12)","line":104,"loc":{"start":{"line":104,"column":23},"end":{"line":104,"column":43}}}},"statementMap":{"1":{"start":{"line":1,"column":0},"end":{"line":110,"column":73}},"2":{"start":{"line":1,"column":41},"end":{"line":108,"column":53}},"3":{"start":{"line":5,"column":2},"end":{"line":62,"column":4}},"4":{"start":{"line":12,"column":6},"end":{"line":14,"column":7}},"5":{"start":{"line":13,"column":8},"end":{"line":13,"column":65}},"6":{"start":{"line":15,"column":6},"end":{"line":17,"column":7}},"7":{"start":{"line":16,"column":8},"end":{"line":16,"column":65}},"8":{"start":{"line":18,"column":6},"end":{"line":18,"column":85}},"9":{"start":{"line":19,"column":6},"end":{"line":19,"column":37}},"10":{"start":{"line":20,"column":6},"end":{"line":20,"column":46}},"11":{"start":{"line":29,"column":6},"end":{"line":29,"column":37}},"12":{"start":{"line":30,"column":6},"end":{"line":30,"column":48}},"13":{"start":{"line":31,"column":6},"end":{"line":36,"column":7}},"14":{"start":{"line":32,"column":8},"end":{"line":35,"column":9}},"15":{"start":{"line":33,"column":10},"end":{"line":33,"column":49}},"16":{"start":{"line":34,"column":10},"end":{"line":34,"column":17}},"17":{"start":{"line":40,"column":6},"end":{"line":40,"column":37}},"18":{"start":{"line":41,"column":6},"end":{"line":41,"column":58}},"19":{"start":{"line":42,"column":6},"end":{"line":44,"column":9}},"20":{"start":{"line":43,"column":8},"end":{"line":43,"column":34}},"21":{"start":{"line":48,"column":6},"end":{"line":50,"column":7}},"22":{"start":{"line":49,"column":8},"end":{"line":49,"column":55}},"23":{"start":{"line":54,"column":6},"end":{"line":56,"column":20}},"24":{"start":{"line":55,"column":8},"end":{"line":55,"column":37}},"25":{"start":{"line":60,"column":6},"end":{"line":60,"column":37}},"26":{"start":{"line":69,"column":2},"end":{"line":69,"column":40}},"27":{"start":{"line":98,"column":2},"end":{"line":107,"column":4}},"28":{"start":{"line":99,"column":4},"end":{"line":99,"column":62}},"29":{"start":{"line":100,"column":4},"end":{"line":102,"column":5}},"30":{"start":{"line":101,"column":6},"end":{"line":101,"column":33}},"31":{"start":{"line":103,"column":4},"end":{"line":103,"column":26}},"32":{"start":{"line":104,"column":4},"end":{"line":106,"column":7}},"33":{"start":{"line":105,"column":6},"end":{"line":105,"column":34}}},"branchMap":{"1":{"line":12,"type":"if","locations":[{"start":{"line":12,"column":6},"end":{"line":12,"column":6}},{"start":{"line":12,"column":6},"end":{"line":12,"column":6}}]},"2":{"line":15,"type":"if","locations":[{"start":{"line":15,"column":6},"end":{"line":15,"column":6}},{"start":{"line":15,"column":6},"end":{"line":15,"column":6}}]},"3":{"line":32,"type":"if","locations":[{"start":{"line":32,"column":8},"end":{"line":32,"column":8}},{"start":{"line":32,"column":8},"end":{"line":32,"column":8}}]},"4":{"line":48,"type":"if","locations":[{"start":{"line":48,"column":6},"end":{"line":48,"column":6}},{"start":{"line":48,"column":6},"end":{"line":48,"column":6}}]},"5":{"line":108,"type":"cond-expr","locations":[{"start":{"line":108,"column":36},"end":{"line":108,"column":42}},{"start":{"line":108,"column":45},"end":{"line":108,"column":51}}]}}},"/root/remotestorage.js/src/authorize.js":{"path":"/root/remotestorage.js/src/authorize.js","s":{"1":2,"2":2,"3":1,"4":8,"5":8,"6":1,"7":7,"8":7,"9":0,"10":7,"11":8,"12":8,"13":8,"14":2,"15":0,"16":0,"17":0,"18":2,"19":1,"20":1,"21":1,"22":1,"23":1,"24":1,"25":1,"26":1,"27":1,"28":1,"29":2,"30":2,"31":0,"32":0,"33":0,"34":0,"35":0,"36":2,"37":18,"38":2,"39":14,"40":3,"41":11,"42":11,"43":0,"44":2,"45":0,"46":2,"47":0,"48":2,"49":2,"50":8,"51":5,"52":5,"53":5,"54":0,"55":5,"56":2,"57":2,"58":5,"59":1,"60":1,"61":5,"62":1,"63":5,"64":2,"65":8,"66":8,"67":7,"68":7,"69":8,"70":2,"71":1},"b":{"1":[1,7],"2":[0,7],"3":[0,1],"4":[1,0],"5":[3,11],"6":[11,0],"7":[5,0],"8":[0,5],"9":[2,3],"10":[1,4],"11":[1,4],"12":[2,3],"13":[7,1],"14":[0,2]},"f":{"1":2,"2":2,"3":8,"4":8,"5":0,"6":1,"7":0,"8":18,"9":14,"10":0,"11":0,"12":8,"13":5,"14":1},"fnMap":{"1":{"name":"(anonymous_1)","line":1,"loc":{"start":{"line":1,"column":1},"end":{"line":1,"column":39}}},"2":{"name":"(anonymous_2)","line":1,"loc":{"start":{"line":1,"column":42},"end":{"line":1,"column":59}}},"3":{"name":"extractParams","line":3,"loc":{"start":{"line":3,"column":2},"end":{"line":3,"column":27}}},"4":{"name":"(anonymous_4)","line":12,"loc":{"start":{"line":12,"column":34},"end":{"line":12,"column":51}}},"5":{"name":"(anonymous_5)","line":19,"loc":{"start":{"line":19,"column":30},"end":{"line":19,"column":64}}},"6":{"name":"(anonymous_6)","line":26,"loc":{"start":{"line":26,"column":28},"end":{"line":26,"column":76}}},"7":{"name":"(anonymous_7)","line":43,"loc":{"start":{"line":43,"column":38},"end":{"line":43,"column":56}}},"8":{"name":"(anonymous_8)","line":58,"loc":{"start":{"line":58,"column":40},"end":{"line":58,"column":52}}},"9":{"name":"(anonymous_9)","line":67,"loc":{"start":{"line":67,"column":40},"end":{"line":67,"column":60}}},"10":{"name":"(anonymous_10)","line":77,"loc":{"start":{"line":77,"column":40},"end":{"line":77,"column":51}}},"11":{"name":"(anonymous_11)","line":81,"loc":{"start":{"line":81,"column":42},"end":{"line":81,"column":66}}},"12":{"name":"(anonymous_12)","line":86,"loc":{"start":{"line":86,"column":37},"end":{"line":86,"column":61}}},"13":{"name":"(anonymous_13)","line":88,"loc":{"start":{"line":88,"column":23},"end":{"line":88,"column":35}}},"14":{"name":"(anonymous_14)","line":119,"loc":{"start":{"line":119,"column":40},"end":{"line":119,"column":64}}}},"statementMap":{"1":{"start":{"line":1,"column":0},"end":{"line":125,"column":73}},"2":{"start":{"line":1,"column":41},"end":{"line":123,"column":53}},"3":{"start":{"line":3,"column":2},"end":{"line":17,"column":3}},"4":{"start":{"line":5,"column":4},"end":{"line":7,"column":13}},"5":{"start":{"line":8,"column":4},"end":{"line":8,"column":35}},"6":{"start":{"line":8,"column":26},"end":{"line":8,"column":33}},"7":{"start":{"line":9,"column":4},"end":{"line":9,"column":46}},"8":{"start":{"line":11,"column":4},"end":{"line":11,"column":45}},"9":{"start":{"line":11,"column":36},"end":{"line":11,"column":43}},"10":{"start":{"line":12,"column":4},"end":{"line":16,"column":11}},"11":{"start":{"line":13,"column":6},"end":{"line":13,"column":30}},"12":{"start":{"line":14,"column":6},"end":{"line":14,"column":63}},"13":{"start":{"line":15,"column":6},"end":{"line":15,"column":15}},"14":{"start":{"line":19,"column":2},"end":{"line":24,"column":4}},"15":{"start":{"line":20,"column":4},"end":{"line":20,"column":132}},"16":{"start":{"line":22,"column":4},"end":{"line":22,"column":112}},"17":{"start":{"line":23,"column":4},"end":{"line":23,"column":36}},"18":{"start":{"line":26,"column":2},"end":{"line":39,"column":4}},"19":{"start":{"line":27,"column":4},"end":{"line":27,"column":132}},"20":{"start":{"line":29,"column":4},"end":{"line":29,"column":58}},"21":{"start":{"line":30,"column":4},"end":{"line":30,"column":48}},"22":{"start":{"line":31,"column":4},"end":{"line":31,"column":81}},"23":{"start":{"line":32,"column":4},"end":{"line":32,"column":49}},"24":{"start":{"line":33,"column":4},"end":{"line":33,"column":56}},"25":{"start":{"line":34,"column":4},"end":{"line":36,"column":5}},"26":{"start":{"line":35,"column":6},"end":{"line":35,"column":78}},"27":{"start":{"line":37,"column":4},"end":{"line":37,"column":34}},"28":{"start":{"line":38,"column":4},"end":{"line":38,"column":45}},"29":{"start":{"line":41,"column":2},"end":{"line":41,"column":53}},"30":{"start":{"line":43,"column":2},"end":{"line":51,"column":4}},"31":{"start":{"line":44,"column":4},"end":{"line":44,"column":56}},"32":{"start":{"line":45,"column":4},"end":{"line":45,"column":43}},"33":{"start":{"line":47,"column":4},"end":{"line":47,"column":68}},"34":{"start":{"line":48,"column":4},"end":{"line":48,"column":64}},"35":{"start":{"line":50,"column":4},"end":{"line":50,"column":67}},"36":{"start":{"line":58,"column":2},"end":{"line":60,"column":4}},"37":{"start":{"line":59,"column":4},"end":{"line":59,"column":36}},"38":{"start":{"line":67,"column":2},"end":{"line":75,"column":4}},"39":{"start":{"line":68,"column":4},"end":{"line":74,"column":5}},"40":{"start":{"line":69,"column":6},"end":{"line":69,"column":47}},"41":{"start":{"line":70,"column":11},"end":{"line":74,"column":5}},"42":{"start":{"line":71,"column":6},"end":{"line":71,"column":42}},"43":{"start":{"line":73,"column":6},"end":{"line":73,"column":43}},"44":{"start":{"line":77,"column":2},"end":{"line":79,"column":4}},"45":{"start":{"line":78,"column":4},"end":{"line":78,"column":81}},"46":{"start":{"line":81,"column":2},"end":{"line":83,"column":4}},"47":{"start":{"line":82,"column":4},"end":{"line":82,"column":44}},"48":{"start":{"line":85,"column":2},"end":{"line":85,"column":23}},"49":{"start":{"line":86,"column":2},"end":{"line":117,"column":4}},"50":{"start":{"line":88,"column":4},"end":{"line":109,"column":6}},"51":{"start":{"line":89,"column":6},"end":{"line":89,"column":33}},"52":{"start":{"line":90,"column":6},"end":{"line":105,"column":7}},"53":{"start":{"line":91,"column":8},"end":{"line":93,"column":9}},"54":{"start":{"line":92,"column":10},"end":{"line":92,"column":64}},"55":{"start":{"line":94,"column":8},"end":{"line":97,"column":9}},"56":{"start":{"line":95,"column":10},"end":{"line":95,"column":95}},"57":{"start":{"line":96,"column":10},"end":{"line":96,"column":32}},"58":{"start":{"line":98,"column":8},"end":{"line":101,"column":9}},"59":{"start":{"line":99,"column":10},"end":{"line":99,"column":54}},"60":{"start":{"line":100,"column":10},"end":{"line":100,"column":32}},"61":{"start":{"line":102,"column":8},"end":{"line":104,"column":9}},"62":{"start":{"line":103,"column":10},"end":{"line":103,"column":64}},"63":{"start":{"line":106,"column":6},"end":{"line":108,"column":7}},"64":{"start":{"line":107,"column":8},"end":{"line":107,"column":51}},"65":{"start":{"line":110,"column":4},"end":{"line":111,"column":17}},"66":{"start":{"line":112,"column":4},"end":{"line":115,"column":5}},"67":{"start":{"line":113,"column":6},"end":{"line":113,"column":55}},"68":{"start":{"line":114,"column":6},"end":{"line":114,"column":25}},"69":{"start":{"line":116,"column":4},"end":{"line":116,"column":58}},"70":{"start":{"line":119,"column":2},"end":{"line":121,"column":4}},"71":{"start":{"line":120,"column":4},"end":{"line":120,"column":75}}},"branchMap":{"1":{"line":8,"type":"if","locations":[{"start":{"line":8,"column":4},"end":{"line":8,"column":4}},{"start":{"line":8,"column":4},"end":{"line":8,"column":4}}]},"2":{"line":11,"type":"if","locations":[{"start":{"line":11,"column":4},"end":{"line":11,"column":4}},{"start":{"line":11,"column":4},"end":{"line":11,"column":4}}]},"3":{"line":30,"type":"cond-expr","locations":[{"start":{"line":30,"column":38},"end":{"line":30,"column":41}},{"start":{"line":30,"column":44},"end":{"line":30,"column":47}}]},"4":{"line":34,"type":"if","locations":[{"start":{"line":34,"column":4},"end":{"line":34,"column":4}},{"start":{"line":34,"column":4},"end":{"line":34,"column":4}}]},"5":{"line":68,"type":"if","locations":[{"start":{"line":68,"column":4},"end":{"line":68,"column":4}},{"start":{"line":68,"column":4},"end":{"line":68,"column":4}}]},"6":{"line":70,"type":"if","locations":[{"start":{"line":70,"column":11},"end":{"line":70,"column":11}},{"start":{"line":70,"column":11},"end":{"line":70,"column":11}}]},"7":{"line":90,"type":"if","locations":[{"start":{"line":90,"column":6},"end":{"line":90,"column":6}},{"start":{"line":90,"column":6},"end":{"line":90,"column":6}}]},"8":{"line":91,"type":"if","locations":[{"start":{"line":91,"column":8},"end":{"line":91,"column":8}},{"start":{"line":91,"column":8},"end":{"line":91,"column":8}}]},"9":{"line":94,"type":"if","locations":[{"start":{"line":94,"column":8},"end":{"line":94,"column":8}},{"start":{"line":94,"column":8},"end":{"line":94,"column":8}}]},"10":{"line":98,"type":"if","locations":[{"start":{"line":98,"column":8},"end":{"line":98,"column":8}},{"start":{"line":98,"column":8},"end":{"line":98,"column":8}}]},"11":{"line":102,"type":"if","locations":[{"start":{"line":102,"column":8},"end":{"line":102,"column":8}},{"start":{"line":102,"column":8},"end":{"line":102,"column":8}}]},"12":{"line":106,"type":"if","locations":[{"start":{"line":106,"column":6},"end":{"line":106,"column":6}},{"start":{"line":106,"column":6},"end":{"line":106,"column":6}}]},"13":{"line":112,"type":"if","locations":[{"start":{"line":112,"column":4},"end":{"line":112,"column":4}},{"start":{"line":112,"column":4},"end":{"line":112,"column":4}}]},"14":{"line":123,"type":"cond-expr","locations":[{"start":{"line":123,"column":36},"end":{"line":123,"column":42}},{"start":{"line":123,"column":45},"end":{"line":123,"column":51}}]}}},"/root/remotestorage.js/src/wireclient.js":{"path":"/root/remotestorage.js/src/wireclient.js","s":{"1":2,"2":2,"3":2,"4":2,"5":2,"6":2,"7":2,"8":2,"9":2,"10":0,"11":0,"12":2,"13":2,"14":15,"15":120,"16":0,"17":15,"18":1,"19":1,"20":0,"21":1,"22":0,"23":1,"24":1,"25":7,"26":3,"27":4,"28":1,"29":4,"30":4,"31":4,"32":4,"33":4,"34":1,"35":71,"36":1,"37":107,"38":1,"39":3,"40":1,"41":16,"42":1,"43":19,"44":2,"45":2,"46":105,"47":105,"48":105,"49":2,"50":2,"51":105,"52":105,"53":0,"54":0,"55":0,"56":0,"57":0,"58":0,"59":105,"60":105,"61":0,"62":2,"63":2,"64":42,"65":0,"66":42,"67":42,"68":42,"69":42,"70":42,"71":42,"72":42,"73":42,"74":38,"75":19,"76":19,"77":19,"78":19,"79":19,"80":19,"81":3,"82":3,"83":0,"84":3,"85":3,"86":16,"87":7,"88":7,"89":7,"90":9,"91":9,"92":9,"93":0,"94":9,"95":9,"96":3,"97":3,"98":3,"99":6,"100":3,"101":3,"102":6,"103":6,"104":42,"105":72,"106":2,"107":72,"108":54,"109":72,"110":15,"111":72,"112":55,"113":72,"114":15,"115":15,"116":72,"117":64,"118":64,"119":64,"120":8,"121":72,"122":0,"123":72,"124":0,"125":1,"126":1,"127":28,"128":1,"129":27,"130":24,"131":27,"132":27,"133":2,"134":1,"135":25,"136":2,"137":27,"138":27,"139":7,"140":4,"141":4,"142":3,"143":0,"144":3,"145":2,"146":2,"147":2,"148":1,"149":2,"150":2,"151":3,"152":1,"153":20,"154":10,"155":1,"156":9,"157":7,"158":9,"159":9,"160":9,"161":9,"162":6,"163":0,"164":6,"165":0,"166":9,"167":7,"168":1,"169":6,"170":2,"171":6,"172":6,"173":1,"174":0,"175":6,"176":2,"177":2,"178":2,"179":2,"180":70,"181":70,"182":70,"183":70,"184":19,"185":19,"186":70,"187":70,"188":70,"189":0,"190":70,"191":70,"192":79,"193":70,"194":37,"195":0,"196":37,"197":37,"198":70,"199":6,"200":0,"201":6,"202":6,"203":70,"204":70,"205":1,"206":1,"207":0,"208":1,"209":70,"210":2,"211":5,"212":4,"213":4,"214":2,"215":2,"216":1,"217":1,"218":1,"219":2,"220":0,"221":2,"222":1,"223":0,"224":1},"b":{"1":[0,2],"2":[0,0],"3":[0,120],"4":[0,1],"5":[0,1],"6":[3,4],"7":[3,2],"8":[2,0],"9":[0,105],"10":[0,0],"11":[0,105],"12":[0,42],"13":[42,33,15],"14":[42,0],"15":[19,19],"16":[3,16],"17":[0,3],"18":[7,9],"19":[16,14,14],"20":[0,9],"21":[9,0],"22":[3,6],"23":[9,8],"24":[3,3],"25":[6,6],"26":[2,70],"27":[54,18],"28":[15,57],"29":[55,17],"30":[15,57],"31":[15,0],"32":[64,8],"33":[72,66],"34":[0,72],"35":[1,0],"36":[1,27],"37":[24,3],"38":[2,25],"39":[1,1],"40":[2,23],"41":[7,20],"42":[3,1],"43":[4,3],"44":[0,3],"45":[2,1],"46":[1,9],"47":[7,2],"48":[9,0],"49":[0,9],"50":[9,9],"51":[6,3],"52":[0,6],"53":[0,6],"54":[1,6],"55":[2,4],"56":[1,5],"57":[0,1],"58":[0,70],"59":[70,0],"60":[0,37],"61":[0,6],"62":[1,69],"63":[0,1],"64":[0,1],"65":[4,1],"66":[3,1],"67":[0,1],"68":[0,2]},"f":{"1":2,"2":2,"3":0,"4":15,"5":1,"6":7,"7":4,"8":4,"9":71,"10":107,"11":3,"12":16,"13":19,"14":105,"15":2,"16":0,"17":42,"18":38,"19":3,"20":72,"21":0,"22":1,"23":28,"24":4,"25":2,"26":10,"27":7,"28":70,"29":19,"30":37,"31":6,"32":5,"33":1,"34":0,"35":1},"fnMap":{"1":{"name":"(anonymous_1)","line":1,"loc":{"start":{"line":1,"column":1},"end":{"line":1,"column":39}}},"2":{"name":"(anonymous_2)","line":1,"loc":{"start":{"line":1,"column":42},"end":{"line":1,"column":59}}},"3":{"name":"(anonymous_3)","line":57,"loc":{"start":{"line":57,"column":24},"end":{"line":57,"column":41}}},"4":{"name":"(anonymous_4)","line":63,"loc":{"start":{"line":63,"column":24},"end":{"line":63,"column":41}}},"5":{"name":"addQuotes","line":73,"loc":{"start":{"line":73,"column":2},"end":{"line":73,"column":26}}},"6":{"name":"stripQuotes","line":84,"loc":{"start":{"line":84,"column":2},"end":{"line":84,"column":28}}},"7":{"name":"readBinaryData","line":92,"loc":{"start":{"line":92,"column":2},"end":{"line":92,"column":55}}},"8":{"name":"(anonymous_8)","line":95,"loc":{"start":{"line":95,"column":39},"end":{"line":95,"column":50}}},"9":{"name":"cleanPath","line":101,"loc":{"start":{"line":101,"column":2},"end":{"line":101,"column":27}}},"10":{"name":"isFolder","line":105,"loc":{"start":{"line":105,"column":2},"end":{"line":105,"column":26}}},"11":{"name":"isFolderDescription","line":109,"loc":{"start":{"line":109,"column":2},"end":{"line":109,"column":37}}},"12":{"name":"isSuccessStatus","line":114,"loc":{"start":{"line":114,"column":2},"end":{"line":114,"column":35}}},"13":{"name":"isErrorStatus","line":118,"loc":{"start":{"line":118,"column":2},"end":{"line":118,"column":33}}},"14":{"name":"(anonymous_14)","line":127,"loc":{"start":{"line":127,"column":18},"end":{"line":127,"column":31}}},"15":{"name":"(anonymous_15)","line":140,"loc":{"start":{"line":140,"column":16},"end":{"line":140,"column":31}}},"16":{"name":"(anonymous_16)","line":150,"loc":{"start":{"line":150,"column":19},"end":{"line":150,"column":30}}},"17":{"name":"(anonymous_17)","line":202,"loc":{"start":{"line":202,"column":14},"end":{"line":202,"column":81}}},"18":{"name":"(anonymous_18)","line":224,"loc":{"start":{"line":224,"column":9},"end":{"line":224,"column":35}}},"19":{"name":"(anonymous_19)","line":263,"loc":{"start":{"line":263,"column":72},"end":{"line":263,"column":89}}},"20":{"name":"(anonymous_20)","line":282,"loc":{"start":{"line":282,"column":15},"end":{"line":282,"column":62}}},"21":{"name":"(anonymous_21)","line":314,"loc":{"start":{"line":314,"column":43},"end":{"line":314,"column":58}}},"22":{"name":"(anonymous_22)","line":319,"loc":{"start":{"line":319,"column":25},"end":{"line":319,"column":36}}},"23":{"name":"(anonymous_23)","line":325,"loc":{"start":{"line":325,"column":9},"end":{"line":325,"column":33}}},"24":{"name":"(anonymous_24)","line":341,"loc":{"start":{"line":341,"column":28},"end":{"line":341,"column":74}}},"25":{"name":"(anonymous_25)","line":359,"loc":{"start":{"line":359,"column":40},"end":{"line":359,"column":53}}},"26":{"name":"(anonymous_26)","line":374,"loc":{"start":{"line":374,"column":9},"end":{"line":374,"column":52}}},"27":{"name":"(anonymous_27)","line":395,"loc":{"start":{"line":395,"column":14},"end":{"line":395,"column":38}}},"28":{"name":"(anonymous_28)","line":421,"loc":{"start":{"line":421,"column":26},"end":{"line":421,"column":67}}},"29":{"name":"(anonymous_29)","line":428,"loc":{"start":{"line":428,"column":27},"end":{"line":428,"column":38}}},"30":{"name":"(anonymous_30)","line":445,"loc":{"start":{"line":445,"column":17},"end":{"line":445,"column":28}}},"31":{"name":"(anonymous_31)","line":451,"loc":{"start":{"line":451,"column":18},"end":{"line":451,"column":34}}},"32":{"name":"(anonymous_32)","line":474,"loc":{"start":{"line":474,"column":9},"end":{"line":474,"column":20}}},"33":{"name":"(anonymous_33)","line":484,"loc":{"start":{"line":484,"column":27},"end":{"line":484,"column":51}}},"34":{"name":"(anonymous_34)","line":490,"loc":{"start":{"line":490,"column":32},"end":{"line":490,"column":43}}},"35":{"name":"(anonymous_35)","line":494,"loc":{"start":{"line":494,"column":30},"end":{"line":494,"column":53}}}},"statementMap":{"1":{"start":{"line":1,"column":0},"end":{"line":503,"column":73}},"2":{"start":{"line":1,"column":41},"end":{"line":501,"column":53}},"3":{"start":{"line":2,"column":2},"end":{"line":2,"column":25}},"4":{"start":{"line":42,"column":2},"end":{"line":42,"column":22}},"5":{"start":{"line":43,"column":2},"end":{"line":43,"column":48}},"6":{"start":{"line":45,"column":2},"end":{"line":45,"column":69}},"7":{"start":{"line":47,"column":2},"end":{"line":52,"column":4}},"8":{"start":{"line":54,"column":2},"end":{"line":54,"column":24}},"9":{"start":{"line":56,"column":2},"end":{"line":71,"column":3}},"10":{"start":{"line":57,"column":4},"end":{"line":57,"column":99}},"11":{"start":{"line":57,"column":43},"end":{"line":57,"column":96}},"12":{"start":{"line":59,"column":4},"end":{"line":62,"column":6}},"13":{"start":{"line":63,"column":4},"end":{"line":70,"column":6}},"14":{"start":{"line":64,"column":6},"end":{"line":68,"column":7}},"15":{"start":{"line":65,"column":8},"end":{"line":67,"column":9}},"16":{"start":{"line":66,"column":10},"end":{"line":66,"column":22}},"17":{"start":{"line":69,"column":6},"end":{"line":69,"column":19}},"18":{"start":{"line":73,"column":2},"end":{"line":82,"column":3}},"19":{"start":{"line":74,"column":4},"end":{"line":76,"column":5}},"20":{"start":{"line":75,"column":6},"end":{"line":75,"column":17}},"21":{"start":{"line":77,"column":4},"end":{"line":79,"column":5}},"22":{"start":{"line":78,"column":6},"end":{"line":78,"column":17}},"23":{"start":{"line":81,"column":4},"end":{"line":81,"column":27}},"24":{"start":{"line":84,"column":2},"end":{"line":90,"column":3}},"25":{"start":{"line":85,"column":4},"end":{"line":87,"column":5}},"26":{"start":{"line":86,"column":6},"end":{"line":86,"column":17}},"27":{"start":{"line":89,"column":4},"end":{"line":89,"column":43}},"28":{"start":{"line":92,"column":2},"end":{"line":99,"column":3}},"29":{"start":{"line":93,"column":4},"end":{"line":93,"column":55}},"30":{"start":{"line":94,"column":4},"end":{"line":94,"column":34}},"31":{"start":{"line":95,"column":4},"end":{"line":97,"column":7}},"32":{"start":{"line":96,"column":6},"end":{"line":96,"column":30}},"33":{"start":{"line":98,"column":4},"end":{"line":98,"column":35}},"34":{"start":{"line":101,"column":2},"end":{"line":103,"column":3}},"35":{"start":{"line":102,"column":4},"end":{"line":102,"column":82}},"36":{"start":{"line":105,"column":2},"end":{"line":107,"column":3}},"37":{"start":{"line":106,"column":4},"end":{"line":106,"column":37}},"38":{"start":{"line":109,"column":2},"end":{"line":112,"column":3}},"39":{"start":{"line":110,"column":4},"end":{"line":111,"column":54}},"40":{"start":{"line":114,"column":2},"end":{"line":116,"column":3}},"41":{"start":{"line":115,"column":4},"end":{"line":115,"column":48}},"42":{"start":{"line":118,"column":2},"end":{"line":120,"column":3}},"43":{"start":{"line":119,"column":4},"end":{"line":119,"column":53}},"44":{"start":{"line":122,"column":2},"end":{"line":122,"column":16}},"45":{"start":{"line":127,"column":2},"end":{"line":161,"column":4}},"46":{"start":{"line":128,"column":4},"end":{"line":128,"column":27}},"47":{"start":{"line":138,"column":4},"end":{"line":138,"column":93}},"48":{"start":{"line":140,"column":4},"end":{"line":144,"column":17}},"49":{"start":{"line":141,"column":6},"end":{"line":143,"column":7}},"50":{"start":{"line":142,"column":8},"end":{"line":142,"column":62}},"51":{"start":{"line":145,"column":4},"end":{"line":145,"column":30}},"52":{"start":{"line":146,"column":4},"end":{"line":154,"column":5}},"53":{"start":{"line":147,"column":6},"end":{"line":147,"column":19}},"54":{"start":{"line":148,"column":6},"end":{"line":148,"column":76}},"55":{"start":{"line":148,"column":12},"end":{"line":148,"column":62}},"56":{"start":{"line":149,"column":6},"end":{"line":153,"column":7}},"57":{"start":{"line":150,"column":8},"end":{"line":152,"column":25}},"58":{"start":{"line":151,"column":10},"end":{"line":151,"column":99}},"59":{"start":{"line":156,"column":4},"end":{"line":156,"column":29}},"60":{"start":{"line":158,"column":4},"end":{"line":160,"column":5}},"61":{"start":{"line":159,"column":6},"end":{"line":159,"column":56}},"62":{"start":{"line":163,"column":2},"end":{"line":163,"column":40}},"63":{"start":{"line":165,"column":2},"end":{"line":410,"column":4}},"64":{"start":{"line":203,"column":6},"end":{"line":205,"column":7}},"65":{"start":{"line":204,"column":8},"end":{"line":204,"column":53}},"66":{"start":{"line":207,"column":6},"end":{"line":207,"column":32}},"67":{"start":{"line":208,"column":6},"end":{"line":208,"column":19}},"68":{"start":{"line":209,"column":6},"end":{"line":209,"column":18}},"69":{"start":{"line":210,"column":6},"end":{"line":210,"column":22}},"70":{"start":{"line":212,"column":6},"end":{"line":214,"column":7}},"71":{"start":{"line":213,"column":8},"end":{"line":213,"column":53}},"72":{"start":{"line":216,"column":6},"end":{"line":219,"column":9}},"73":{"start":{"line":221,"column":6},"end":{"line":278,"column":9}},"74":{"start":{"line":225,"column":8},"end":{"line":277,"column":9}},"75":{"start":{"line":226,"column":10},"end":{"line":230,"column":13}},"76":{"start":{"line":231,"column":10},"end":{"line":231,"column":30}},"77":{"start":{"line":232,"column":10},"end":{"line":232,"column":32}},"78":{"start":{"line":234,"column":10},"end":{"line":238,"column":13}},"79":{"start":{"line":239,"column":10},"end":{"line":239,"column":29}},"80":{"start":{"line":240,"column":10},"end":{"line":276,"column":11}},"81":{"start":{"line":241,"column":12},"end":{"line":241,"column":85}},"82":{"start":{"line":242,"column":12},"end":{"line":246,"column":13}},"83":{"start":{"line":243,"column":14},"end":{"line":243,"column":73}},"84":{"start":{"line":245,"column":14},"end":{"line":245,"column":35}},"85":{"start":{"line":247,"column":12},"end":{"line":247,"column":77}},"86":{"start":{"line":248,"column":17},"end":{"line":276,"column":11}},"87":{"start":{"line":250,"column":12},"end":{"line":250,"column":71}},"88":{"start":{"line":251,"column":12},"end":{"line":251,"column":75}},"89":{"start":{"line":252,"column":12},"end":{"line":252,"column":77}},"90":{"start":{"line":254,"column":12},"end":{"line":254,"column":70}},"91":{"start":{"line":255,"column":12},"end":{"line":255,"column":21}},"92":{"start":{"line":256,"column":12},"end":{"line":260,"column":13}},"93":{"start":{"line":257,"column":14},"end":{"line":257,"column":73}},"94":{"start":{"line":259,"column":14},"end":{"line":259,"column":76}},"95":{"start":{"line":262,"column":12},"end":{"line":275,"column":13}},"96":{"start":{"line":263,"column":14},"end":{"line":266,"column":17}},"97":{"start":{"line":264,"column":16},"end":{"line":264,"column":112}},"98":{"start":{"line":265,"column":16},"end":{"line":265,"column":77}},"99":{"start":{"line":268,"column":14},"end":{"line":272,"column":15}},"100":{"start":{"line":269,"column":16},"end":{"line":269,"column":57}},"101":{"start":{"line":271,"column":16},"end":{"line":271,"column":45}},"102":{"start":{"line":273,"column":14},"end":{"line":273,"column":77}},"103":{"start":{"line":274,"column":14},"end":{"line":274,"column":73}},"104":{"start":{"line":279,"column":6},"end":{"line":279,"column":21}},"105":{"start":{"line":283,"column":6},"end":{"line":285,"column":7}},"106":{"start":{"line":284,"column":8},"end":{"line":284,"column":39}},"107":{"start":{"line":286,"column":6},"end":{"line":288,"column":7}},"108":{"start":{"line":287,"column":8},"end":{"line":287,"column":25}},"109":{"start":{"line":289,"column":6},"end":{"line":291,"column":7}},"110":{"start":{"line":290,"column":8},"end":{"line":290,"column":37}},"111":{"start":{"line":292,"column":6},"end":{"line":294,"column":7}},"112":{"start":{"line":293,"column":8},"end":{"line":293,"column":27}},"113":{"start":{"line":295,"column":6},"end":{"line":298,"column":7}},"114":{"start":{"line":296,"column":8},"end":{"line":296,"column":69}},"115":{"start":{"line":297,"column":8},"end":{"line":297,"column":55}},"116":{"start":{"line":299,"column":6},"end":{"line":305,"column":7}},"117":{"start":{"line":300,"column":8},"end":{"line":300,"column":30}},"118":{"start":{"line":301,"column":8},"end":{"line":301,"column":27}},"119":{"start":{"line":302,"column":8},"end":{"line":302,"column":32}},"120":{"start":{"line":304,"column":8},"end":{"line":304,"column":31}},"121":{"start":{"line":306,"column":6},"end":{"line":313,"column":7}},"122":{"start":{"line":307,"column":8},"end":{"line":312,"column":11}},"123":{"start":{"line":314,"column":6},"end":{"line":316,"column":20}},"124":{"start":{"line":315,"column":8},"end":{"line":315,"column":24}},"125":{"start":{"line":320,"column":6},"end":{"line":322,"column":7}},"126":{"start":{"line":321,"column":8},"end":{"line":321,"column":36}},"127":{"start":{"line":326,"column":6},"end":{"line":328,"column":7}},"128":{"start":{"line":327,"column":8},"end":{"line":327,"column":62}},"129":{"start":{"line":329,"column":6},"end":{"line":329,"column":37}},"130":{"start":{"line":329,"column":22},"end":{"line":329,"column":35}},"131":{"start":{"line":330,"column":6},"end":{"line":330,"column":23}},"132":{"start":{"line":331,"column":6},"end":{"line":337,"column":7}},"133":{"start":{"line":332,"column":8},"end":{"line":334,"column":9}},"134":{"start":{"line":333,"column":10},"end":{"line":333,"column":68}},"135":{"start":{"line":335,"column":13},"end":{"line":337,"column":7}},"136":{"start":{"line":336,"column":8},"end":{"line":336,"column":47}},"137":{"start":{"line":338,"column":6},"end":{"line":339,"column":85}},"138":{"start":{"line":340,"column":6},"end":{"line":371,"column":7}},"139":{"start":{"line":341,"column":8},"end":{"line":368,"column":22}},"140":{"start":{"line":342,"column":10},"end":{"line":342,"column":28}},"141":{"start":{"line":345,"column":10},"end":{"line":367,"column":11}},"142":{"start":{"line":347,"column":12},"end":{"line":363,"column":13}},"143":{"start":{"line":348,"column":14},"end":{"line":348,"column":27}},"144":{"start":{"line":351,"column":17},"end":{"line":363,"column":13}},"145":{"start":{"line":352,"column":14},"end":{"line":354,"column":15}},"146":{"start":{"line":353,"column":16},"end":{"line":353,"column":73}},"147":{"start":{"line":355,"column":14},"end":{"line":355,"column":36}},"148":{"start":{"line":359,"column":14},"end":{"line":362,"column":28}},"149":{"start":{"line":360,"column":16},"end":{"line":360,"column":60}},"150":{"start":{"line":361,"column":16},"end":{"line":361,"column":52}},"151":{"start":{"line":364,"column":12},"end":{"line":364,"column":80}},"152":{"start":{"line":366,"column":12},"end":{"line":366,"column":76}},"153":{"start":{"line":370,"column":8},"end":{"line":370,"column":23}},"154":{"start":{"line":375,"column":6},"end":{"line":377,"column":7}},"155":{"start":{"line":376,"column":8},"end":{"line":376,"column":62}},"156":{"start":{"line":378,"column":6},"end":{"line":378,"column":37}},"157":{"start":{"line":378,"column":22},"end":{"line":378,"column":35}},"158":{"start":{"line":379,"column":6},"end":{"line":381,"column":7}},"159":{"start":{"line":380,"column":8},"end":{"line":380,"column":118}},"160":{"start":{"line":382,"column":6},"end":{"line":382,"column":52}},"161":{"start":{"line":383,"column":6},"end":{"line":390,"column":7}},"162":{"start":{"line":384,"column":8},"end":{"line":386,"column":9}},"163":{"start":{"line":385,"column":10},"end":{"line":385,"column":59}},"164":{"start":{"line":387,"column":8},"end":{"line":389,"column":9}},"165":{"start":{"line":388,"column":10},"end":{"line":388,"column":68}},"166":{"start":{"line":391,"column":6},"end":{"line":392,"column":55}},"167":{"start":{"line":396,"column":6},"end":{"line":398,"column":7}},"168":{"start":{"line":397,"column":8},"end":{"line":397,"column":62}},"169":{"start":{"line":399,"column":6},"end":{"line":399,"column":37}},"170":{"start":{"line":399,"column":22},"end":{"line":399,"column":35}},"171":{"start":{"line":400,"column":6},"end":{"line":400,"column":23}},"172":{"start":{"line":401,"column":6},"end":{"line":405,"column":7}},"173":{"start":{"line":402,"column":8},"end":{"line":404,"column":9}},"174":{"start":{"line":403,"column":10},"end":{"line":403,"column":59}},"175":{"start":{"line":406,"column":6},"end":{"line":408,"column":51}},"176":{"start":{"line":413,"column":2},"end":{"line":413,"column":38}},"177":{"start":{"line":416,"column":2},"end":{"line":416,"column":54}},"178":{"start":{"line":418,"column":2},"end":{"line":418,"column":48}},"179":{"start":{"line":421,"column":2},"end":{"line":471,"column":4}},"180":{"start":{"line":422,"column":4},"end":{"line":422,"column":51}},"181":{"start":{"line":424,"column":4},"end":{"line":424,"column":35}},"182":{"start":{"line":426,"column":4},"end":{"line":426,"column":25}},"183":{"start":{"line":428,"column":4},"end":{"line":431,"column":38}},"184":{"start":{"line":429,"column":6},"end":{"line":429,"column":22}},"185":{"start":{"line":430,"column":6},"end":{"line":430,"column":26}},"186":{"start":{"line":433,"column":4},"end":{"line":433,"column":35}},"187":{"start":{"line":434,"column":4},"end":{"line":434,"column":32}},"188":{"start":{"line":436,"column":4},"end":{"line":438,"column":5}},"189":{"start":{"line":437,"column":6},"end":{"line":437,"column":46}},"190":{"start":{"line":439,"column":4},"end":{"line":443,"column":5}},"191":{"start":{"line":440,"column":6},"end":{"line":442,"column":7}},"192":{"start":{"line":441,"column":8},"end":{"line":441,"column":56}},"193":{"start":{"line":445,"column":4},"end":{"line":449,"column":6}},"194":{"start":{"line":446,"column":6},"end":{"line":446,"column":31}},"195":{"start":{"line":446,"column":22},"end":{"line":446,"column":29}},"196":{"start":{"line":447,"column":6},"end":{"line":447,"column":26}},"197":{"start":{"line":448,"column":6},"end":{"line":448,"column":26}},"198":{"start":{"line":451,"column":4},"end":{"line":455,"column":6}},"199":{"start":{"line":452,"column":6},"end":{"line":452,"column":31}},"200":{"start":{"line":452,"column":22},"end":{"line":452,"column":29}},"201":{"start":{"line":453,"column":6},"end":{"line":453,"column":26}},"202":{"start":{"line":454,"column":6},"end":{"line":454,"column":22}},"203":{"start":{"line":457,"column":4},"end":{"line":457,"column":28}},"204":{"start":{"line":459,"column":4},"end":{"line":469,"column":5}},"205":{"start":{"line":460,"column":6},"end":{"line":468,"column":7}},"206":{"start":{"line":464,"column":11},"end":{"line":468,"column":7}},"207":{"start":{"line":465,"column":8},"end":{"line":465,"column":36}},"208":{"start":{"line":467,"column":8},"end":{"line":467,"column":36}},"209":{"start":{"line":470,"column":4},"end":{"line":470,"column":19}},"210":{"start":{"line":473,"column":2},"end":{"line":480,"column":5}},"211":{"start":{"line":475,"column":6},"end":{"line":478,"column":7}},"212":{"start":{"line":476,"column":8},"end":{"line":476,"column":78}},"213":{"start":{"line":477,"column":8},"end":{"line":477,"column":42}},"214":{"start":{"line":482,"column":2},"end":{"line":482,"column":36}},"215":{"start":{"line":484,"column":2},"end":{"line":488,"column":4}},"216":{"start":{"line":485,"column":4},"end":{"line":485,"column":60}},"217":{"start":{"line":486,"column":4},"end":{"line":486,"column":60}},"218":{"start":{"line":487,"column":4},"end":{"line":487,"column":23}},"219":{"start":{"line":490,"column":2},"end":{"line":492,"column":4}},"220":{"start":{"line":491,"column":4},"end":{"line":491,"column":36}},"221":{"start":{"line":494,"column":2},"end":{"line":499,"column":4}},"222":{"start":{"line":495,"column":4},"end":{"line":497,"column":5}},"223":{"start":{"line":496,"column":6},"end":{"line":496,"column":40}},"224":{"start":{"line":498,"column":4},"end":{"line":498,"column":58}}},"branchMap":{"1":{"line":56,"type":"if","locations":[{"start":{"line":56,"column":2},"end":{"line":56,"column":2}},{"start":{"line":56,"column":2},"end":{"line":56,"column":2}}]},"2":{"line":57,"type":"binary-expr","locations":[{"start":{"line":57,"column":50},"end":{"line":57,"column":56}},{"start":{"line":57,"column":61},"end":{"line":57,"column":94}}]},"3":{"line":65,"type":"if","locations":[{"start":{"line":65,"column":8},"end":{"line":65,"column":8}},{"start":{"line":65,"column":8},"end":{"line":65,"column":8}}]},"4":{"line":74,"type":"if","locations":[{"start":{"line":74,"column":4},"end":{"line":74,"column":4}},{"start":{"line":74,"column":4},"end":{"line":74,"column":4}}]},"5":{"line":77,"type":"if","locations":[{"start":{"line":77,"column":4},"end":{"line":77,"column":4}},{"start":{"line":77,"column":4},"end":{"line":77,"column":4}}]},"6":{"line":85,"type":"if","locations":[{"start":{"line":85,"column":4},"end":{"line":85,"column":4}},{"start":{"line":85,"column":4},"end":{"line":85,"column":4}}]},"7":{"line":110,"type":"binary-expr","locations":[{"start":{"line":110,"column":13},"end":{"line":110,"column":83}},{"start":{"line":111,"column":17},"end":{"line":111,"column":51}}]},"8":{"line":141,"type":"if","locations":[{"start":{"line":141,"column":6},"end":{"line":141,"column":6}},{"start":{"line":141,"column":6},"end":{"line":141,"column":6}}]},"9":{"line":146,"type":"if","locations":[{"start":{"line":146,"column":4},"end":{"line":146,"column":4}},{"start":{"line":146,"column":4},"end":{"line":146,"column":4}}]},"10":{"line":149,"type":"if","locations":[{"start":{"line":149,"column":6},"end":{"line":149,"column":6}},{"start":{"line":149,"column":6},"end":{"line":149,"column":6}}]},"11":{"line":158,"type":"if","locations":[{"start":{"line":158,"column":4},"end":{"line":158,"column":4}},{"start":{"line":158,"column":4},"end":{"line":158,"column":4}}]},"12":{"line":203,"type":"if","locations":[{"start":{"line":203,"column":6},"end":{"line":203,"column":6}},{"start":{"line":203,"column":6},"end":{"line":203,"column":6}}]},"13":{"line":203,"type":"binary-expr","locations":[{"start":{"line":203,"column":11},"end":{"line":203,"column":27}},{"start":{"line":203,"column":31},"end":{"line":203,"column":50}},{"start":{"line":203,"column":55},"end":{"line":203,"column":82}}]},"14":{"line":212,"type":"if","locations":[{"start":{"line":212,"column":6},"end":{"line":212,"column":6}},{"start":{"line":212,"column":6},"end":{"line":212,"column":6}}]},"15":{"line":225,"type":"if","locations":[{"start":{"line":225,"column":8},"end":{"line":225,"column":8}},{"start":{"line":225,"column":8},"end":{"line":225,"column":8}}]},"16":{"line":240,"type":"if","locations":[{"start":{"line":240,"column":10},"end":{"line":240,"column":10}},{"start":{"line":240,"column":10},"end":{"line":240,"column":10}}]},"17":{"line":242,"type":"if","locations":[{"start":{"line":242,"column":12},"end":{"line":242,"column":12}},{"start":{"line":242,"column":12},"end":{"line":242,"column":12}}]},"18":{"line":248,"type":"if","locations":[{"start":{"line":248,"column":17},"end":{"line":248,"column":17}},{"start":{"line":248,"column":17},"end":{"line":248,"column":17}}]},"19":{"line":248,"type":"binary-expr","locations":[{"start":{"line":248,"column":21},"end":{"line":248,"column":53}},{"start":{"line":249,"column":22},"end":{"line":249,"column":45}},{"start":{"line":249,"column":49},"end":{"line":249,"column":65}}]},"20":{"line":256,"type":"if","locations":[{"start":{"line":256,"column":12},"end":{"line":256,"column":12}},{"start":{"line":256,"column":12},"end":{"line":256,"column":12}}]},"21":{"line":259,"type":"cond-expr","locations":[{"start":{"line":259,"column":51},"end":{"line":259,"column":63}},{"start":{"line":259,"column":66},"end":{"line":259,"column":75}}]},"22":{"line":262,"type":"if","locations":[{"start":{"line":262,"column":12},"end":{"line":262,"column":12}},{"start":{"line":262,"column":12},"end":{"line":262,"column":12}}]},"23":{"line":262,"type":"binary-expr","locations":[{"start":{"line":262,"column":17},"end":{"line":262,"column":26}},{"start":{"line":262,"column":31},"end":{"line":262,"column":63}}]},"24":{"line":268,"type":"if","locations":[{"start":{"line":268,"column":14},"end":{"line":268,"column":14}},{"start":{"line":268,"column":14},"end":{"line":268,"column":14}}]},"25":{"line":268,"type":"binary-expr","locations":[{"start":{"line":268,"column":18},"end":{"line":268,"column":26}},{"start":{"line":268,"column":30},"end":{"line":268,"column":66}}]},"26":{"line":283,"type":"if","locations":[{"start":{"line":283,"column":6},"end":{"line":283,"column":6}},{"start":{"line":283,"column":6},"end":{"line":283,"column":6}}]},"27":{"line":286,"type":"if","locations":[{"start":{"line":286,"column":6},"end":{"line":286,"column":6}},{"start":{"line":286,"column":6},"end":{"line":286,"column":6}}]},"28":{"line":289,"type":"if","locations":[{"start":{"line":289,"column":6},"end":{"line":289,"column":6}},{"start":{"line":289,"column":6},"end":{"line":289,"column":6}}]},"29":{"line":292,"type":"if","locations":[{"start":{"line":292,"column":6},"end":{"line":292,"column":6}},{"start":{"line":292,"column":6},"end":{"line":292,"column":6}}]},"30":{"line":295,"type":"if","locations":[{"start":{"line":295,"column":6},"end":{"line":295,"column":6}},{"start":{"line":295,"column":6},"end":{"line":295,"column":6}}]},"31":{"line":296,"type":"binary-expr","locations":[{"start":{"line":296,"column":27},"end":{"line":296,"column":56}},{"start":{"line":296,"column":60},"end":{"line":296,"column":68}}]},"32":{"line":299,"type":"if","locations":[{"start":{"line":299,"column":6},"end":{"line":299,"column":6}},{"start":{"line":299,"column":6},"end":{"line":299,"column":6}}]},"33":{"line":299,"type":"binary-expr","locations":[{"start":{"line":299,"column":10},"end":{"line":299,"column":19}},{"start":{"line":299,"column":23},"end":{"line":299,"column":33}}]},"34":{"line":306,"type":"if","locations":[{"start":{"line":306,"column":6},"end":{"line":306,"column":6}},{"start":{"line":306,"column":6},"end":{"line":306,"column":6}}]},"35":{"line":320,"type":"if","locations":[{"start":{"line":320,"column":6},"end":{"line":320,"column":6}},{"start":{"line":320,"column":6},"end":{"line":320,"column":6}}]},"36":{"line":326,"type":"if","locations":[{"start":{"line":326,"column":6},"end":{"line":326,"column":6}},{"start":{"line":326,"column":6},"end":{"line":326,"column":6}}]},"37":{"line":329,"type":"if","locations":[{"start":{"line":329,"column":6},"end":{"line":329,"column":6}},{"start":{"line":329,"column":6},"end":{"line":329,"column":6}}]},"38":{"line":331,"type":"if","locations":[{"start":{"line":331,"column":6},"end":{"line":331,"column":6}},{"start":{"line":331,"column":6},"end":{"line":331,"column":6}}]},"39":{"line":332,"type":"if","locations":[{"start":{"line":332,"column":8},"end":{"line":332,"column":8}},{"start":{"line":332,"column":8},"end":{"line":332,"column":8}}]},"40":{"line":335,"type":"if","locations":[{"start":{"line":335,"column":13},"end":{"line":335,"column":13}},{"start":{"line":335,"column":13},"end":{"line":335,"column":13}}]},"41":{"line":340,"type":"if","locations":[{"start":{"line":340,"column":6},"end":{"line":340,"column":6}},{"start":{"line":340,"column":6},"end":{"line":340,"column":6}}]},"42":{"line":345,"type":"if","locations":[{"start":{"line":345,"column":10},"end":{"line":345,"column":10}},{"start":{"line":345,"column":10},"end":{"line":345,"column":10}}]},"43":{"line":345,"type":"binary-expr","locations":[{"start":{"line":345,"column":14},"end":{"line":345,"column":28}},{"start":{"line":345,"column":32},"end":{"line":345,"column":57}}]},"44":{"line":347,"type":"if","locations":[{"start":{"line":347,"column":12},"end":{"line":347,"column":12}},{"start":{"line":347,"column":12},"end":{"line":347,"column":12}}]},"45":{"line":351,"type":"if","locations":[{"start":{"line":351,"column":17},"end":{"line":351,"column":17}},{"start":{"line":351,"column":17},"end":{"line":351,"column":17}}]},"46":{"line":375,"type":"if","locations":[{"start":{"line":375,"column":6},"end":{"line":375,"column":6}},{"start":{"line":375,"column":6},"end":{"line":375,"column":6}}]},"47":{"line":378,"type":"if","locations":[{"start":{"line":378,"column":6},"end":{"line":378,"column":6}},{"start":{"line":378,"column":6},"end":{"line":378,"column":6}}]},"48":{"line":379,"type":"if","locations":[{"start":{"line":379,"column":6},"end":{"line":379,"column":6}},{"start":{"line":379,"column":6},"end":{"line":379,"column":6}}]},"49":{"line":380,"type":"cond-expr","locations":[{"start":{"line":380,"column":98},"end":{"line":380,"column":106}},{"start":{"line":380,"column":109},"end":{"line":380,"column":116}}]},"50":{"line":380,"type":"binary-expr","locations":[{"start":{"line":380,"column":40},"end":{"line":380,"column":67}},{"start":{"line":380,"column":71},"end":{"line":380,"column":94}}]},"51":{"line":383,"type":"if","locations":[{"start":{"line":383,"column":6},"end":{"line":383,"column":6}},{"start":{"line":383,"column":6},"end":{"line":383,"column":6}}]},"52":{"line":384,"type":"if","locations":[{"start":{"line":384,"column":8},"end":{"line":384,"column":8}},{"start":{"line":384,"column":8},"end":{"line":384,"column":8}}]},"53":{"line":387,"type":"if","locations":[{"start":{"line":387,"column":8},"end":{"line":387,"column":8}},{"start":{"line":387,"column":8},"end":{"line":387,"column":8}}]},"54":{"line":396,"type":"if","locations":[{"start":{"line":396,"column":6},"end":{"line":396,"column":6}},{"start":{"line":396,"column":6},"end":{"line":396,"column":6}}]},"55":{"line":399,"type":"if","locations":[{"start":{"line":399,"column":6},"end":{"line":399,"column":6}},{"start":{"line":399,"column":6},"end":{"line":399,"column":6}}]},"56":{"line":401,"type":"if","locations":[{"start":{"line":401,"column":6},"end":{"line":401,"column":6}},{"start":{"line":401,"column":6},"end":{"line":401,"column":6}}]},"57":{"line":402,"type":"if","locations":[{"start":{"line":402,"column":8},"end":{"line":402,"column":8}},{"start":{"line":402,"column":8},"end":{"line":402,"column":8}}]},"58":{"line":436,"type":"if","locations":[{"start":{"line":436,"column":4},"end":{"line":436,"column":4}},{"start":{"line":436,"column":4},"end":{"line":436,"column":4}}]},"59":{"line":439,"type":"if","locations":[{"start":{"line":439,"column":4},"end":{"line":439,"column":4}},{"start":{"line":439,"column":4},"end":{"line":439,"column":4}}]},"60":{"line":446,"type":"if","locations":[{"start":{"line":446,"column":6},"end":{"line":446,"column":6}},{"start":{"line":446,"column":6},"end":{"line":446,"column":6}}]},"61":{"line":452,"type":"if","locations":[{"start":{"line":452,"column":6},"end":{"line":452,"column":6}},{"start":{"line":452,"column":6},"end":{"line":452,"column":6}}]},"62":{"line":459,"type":"if","locations":[{"start":{"line":459,"column":4},"end":{"line":459,"column":4}},{"start":{"line":459,"column":4},"end":{"line":459,"column":4}}]},"63":{"line":460,"type":"if","locations":[{"start":{"line":460,"column":6},"end":{"line":460,"column":6}},{"start":{"line":460,"column":6},"end":{"line":460,"column":6}}]},"64":{"line":464,"type":"if","locations":[{"start":{"line":464,"column":11},"end":{"line":464,"column":11}},{"start":{"line":464,"column":11},"end":{"line":464,"column":11}}]},"65":{"line":475,"type":"if","locations":[{"start":{"line":475,"column":6},"end":{"line":475,"column":6}},{"start":{"line":475,"column":6},"end":{"line":475,"column":6}}]},"66":{"line":477,"type":"cond-expr","locations":[{"start":{"line":477,"column":22},"end":{"line":477,"column":29}},{"start":{"line":477,"column":32},"end":{"line":477,"column":41}}]},"67":{"line":495,"type":"if","locations":[{"start":{"line":495,"column":4},"end":{"line":495,"column":4}},{"start":{"line":495,"column":4},"end":{"line":495,"column":4}}]},"68":{"line":501,"type":"cond-expr","locations":[{"start":{"line":501,"column":36},"end":{"line":501,"column":42}},{"start":{"line":501,"column":45},"end":{"line":501,"column":51}}]}}},"/root/remotestorage.js/lib/Math.uuid.js":{"path":"/root/remotestorage.js/lib/Math.uuid.js","s":{"1":2,"2":2,"3":2,"4":10000,"5":10000,"6":10000,"7":0,"8":0,"9":10000,"10":10000,"11":10000,"12":10000,"13":360000,"14":310000,"15":310000,"16":10000},"b":{"1":[10000,10000],"2":[0,10000],"3":[310000,50000],"4":[10000,300000]},"f":{"1":2,"2":10000},"fnMap":{"1":{"name":"(anonymous_1)","line":1,"loc":{"start":{"line":1,"column":1},"end":{"line":1,"column":39}}},"2":{"name":"(anonymous_2)","line":44,"loc":{"start":{"line":44,"column":12},"end":{"line":44,"column":34}}}},"statementMap":{"1":{"start":{"line":1,"column":0},"end":{"line":72,"column":73}},"2":{"start":{"line":42,"column":2},"end":{"line":42,"column":89}},"3":{"start":{"line":44,"column":0},"end":{"line":70,"column":2}},"4":{"start":{"line":45,"column":2},"end":{"line":45,"column":34}},"5":{"start":{"line":46,"column":2},"end":{"line":46,"column":32}},"6":{"start":{"line":48,"column":2},"end":{"line":67,"column":3}},"7":{"start":{"line":50,"column":4},"end":{"line":50,"column":71}},"8":{"start":{"line":50,"column":30},"end":{"line":50,"column":71}},"9":{"start":{"line":53,"column":4},"end":{"line":53,"column":10}},"10":{"start":{"line":56,"column":4},"end":{"line":56,"column":51}},"11":{"start":{"line":57,"column":4},"end":{"line":57,"column":19}},"12":{"start":{"line":61,"column":4},"end":{"line":66,"column":5}},"13":{"start":{"line":62,"column":6},"end":{"line":65,"column":7}},"14":{"start":{"line":63,"column":8},"end":{"line":63,"column":33}},"15":{"start":{"line":64,"column":8},"end":{"line":64,"column":57}},"16":{"start":{"line":69,"column":2},"end":{"line":69,"column":23}}},"branchMap":{"1":{"line":46,"type":"binary-expr","locations":[{"start":{"line":46,"column":10},"end":{"line":46,"column":15}},{"start":{"line":46,"column":19},"end":{"line":46,"column":31}}]},"2":{"line":48,"type":"if","locations":[{"start":{"line":48,"column":2},"end":{"line":48,"column":2}},{"start":{"line":48,"column":2},"end":{"line":48,"column":2}}]},"3":{"line":62,"type":"if","locations":[{"start":{"line":62,"column":6},"end":{"line":62,"column":6}},{"start":{"line":62,"column":6},"end":{"line":62,"column":6}}]},"4":{"line":64,"type":"cond-expr","locations":[{"start":{"line":64,"column":36},"end":{"line":64,"column":51}},{"start":{"line":64,"column":54},"end":{"line":64,"column":55}}]}}},"/root/remotestorage.js/lib/tv4.js":{"path":"/root/remotestorage.js/lib/tv4.js","s":{"1":2,"2":2,"3":2,"4":5,"5":5,"6":5,"7":5,"8":5,"9":2,"10":4,"11":2,"12":0,"13":0,"14":0,"15":2,"16":0,"17":0,"18":0,"19":2,"20":0,"21":0,"22":0,"23":0,"24":0,"25":0,"26":0,"27":0,"28":0,"29":0,"30":0,"31":0,"32":0,"33":0,"34":0,"35":0,"36":0,"37":0,"38":0,"39":0,"40":0,"41":0,"42":0,"43":0,"44":0,"45":0,"46":0,"47":2,"48":3,"49":3,"50":3,"51":3,"52":3,"53":3,"54":3,"55":2,"56":3,"57":0,"58":0,"59":0,"60":3,"61":3,"62":3,"63":1,"64":0,"65":0,"66":0,"67":0,"68":0,"69":3,"70":1,"71":0,"72":0,"73":0,"74":0,"75":0,"76":0,"77":0,"78":0,"79":0,"80":0,"81":0,"82":0,"83":0,"84":0,"85":0,"86":0,"87":0,"88":0,"89":0,"90":0,"91":0,"92":0,"93":2,"94":3,"95":3,"96":0,"97":3,"98":0,"99":3,"100":2,"101":3,"102":2,"103":1,"104":1,"105":0,"106":1,"107":0,"108":1,"109":1,"110":1,"111":1,"112":1,"113":1,"114":1,"115":0,"116":2,"117":3,"118":3,"119":0,"120":0,"121":0,"122":0,"123":0,"124":2,"125":3,"126":2,"127":3,"128":3,"129":3,"130":0,"131":0,"132":0,"133":0,"134":2,"135":3,"136":3,"137":0,"138":0,"139":0,"140":0,"141":0,"142":0,"143":0,"144":0,"145":0,"146":0,"147":0,"148":2,"149":3,"150":2,"151":3,"152":3,"153":0,"154":0,"155":0,"156":0,"157":0,"158":0,"159":0,"160":2,"161":3,"162":3,"163":0,"164":0,"165":0,"166":0,"167":2,"168":3,"169":3,"170":0,"171":2,"172":0,"173":0,"174":0,"175":0,"176":0,"177":0,"178":0,"179":0,"180":0,"181":0,"182":0,"183":2,"184":0,"185":0,"186":0,"187":0,"188":0,"189":0,"190":0,"191":0,"192":2,"193":0,"194":0,"195":0,"196":0,"197":0,"198":0,"199":0,"200":0,"201":0,"202":0,"203":0,"204":0,"205":0,"206":0,"207":0,"208":0,"209":0,"210":0,"211":0,"212":0,"213":2,"214":3,"215":0,"216":3,"217":2,"218":3,"219":3,"220":0,"221":0,"222":0,"223":0,"224":3,"225":0,"226":0,"227":0,"228":0,"229":3,"230":2,"231":3,"232":1,"233":1,"234":1,"235":1,"236":1,"237":1,"238":2,"239":2,"240":2,"241":2,"242":4,"243":4,"244":0,"245":0,"246":0,"247":4,"248":0,"249":0,"250":0,"251":0,"252":0,"253":0,"254":4,"255":0,"256":0,"257":0,"258":0,"259":0,"260":0,"261":0,"262":2,"263":2,"264":2,"265":2,"266":0,"267":0,"268":0,"269":0,"270":0,"271":0,"272":0,"273":0,"274":0,"275":0,"276":0,"277":0,"278":0,"279":0,"280":0,"281":0,"282":0,"283":2,"284":2,"285":2,"286":2,"287":2,"288":2,"289":2,"290":0,"291":0,"292":0,"293":0,"294":0,"295":0,"296":2,"297":2,"298":2,"299":0,"300":0,"301":0,"302":0,"303":0,"304":0,"305":0,"306":0,"307":0,"308":0,"309":0,"310":0,"311":0,"312":0,"313":2,"314":2,"315":2,"316":0,"317":0,"318":0,"319":0,"320":0,"321":0,"322":0,"323":0,"324":0,"325":0,"326":0,"327":0,"328":0,"329":0,"330":0,"331":0,"332":0,"333":0,"334":0,"335":0,"336":2,"337":2,"338":2,"339":0,"340":0,"341":0,"342":0,"343":0,"344":0,"345":0,"346":1,"347":0,"348":0,"349":1,"350":1,"351":0,"352":0,"353":0,"354":0,"355":0,"356":0,"357":0,"358":0,"359":0,"360":1,"361":9,"362":0,"363":9,"364":0,"365":0,"366":9,"367":6,"368":1,"369":1,"370":5,"371":0,"372":5,"373":5,"374":5,"375":2,"376":1,"377":1,"378":0,"379":1,"380":1,"381":1,"382":1,"383":1,"384":2,"385":2,"386":0,"387":0,"388":2,"389":2,"390":2,"391":2,"392":0,"393":0,"394":2,"395":1,"396":6,"397":0,"398":0,"399":0,"400":0,"401":0,"402":6,"403":6,"404":6,"405":3,"406":6,"407":2,"408":2,"409":3,"410":3,"411":0,"412":3,"413":3,"414":3,"415":3,"416":3,"417":3,"418":3,"419":3,"420":3,"421":0,"422":0,"423":0,"424":0,"425":0,"426":0,"427":0,"428":0,"429":0,"430":0,"431":0,"432":0,"433":2},"b":{"1":[3,2],"2":[0,5],"3":[0,0],"4":[0,0],"5":[0,0],"6":[0,0],"7":[0,0],"8":[0,0],"9":[0,0],"10":[0,0],"11":[0,0],"12":[0,3],"13":[0,0],"14":[3,3,3,3,3,2,2],"15":[1,2],"16":[3,2],"17":[1,0,1,0],"18":[0,0],"19":[0,0],"20":[0,0],"21":[0,0],"22":[0,0],"23":[0,0],"24":[0,0],"25":[0,0],"26":[0,0],"27":[0,0],"28":[0,0],"29":[0,0],"30":[0,0],"31":[0,0],"32":[0,0],"33":[0,0],"34":[0,0],"35":[0,3],"36":[0,3],"37":[2,1],"38":[0,1],"39":[0,1],"40":[1,0],"41":[1,0],"42":[1,0,0,0],"43":[3,0],"44":[0,0],"45":[3,3,3],"46":[3,3],"47":[3,0],"48":[0,0],"49":[0,0],"50":[3,0],"51":[0,0],"52":[0,0],"53":[0,0],"54":[0,0],"55":[0,0],"56":[0,0],"57":[0,0],"58":[0,0],"59":[3,3,3],"60":[3,0],"61":[0,0],"62":[0,0],"63":[0,0],"64":[0,0],"65":[3,0],"66":[3,0],"67":[0,0],"68":[3,0],"69":[0,0,0,0],"70":[0,0],"71":[0,0],"72":[0,0],"73":[0,0],"74":[0,0],"75":[0,0],"76":[0,0],"77":[0,0],"78":[0,0],"79":[0,0],"80":[0,0],"81":[0,0],"82":[0,0],"83":[0,0],"84":[0,0],"85":[0,0],"86":[0,0],"87":[0,0],"88":[0,0],"89":[0,3],"90":[3,3,3],"91":[3,3,2,2,2],"92":[0,3],"93":[0,0],"94":[0,0],"95":[0,3],"96":[0,0],"97":[0,0],"98":[1,2],"99":[1,0],"100":[1,0],"101":[0,4],"102":[4,0],"103":[0,0],"104":[0,4],"105":[0,0],"106":[0,0],"107":[0,4],"108":[4,4],"109":[0,0],"110":[0,0],"111":[0,0],"112":[0,0],"113":[0,2],"114":[0,0],"115":[0,0],"116":[0,0],"117":[0,0],"118":[0,0],"119":[0,0],"120":[0,0],"121":[0,0],"122":[2,2,2,2,2],"123":[2,0],"124":[0,0],"125":[2,0],"126":[0,0],"127":[0,0],"128":[0,0],"129":[2,0],"130":[0,0],"131":[0,0],"132":[0,0],"133":[0,0],"134":[0,0],"135":[2,0],"136":[0,0],"137":[0,0],"138":[0,0],"139":[0,0],"140":[0,0],"141":[0,0],"142":[0,0],"143":[0,0],"144":[0,0],"145":[0,0],"146":[0,0],"147":[0,0],"148":[0,0],"149":[0,0],"150":[0,0],"151":[0,0],"152":[0,0],"153":[0,0],"154":[0,0],"155":[0,0],"156":[0,0],"157":[0,0],"158":[0,0,0],"159":[0,0],"160":[0,0],"161":[0,0],"162":[0,0],"163":[0,0,0],"164":[0,0],"165":[0,9],"166":[0,9],"167":[6,3],"168":[1,5],"169":[0,5],"170":[5,0],"171":[0,1],"172":[0,1],"173":[0,1],"174":[0,1],"175":[0,2],"176":[2,0],"177":[0,2],"178":[0,6],"179":[0,0],"180":[0,0],"181":[0,0,0,0],"182":[0,0],"183":[6,0],"184":[3,3],"185":[6,6],"186":[0,3],"187":[0,0],"188":[0,2]},"f":{"1":2,"2":2,"3":5,"4":4,"5":0,"6":0,"7":0,"8":3,"9":3,"10":0,"11":3,"12":3,"13":3,"14":3,"15":3,"16":3,"17":3,"18":3,"19":3,"20":3,"21":0,"22":0,"23":0,"24":3,"25":3,"26":3,"27":2,"28":2,"29":2,"30":2,"31":2,"32":2,"33":2,"34":0,"35":0,"36":0,"37":0,"38":9,"39":1,"40":2,"41":6,"42":3,"43":3,"44":0,"45":0,"46":0},"fnMap":{"1":{"name":"(anonymous_1)","line":1,"loc":{"start":{"line":1,"column":1},"end":{"line":1,"column":39}}},"2":{"name":"(anonymous_2)","line":10,"loc":{"start":{"line":10,"column":1},"end":{"line":10,"column":19}}},"3":{"name":"(anonymous_3)","line":11,"loc":{"start":{"line":11,"column":23},"end":{"line":11,"column":58}}},"4":{"name":"(anonymous_4)","line":18,"loc":{"start":{"line":18,"column":41},"end":{"line":18,"column":58}}},"5":{"name":"(anonymous_5)","line":21,"loc":{"start":{"line":21,"column":42},"end":{"line":21,"column":59}}},"6":{"name":"(anonymous_6)","line":27,"loc":{"start":{"line":27,"column":42},"end":{"line":27,"column":86}}},"7":{"name":"(anonymous_7)","line":34,"loc":{"start":{"line":34,"column":39},"end":{"line":34,"column":54}}},"8":{"name":"(anonymous_8)","line":71,"loc":{"start":{"line":71,"column":39},"end":{"line":71,"column":62}}},"9":{"name":"validateAll","line":82,"loc":{"start":{"line":82,"column":41},"end":{"line":82,"column":108}}},"10":{"name":"recursiveCompare","line":112,"loc":{"start":{"line":112,"column":0},"end":{"line":112,"column":32}}},"11":{"name":"validateBasic","line":150,"loc":{"start":{"line":150,"column":43},"end":{"line":150,"column":80}}},"12":{"name":"validateType","line":161,"loc":{"start":{"line":161,"column":42},"end":{"line":161,"column":78}}},"13":{"name":"validateEnum","line":185,"loc":{"start":{"line":185,"column":42},"end":{"line":185,"column":78}}},"14":{"name":"validateNumeric","line":197,"loc":{"start":{"line":197,"column":45},"end":{"line":197,"column":84}}},"15":{"name":"validateMultipleOf","line":203,"loc":{"start":{"line":203,"column":48},"end":{"line":203,"column":90}}},"16":{"name":"validateMinMax","line":216,"loc":{"start":{"line":216,"column":44},"end":{"line":216,"column":82}}},"17":{"name":"validateString","line":238,"loc":{"start":{"line":238,"column":44},"end":{"line":238,"column":82}}},"18":{"name":"validateStringLength","line":244,"loc":{"start":{"line":244,"column":50},"end":{"line":244,"column":94}}},"19":{"name":"validateStringPattern","line":261,"loc":{"start":{"line":261,"column":51},"end":{"line":261,"column":96}}},"20":{"name":"validateArray","line":271,"loc":{"start":{"line":271,"column":43},"end":{"line":271,"column":80}}},"21":{"name":"validateArrayLength","line":281,"loc":{"start":{"line":281,"column":49},"end":{"line":281,"column":92}}},"22":{"name":"validateArrayUniqueItems","line":301,"loc":{"start":{"line":301,"column":54},"end":{"line":301,"column":102}}},"23":{"name":"validateArrayItems","line":317,"loc":{"start":{"line":317,"column":48},"end":{"line":317,"column":90}}},"24":{"name":"validateObject","line":350,"loc":{"start":{"line":350,"column":44},"end":{"line":350,"column":82}}},"25":{"name":"validateObjectMinMaxProperties","line":361,"loc":{"start":{"line":361,"column":60},"end":{"line":361,"column":114}}},"26":{"name":"validateObjectRequiredProperties","line":382,"loc":{"start":{"line":382,"column":62},"end":{"line":382,"column":118}}},"27":{"name":"validateObjectProperties","line":397,"loc":{"start":{"line":397,"column":54},"end":{"line":397,"column":102}}},"28":{"name":"validateObjectDependencies","line":436,"loc":{"start":{"line":436,"column":56},"end":{"line":436,"column":106}}},"29":{"name":"validateCombinations","line":470,"loc":{"start":{"line":470,"column":50},"end":{"line":470,"column":94}}},"30":{"name":"validateAllOf","line":479,"loc":{"start":{"line":479,"column":43},"end":{"line":479,"column":80}}},"31":{"name":"validateAnyOf","line":493,"loc":{"start":{"line":493,"column":43},"end":{"line":493,"column":80}}},"32":{"name":"validateOneOf","line":518,"loc":{"start":{"line":518,"column":43},"end":{"line":518,"column":80}}},"33":{"name":"validateNot","line":552,"loc":{"start":{"line":552,"column":41},"end":{"line":552,"column":76}}},"34":{"name":"parseURI","line":569,"loc":{"start":{"line":569,"column":0},"end":{"line":569,"column":23}}},"35":{"name":"resolveUrl","line":585,"loc":{"start":{"line":585,"column":0},"end":{"line":585,"column":32}}},"36":{"name":"removeDotSegments","line":587,"loc":{"start":{"line":587,"column":1},"end":{"line":587,"column":35}}},"37":{"name":"(anonymous_37)","line":592,"loc":{"start":{"line":59
[...]
{"line":435,"column":76}},{"start":{"line":436,"column":16},"end":{"line":436,"column":53}},{"start":{"line":437,"column":16},"end":{"line":437,"column":67}}]},"71":{"line":440,"type":"if","locations":[{"start":{"line":440,"column":6},"end":{"line":440,"column":6}},{"start":{"line":440,"column":6},"end":{"line":440,"column":6}}]},"72":{"line":442,"type":"if","locations":[{"start":{"line":442,"column":13},"end":{"line":442,"column":13}},{"start":{"line":442,"column":13},"end":{"line":442,"column":13}}]},"73":{"line":463,"type":"if","locations":[{"start":{"line":463,"column":6},"end":{"line":463,"column":6}},{"start":{"line":463,"column":6},"end":{"line":463,"column":6}}]},"74":{"line":464,"type":"if","locations":[{"start":{"line":464,"column":8},"end":{"line":464,"column":8}},{"start":{"line":464,"column":8},"end":{"line":464,"column":8}}]},"75":{"line":465,"type":"if","locations":[{"start":{"line":465,"column":10},"end":{"line":465,"column":10}},{"start":{"line":465,"column":10},"end":{"line":465,"column":10}}]},"76":{"line":471,"type":"if","locations":[{"start":{"line":471,"column":10},"end":{"line":471,"column":10}},{"start":{"line":471,"column":10},"end":{"line":471,"column":10}}]},"77":{"line":472,"type":"if","locations":[{"start":{"line":472,"column":12},"end":{"line":472,"column":12}},{"start":{"line":472,"column":12},"end":{"line":472,"column":12}}]},"78":{"line":477,"type":"if","locations":[{"start":{"line":477,"column":12},"end":{"line":477,"column":12}},{"start":{"line":477,"column":12},"end":{"line":477,"column":12}}]},"79":{"line":481,"type":"cond-expr","locations":[{"start":{"line":481,"column":56},"end":{"line":481,"column":65}},{"start":{"line":481,"column":68},"end":{"line":481,"column":84}}]},"80":{"line":482,"type":"cond-expr","locations":[{"start":{"line":482,"column":56},"end":{"line":482,"column":65}},{"start":{"line":482,"column":68},"end":{"line":482,"column":84}}]},"81":{"line":494,"type":"cond-expr","locations":[{"start":{"line":494,"column":50},"end":{"line":494,"column":59}},{"start":{"line":494,"column":62},"end":{"line":494,"column":78}}]},"82":{"line":505,"type":"if","locations":[{"start":{"line":505,"column":8},"end":{"line":505,"column":8}},{"start":{"line":505,"column":8},"end":{"line":505,"column":8}}]},"83":{"line":505,"type":"binary-expr","locations":[{"start":{"line":505,"column":12},"end":{"line":505,"column":23}},{"start":{"line":505,"column":27},"end":{"line":505,"column":45}},{"start":{"line":505,"column":49},"end":{"line":505,"column":89}}]},"84":{"line":530,"type":"binary-expr","locations":[{"start":{"line":530,"column":17},"end":{"line":530,"column":46}},{"start":{"line":530,"column":51},"end":{"line":530,"column":63}},{"start":{"line":530,"column":67},"end":{"line":530,"column":96}}]},"85":{"line":536,"type":"if","locations":[{"start":{"line":536,"column":10},"end":{"line":536,"column":10}},{"start":{"line":536,"column":10},"end":{"line":536,"column":10}}]},"86":{"line":537,"type":"if","locations":[{"start":{"line":537,"column":12},"end":{"line":537,"column":12}},{"start":{"line":537,"column":12},"end":{"line":537,"column":12}}]},"87":{"line":537,"type":"binary-expr","locations":[{"start":{"line":537,"column":16},"end":{"line":537,"column":20}},{"start":{"line":537,"column":24},"end":{"line":537,"column":35}}]},"88":{"line":538,"type":"if","locations":[{"start":{"line":538,"column":14},"end":{"line":538,"column":14}},{"start":{"line":538,"column":14},"end":{"line":538,"column":14}}]},"89":{"line":548,"type":"if","locations":[{"start":{"line":548,"column":14},"end":{"line":548,"column":14}},{"start":{"line":548,"column":14},"end":{"line":548,"column":14}}]},"90":{"line":562,"type":"if","locations":[{"start":{"line":562,"column":12},"end":{"line":562,"column":12}},{"start":{"line":562,"column":12},"end":{"line":562,"column":12}}]},"91":{"line":562,"type":"binary-expr","locations":[{"start":{"line":562,"column":16},"end":{"line":562,"column":38}},{"start":{"line":562,"column":42},"end":{"line":562,"column":72}}]},"92":{"line":566,"type":"if","locations":[{"start":{"line":566,"column":12},"end":{"line":566,"column":12}},{"start":{"line":566,"column":12},"end":{"line":566,"column":12}}]},"93":{"line":566,"type":"binary-expr","locations":[{"start":{"line":566,"column":16},"end":{"line":566,"column":38}},{"start":{"line":566,"column":42},"end":{"line":566,"column":74}}]},"94":{"line":569,"type":"if","locations":[{"start":{"line":569,"column":17},"end":{"line":569,"column":17}},{"start":{"line":569,"column":17},"end":{"line":569,"column":17}}]},"95":{"line":569,"type":"binary-expr","locations":[{"start":{"line":569,"column":21},"end":{"line":569,"column":69}},{"start":{"line":569,"column":73},"end":{"line":569,"column":77}},{"start":{"line":569,"column":81},"end":{"line":569,"column":92}}]},"96":{"line":570,"type":"if","locations":[{"start":{"line":570,"column":12},"end":{"line":570,"column":12}},{"start":{"line":570,"column":12},"end":{"line":570,"column":12}}]},"97":{"line":576,"type":"if","locations":[{"start":{"line":576,"column":12},"end":{"line":576,"column":12}},{"start":{"line":576,"column":12},"end":{"line":576,"column":12}}]},"98":{"line":576,"type":"binary-expr","locations":[{"start":{"line":576,"column":16},"end":{"line":576,"column":26}},{"start":{"line":576,"column":30},"end":{"line":576,"column":49}}]},"99":{"line":582,"type":"if","locations":[{"start":{"line":582,"column":12},"end":{"line":582,"column":12}},{"start":{"line":582,"column":12},"end":{"line":582,"column":12}}]},"100":{"line":582,"type":"binary-expr","locations":[{"start":{"line":582,"column":16},"end":{"line":582,"column":27}},{"start":{"line":582,"column":31},"end":{"line":582,"column":49}}]},"101":{"line":587,"type":"if","locations":[{"start":{"line":587,"column":14},"end":{"line":587,"column":14}},{"start":{"line":587,"column":14},"end":{"line":587,"column":14}}]},"102":{"line":591,"type":"if","locations":[{"start":{"line":591,"column":16},"end":{"line":591,"column":16}},{"start":{"line":591,"column":16},"end":{"line":591,"column":16}}]},"103":{"line":591,"type":"binary-expr","locations":[{"start":{"line":591,"column":20},"end":{"line":591,"column":30}},{"start":{"line":591,"column":34},"end":{"line":591,"column":50}}]},"104":{"line":594,"type":"if","locations":[{"start":{"line":594,"column":18},"end":{"line":594,"column":18}},{"start":{"line":594,"column":18},"end":{"line":594,"column":18}}]},"105":{"line":610,"type":"if","locations":[{"start":{"line":610,"column":6},"end":{"line":610,"column":6}},{"start":{"line":610,"column":6},"end":{"line":610,"column":6}}]},"106":{"line":618,"type":"if","locations":[{"start":{"line":618,"column":10},"end":{"line":618,"column":10}},{"start":{"line":618,"column":10},"end":{"line":618,"column":10}}]},"107":{"line":618,"type":"binary-expr","locations":[{"start":{"line":618,"column":14},"end":{"line":618,"column":20}},{"start":{"line":618,"column":24},"end":{"line":618,"column":39}}]},"108":{"line":629,"type":"if","locations":[{"start":{"line":629,"column":10},"end":{"line":629,"column":10}},{"start":{"line":629,"column":10},"end":{"line":629,"column":10}}]},"109":{"line":633,"type":"if","locations":[{"start":{"line":633,"column":10},"end":{"line":633,"column":10}},{"start":{"line":633,"column":10},"end":{"line":633,"column":10}}]},"110":{"line":637,"type":"if","locations":[{"start":{"line":637,"column":12},"end":{"line":637,"column":12}},{"start":{"line":637,"column":12},"end":{"line":637,"column":12}}]},"111":{"line":637,"type":"binary-expr","locations":[{"start":{"line":637,"column":16},"end":{"line":637,"column":27}},{"start":{"line":637,"column":31},"end":{"line":637,"column":69}}]},"112":{"line":660,"type":"if","locations":[{"start":{"line":660,"column":6},"end":{"line":660,"column":6}},{"start":{"line":660,"column":6},"end":{"line":660,"column":6}}]},"113":{"line":674,"type":"if","locations":[{"start":{"line":674,"column":10},"end":{"line":674,"column":10}},{"start":{"line":674,"column":10},"end":{"line":674,"column":10}}]},"114":{"line":674,"type":"binary-expr","locations":[{"start":{"line":674,"column":14},"end":{"line":674,"column":20}},{"start":{"line":674,"column":24},"end":{"line":674,"column":39}}]},"115":{"line":676,"type":"if","locations":[{"start":{"line":676,"column":14},"end":{"line":676,"column":14}},{"start":{"line":676,"column":14},"end":{"line":676,"column":14}}]},"116":{"line":683,"type":"if","locations":[{"start":{"line":683,"column":8},"end":{"line":683,"column":8}},{"start":{"line":683,"column":8},"end":{"line":683,"column":8}}]},"117":{"line":683,"type":"binary-expr","locations":[{"start":{"line":683,"column":12},"end":{"line":683,"column":37}},{"start":{"line":683,"column":42},"end":{"line":683,"column":60}},{"start":{"line":684,"column":12},"end":{"line":684,"column":44}}]},"118":{"line":697,"type":"if","locations":[{"start":{"line":697,"column":8},"end":{"line":697,"column":8}},{"start":{"line":697,"column":8},"end":{"line":697,"column":8}}]},"119":{"line":710,"type":"if","locations":[{"start":{"line":710,"column":10},"end":{"line":710,"column":10}},{"start":{"line":710,"column":10},"end":{"line":710,"column":10}}]},"120":{"line":710,"type":"binary-expr","locations":[{"start":{"line":710,"column":14},"end":{"line":710,"column":24}},{"start":{"line":710,"column":28},"end":{"line":710,"column":44}},{"start":{"line":710,"column":48},"end":{"line":710,"column":73}}]},"121":{"line":713,"type":"if","locations":[{"start":{"line":713,"column":12},"end":{"line":713,"column":12}},{"start":{"line":713,"column":12},"end":{"line":713,"column":12}}]},"122":{"line":734,"type":"if","locations":[{"start":{"line":734,"column":8},"end":{"line":734,"column":8}},{"start":{"line":734,"column":8},"end":{"line":734,"column":8}}]},"123":{"line":739,"type":"if","locations":[{"start":{"line":739,"column":8},"end":{"line":739,"column":8}},{"start":{"line":739,"column":8},"end":{"line":739,"column":8}}]},"124":{"line":742,"type":"if","locations":[{"start":{"line":742,"column":10},"end":{"line":742,"column":10}},{"start":{"line":742,"column":10},"end":{"line":742,"column":10}}]},"125":{"line":742,"type":"binary-expr","locations":[{"start":{"line":742,"column":14},"end":{"line":742,"column":26}},{"start":{"line":742,"column":30},"end":{"line":742,"column":63}}]},"126":{"line":756,"type":"if","locations":[{"start":{"line":756,"column":10},"end":{"line":756,"column":10}},{"start":{"line":756,"column":10},"end":{"line":756,"column":10}}]},"127":{"line":760,"type":"if","locations":[{"start":{"line":760,"column":12},"end":{"line":760,"column":12}},{"start":{"line":760,"column":12},"end":{"line":760,"column":12}}]},"128":{"line":760,"type":"binary-expr","locations":[{"start":{"line":760,"column":16},"end":{"line":760,"column":54}},{"start":{"line":761,"column":16},"end":{"line":761,"column":64}}]},"129":{"line":766,"type":"if","locations":[{"start":{"line":766,"column":17},"end":{"line":766,"column":17}},{"start":{"line":766,"column":17},"end":{"line":766,"column":17}}]},"130":{"line":767,"type":"if","locations":[{"start":{"line":767,"column":12},"end":{"line":767,"column":12}},{"start":{"line":767,"column":12},"end":{"line":767,"column":12}}]},"131":{"line":783,"type":"if","locations":[{"start":{"line":783,"column":8},"end":{"line":783,"column":8}},{"start":{"line":783,"column":8},"end":{"line":783,"column":8}}]},"132":{"line":791,"type":"if","locations":[{"start":{"line":791,"column":6},"end":{"line":791,"column":6}},{"start":{"line":791,"column":6},"end":{"line":791,"column":6}}]},"133":{"line":791,"type":"binary-expr","locations":[{"start":{"line":791,"column":10},"end":{"line":791,"column":34}},{"start":{"line":791,"column":38},"end":{"line":791,"column":62}}]},"134":{"line":801,"type":"binary-expr","locations":[{"start":{"line":801,"column":21},"end":{"line":801,"column":33}},{"start":{"line":801,"column":37},"end":{"line":801,"column":55}},{"start":{"line":801,"column":59},"end":{"line":801,"column":77}},{"start":{"line":801,"column":81},"end":{"line":801,"column":99}}]},"135":{"line":803,"type":"binary-expr","locations":[{"start":{"line":803,"column":22},"end":{"line":803,"column":40}},{"start":{"line":803,"column":44},"end":{"line":803,"column":103}},{"start":{"line":804,"column":21},"end":{"line":804,"column":39}},{"start":{"line":804,"column":43},"end":{"line":804,"column":61}}]},"136":{"line":811,"type":"if","locations":[{"start":{"line":811,"column":6},"end":{"line":811,"column":6}},{"start":{"line":811,"column":6},"end":{"line":811,"column":6}}]},"137":{"line":812,"type":"if","locations":[{"start":{"line":812,"column":8},"end":{"line":812,"column":8}},{"start":{"line":812,"column":8},"end":{"line":812,"column":8}}]},"138":{"line":819,"type":"if","locations":[{"start":{"line":819,"column":6},"end":{"line":819,"column":6}},{"start":{"line":819,"column":6},"end":{"line":819,"column":6}}]},"139":{"line":821,"type":"if","locations":[{"start":{"line":821,"column":10},"end":{"line":821,"column":10}},{"start":{"line":821,"column":10},"end":{"line":821,"column":10}}]},"140":{"line":822,"type":"if","locations":[{"start":{"line":822,"column":12},"end":{"line":822,"column":12}},{"start":{"line":822,"column":12},"end":{"line":822,"column":12}}]},"141":{"line":846,"type":"if","locations":[{"start":{"line":846,"column":6},"end":{"line":846,"column":6}},{"start":{"line":846,"column":6},"end":{"line":846,"column":6}}]},"142":{"line":847,"type":"if","locations":[{"start":{"line":847,"column":8},"end":{"line":847,"column":8}},{"start":{"line":847,"column":8},"end":{"line":847,"column":8}}]},"143":{"line":849,"type":"if","locations":[{"start":{"line":849,"column":15},"end":{"line":849,"column":15}},{"start":{"line":849,"column":15},"end":{"line":849,"column":15}}]},"144":{"line":849,"type":"binary-expr","locations":[{"start":{"line":849,"column":19},"end":{"line":849,"column":35}},{"start":{"line":849,"column":39},"end":{"line":849,"column":58}}]},"145":{"line":859,"type":"if","locations":[{"start":{"line":859,"column":8},"end":{"line":859,"column":8}},{"start":{"line":859,"column":8},"end":{"line":859,"column":8}}]},"146":{"line":862,"type":"if","locations":[{"start":{"line":862,"column":8},"end":{"line":862,"column":8}},{"start":{"line":862,"column":8},"end":{"line":862,"column":8}}]},"147":{"line":875,"type":"if","locations":[{"start":{"line":875,"column":6},"end":{"line":875,"column":6}},{"start":{"line":875,"column":6},"end":{"line":875,"column":6}}]},"148":{"line":891,"type":"if","locations":[{"start":{"line":891,"column":8},"end":{"line":891,"column":8}},{"start":{"line":891,"column":8},"end":{"line":891,"column":8}}]},"149":{"line":892,"type":"if","locations":[{"start":{"line":892,"column":10},"end":{"line":892,"column":10}},{"start":{"line":892,"column":10},"end":{"line":892,"column":10}}]},"150":{"line":904,"type":"if","locations":[{"start":{"line":904,"column":10},"end":{"line":904,"column":10}},{"start":{"line":904,"column":10},"end":{"line":904,"column":10}}]},"151":{"line":904,"type":"binary-expr","locations":[{"start":{"line":904,"column":14},"end":{"line":904,"column":30}},{"start":{"line":904,"column":34},"end":{"line":904,"column":46}}]},"152":{"line":906,"type":"if","locations":[{"start":{"line":906,"column":12},"end":{"line":906,"column":12}},{"start":{"line":906,"column":12},"end":{"line":906,"column":12}}]},"153":{"line":927,"type":"if","locations":[{"start":{"line":927,"column":8},"end":{"line":927,"column":8}},{"start":{"line":927,"column":8},"end":{"line":927,"column":8}}]},"154":{"line":937,"type":"if","locations":[{"start":{"line":937,"column":6},"end":{"line":937,"column":6}},{"start":{"line":937,"column":6},"end":{"line":937,"column":6}}]},"155":{"line":938,"type":"if","locations":[{"start":{"line":938,"column":8},"end":{"line":938,"column":8}},{"start":{"line":938,"column":8},"end":{"line":938,"column":8}}]},"156":{"line":947,"type":"if","locations":[{"start":{"line":947,"column":6},"end":{"line":947,"column":6}},{"start":{"line":947,"column":6},"end":{"line":947,"column":6}}]},"157":{"line":951,"type":"if","locations":[{"start":{"line":951,"column":8},"end":{"line":951,"column":8}},{"start":{"line":951,"column":8},"end":{"line":951,"column":8}}]},"158":{"line":956,"type":"if","locations":[{"start":{"line":956,"column":10},"end":{"line":956,"column":10}},{"start":{"line":956,"column":10},"end":{"line":956,"column":10}}]},"159":{"line":965,"type":"if","locations":[{"start":{"line":965,"column":6},"end":{"line":965,"column":6}},{"start":{"line":965,"column":6},"end":{"line":965,"column":6}}]},"160":{"line":965,"type":"binary-expr","locations":[{"start":{"line":965,"column":10},"end":{"line":965,"column":25}},{"start":{"line":965,"column":29},"end":{"line":965,"column":41}}]},"161":{"line":972,"type":"if","locations":[{"start":{"line":972,"column":8},"end":{"line":972,"column":8}},{"start":{"line":972,"column":8},"end":{"line":972,"column":8}}]},"162":{"line":972,"type":"binary-expr","locations":[{"start":{"line":972,"column":12},"end":{"line":972,"column":20}},{"start":{"line":972,"column":24},"end":{"line":972,"column":50}}]},"163":{"line":985,"type":"if","locations":[{"start":{"line":985,"column":6},"end":{"line":985,"column":6}},{"start":{"line":985,"column":6},"end":{"line":985,"column":6}}]},"164":{"line":988,"type":"if","locations":[{"start":{"line":988,"column":6},"end":{"line":988,"column":6}},{"start":{"line":988,"column":6},"end":{"line":988,"column":6}}]},"165":{"line":1000,"type":"if","locations":[{"start":{"line":1000,"column":6},"end":{"line":1000,"column":6}},{"start":{"line":1000,"column":6},"end":{"line":1000,"column":6}}]},"166":{"line":1039,"type":"if","locations":[{"start":{"line":1039,"column":4},"end":{"line":1039,"column":4}},{"start":{"line":1039,"column":4},"end":{"line":1039,"column":4}}]},"167":{"line":1069,"type":"if","locations":[{"start":{"line":1069,"column":4},"end":{"line":1069,"column":4}},{"start":{"line":1069,"column":4},"end":{"line":1069,"column":4}}]},"168":{"line":1086,"type":"cond-expr","locations":[{"start":{"line":1086,"column":26},"end":{"line":1086,"column":48}},{"start":{"line":1086,"column":51},"end":{"line":1086,"column":63}}]},"169":{"line":1091,"type":"if","locations":[{"start":{"line":1091,"column":4},"end":{"line":1091,"column":4}},{"start":{"line":1091,"column":4},"end":{"line":1091,"column":4}}]},"170":{"line":1091,"type":"binary-expr","locations":[{"start":{"line":1091,"column":8},"end":{"line":1091,"column":42}},{"start":{"line":1091,"column":46},"end":{"line":1091,"column":72}}]},"171":{"line":1105,"type":"if","locations":[{"start":{"line":1105,"column":4},"end":{"line":1105,"column":4}},{"start":{"line":1105,"column":4},"end":{"line":1105,"column":4}}]},"172":{"line":1111,"type":"if","locations":[{"start":{"line":1111,"column":6},"end":{"line":1111,"column":6}},{"start":{"line":1111,"column":6},"end":{"line":1111,"column":6}}]},"173":{"line":1112,"type":"if","locations":[{"start":{"line":1112,"column":8},"end":{"line":1112,"column":8}},{"start":{"line":1112,"column":8},"end":{"line":1112,"column":8}}]},"174":{"line":1123,"type":"if","locations":[{"start":{"line":1123,"column":4},"end":{"line":1123,"column":4}},{"start":{"line":1123,"column":4},"end":{"line":1123,"column":4}}]},"175":{"line":1144,"type":"if","locations":[{"start":{"line":1144,"column":6},"end":{"line":1144,"column":6}},{"start":{"line":1144,"column":6},"end":{"line":1144,"column":6}}]},"176":{"line":1147,"type":"if","locations":[{"start":{"line":1147,"column":6},"end":{"line":1147,"column":6}},{"start":{"line":1147,"column":6},"end":{"line":1147,"column":6}}]},"177":{"line":1153,"type":"if","locations":[{"start":{"line":1153,"column":8},"end":{"line":1153,"column":8}},{"start":{"line":1153,"column":8},"end":{"line":1153,"column":8}}]},"178":{"line":1172,"type":"cond-expr","locations":[{"start":{"line":1172,"column":36},"end":{"line":1172,"column":42}},{"start":{"line":1172,"column":45},"end":{"line":1172,"column":51}}]}}}}