TN:
SF:/root/remotestorage.js/lib/promising.js
FN:1,(anonymous_1)
FN:1,(anonymous_2)
FN:2,getPromise
FN:6,(anonymous_4)
FN:17,notifyConsumer
FN:55,resolve
FN:62,(anonymous_7)
FN:76,(anonymous_8)
FN:83,(anonymous_9)
FN:92,(anonymous_10)
FN:97,(anonymous_11)
FNF:11
FNH:11
FNDA:2,(anonymous_1)
FNDA:2,(anonymous_2)
FNDA:7903,getPromise
FNDA:1,(anonymous_4)
FNDA:5019,notifyConsumer
FNDA:7875,resolve
FNDA:7870,(anonymous_7)
FNDA:5026,(anonymous_8)
FNDA:2744,(anonymous_9)
FNDA:7819,(anonymous_10)
FNDA:56,(anonymous_11)
DA:1,2
DA:2,1
DA:3,7903
DA:5,7903
DA:6,1
DA:7,1
DA:8,1
DA:10,0
DA:15,7903
DA:17,1
DA:18,5019
DA:19,4980
DA:20,4980
DA:21,4980
DA:22,4980
DA:24,1
DA:25,1
DA:28,0
DA:30,4979
DA:31,1113
DA:33,3866
DA:36,39
DA:37,34
DA:38,34
DA:39,34
DA:41,3
DA:42,3
DA:44,31
DA:45,0
DA:47,31
DA:50,5
DA:55,1
DA:56,7875
DA:57,0
DA:58,0
DA:60,7875
DA:61,7875
DA:62,7875
DA:63,7870
DA:64,7870
DA:65,20
DA:67,7870
DA:68,2275
DA:70,7870
DA:74,7903
DA:77,5026
DA:82,5026
DA:83,2745
DA:84,2744
DA:87,2281
DA:89,5026
DA:93,7819
DA:94,7819
DA:98,56
DA:99,56
DA:104,7903
DA:107,2
LF:57
LH:52
BRDA:5,1,0,1
BRDA:5,1,1,7902
BRDA:18,2,0,4980
BRDA:18,2,1,39
BRDA:20,3,0,4980
BRDA:20,3,1,0
BRDA:30,4,0,1113
BRDA:30,4,1,3866
BRDA:30,5,0,4979
BRDA:30,5,1,2795
BRDA:36,6,0,34
BRDA:36,6,1,5
BRDA:44,7,0,0
BRDA:44,7,1,31
BRDA:44,8,0,31
BRDA:44,8,1,3
BRDA:56,9,0,0
BRDA:56,9,1,7875
BRDA:64,10,0,20
BRDA:64,10,1,7850
BRDA:64,11,0,7870
BRDA:64,11,1,5595
BRDA:65,12,0,20
BRDA:65,12,1,20
BRDA:78,13,0,5026
BRDA:78,13,1,0
BRDA:79,14,0,2225
BRDA:79,14,1,2801
BRDA:82,15,0,2745
BRDA:82,15,1,2281
BRDA:109,16,0,0
BRDA:109,16,1,2
BRF:32
BRH:27
end_of_record
TN:
SF:/root/remotestorage.js/src/access.js
FN:1,(anonymous_1)
FN:1,(anonymous_2)
FN:10,(anonymous_3)
FN:30,(anonymous_4)
FN:41,(anonymous_5)
FN:45,(anonymous_6)
FN:61,(anonymous_7)
FN:69,(anonymous_8)
FN:76,(anonymous_9)
FN:84,(anonymous_10)
FN:92,(anonymous_11)
FN:101,(anonymous_12)
FN:112,(anonymous_13)
FN:124,(anonymous_14)
FN:125,(anonymous_15)
FN:132,(anonymous_16)
FN:133,(anonymous_17)
FN:141,(anonymous_18)
FN:151,(anonymous_19)
FNF:19
FNH:16
FNDA:2,(anonymous_1)
FNDA:2,(anonymous_2)
FNDA:1,(anonymous_3)
FNDA:14,(anonymous_4)
FNDA:200,(anonymous_5)
FNDA:0,(anonymous_6)
FNDA:198,(anonymous_7)
FNDA:130,(anonymous_8)
FNDA:9,(anonymous_9)
FNDA:90,(anonymous_10)
FNDA:14,(anonymous_11)
FNDA:8,(anonymous_12)
FNDA:4,(anonymous_13)
FNDA:8,(anonymous_14)
FNDA:8,(anonymous_15)
FNDA:7,(anonymous_16)
FNDA:8,(anonymous_17)
FNDA:0,(anonymous_18)
FNDA:0,(anonymous_19)
DA:1,2
DA:3,2
DA:10,2
DA:11,1
DA:14,2
DA:31,14
DA:32,0
DA:34,14
DA:35,0
DA:37,14
DA:38,14
DA:42,200
DA:46,0
DA:47,0
DA:48,0
DA:49,0
DA:51,0
DA:52,0
DA:53,0
DA:54,0
DA:62,198
DA:63,198
DA:70,130
DA:71,66
DA:73,64
DA:77,9
DA:78,9
DA:85,90
DA:86,10
DA:88,80
DA:89,80
DA:93,14
DA:94,8
DA:95,6
DA:96,6
DA:97,6
DA:102,8
DA:103,4
DA:104,1
DA:105,3
DA:106,2
DA:109,5
DA:113,4
DA:123,2
DA:125,8
DA:126,8
DA:131,2
DA:133,7
DA:134,8
DA:140,2
DA:142,0
DA:143,0
DA:146,0
DA:151,2
LF:54
LH:41
BRDA:31,1,0,0
BRDA:31,1,1,14
BRDA:31,2,0,14
BRDA:31,2,1,14
BRDA:31,2,2,14
BRDA:34,3,0,0
BRDA:34,3,1,14
BRDA:63,4,0,198
BRDA:63,4,1,132
BRDA:63,4,2,74
BRDA:70,5,0,66
BRDA:70,5,1,64
BRDA:85,6,0,10
BRDA:85,6,1,80
BRDA:89,7,0,64
BRDA:89,7,1,16
BRDA:93,8,0,8
BRDA:93,8,1,6
BRDA:93,9,0,14
BRDA:93,9,1,11
BRDA:95,10,0,6
BRDA:95,10,1,0
BRDA:102,11,0,4
BRDA:102,11,1,4
BRDA:102,12,0,8
BRDA:102,12,1,4
BRDA:103,13,0,1
BRDA:103,13,1,3
BRDA:105,14,0,2
BRDA:105,14,1,1
BRDA:152,15,0,0
BRDA:152,15,1,2
BRF:32
BRH:28
end_of_record
TN:
SF:/root/remotestorage.js/src/eventhandling.js
FN:1,(anonymous_1)
FN:1,(anonymous_2)
FN:11,(anonymous_3)
FN:28,(anonymous_4)
FN:39,(anonymous_5)
FN:42,(anonymous_6)
FN:47,(anonymous_7)
FN:53,(anonymous_8)
FN:54,(anonymous_9)
FN:59,(anonymous_10)
FN:98,(anonymous_11)
FN:104,(anonymous_12)
FNF:12
FNH:10
FNDA:2,(anonymous_1)
FNDA:2,(anonymous_2)
FNDA:341,(anonymous_3)
FNDA:3,(anonymous_4)
FNDA:882,(anonymous_5)
FNDA:203,(anonymous_6)
FNDA:1226,(anonymous_7)
FNDA:0,(anonymous_8)
FNDA:0,(anonymous_9)
FNDA:1566,(anonymous_10)
FNDA:486,(anonymous_11)
FNDA:1566,(anonymous_12)
DA:1,2
DA:5,2
DA:12,341
DA:13,0
DA:15,341
DA:16,0
DA:18,341
DA:19,341
DA:20,341
DA:29,3
DA:30,3
DA:31,3
DA:32,3
DA:33,3
DA:34,3
DA:40,882
DA:41,882
DA:42,882
DA:43,203
DA:48,1226
DA:49,0
DA:54,0
DA:55,0
DA:60,1566
DA:69,2
DA:98,2
DA:99,486
DA:100,486
DA:101,3402
DA:103,486
DA:104,486
DA:105,1566
LF:32
LH:27
BRDA:12,1,0,0
BRDA:12,1,1,341
BRDA:15,2,0,0
BRDA:15,2,1,341
BRDA:32,3,0,3
BRDA:32,3,1,0
BRDA:48,4,0,0
BRDA:48,4,1,1226
BRDA:108,5,0,0
BRDA:108,5,1,2
BRF:10
BRH:5
end_of_record
TN:
SF:/root/remotestorage.js/src/authorize.js
FN:1,(anonymous_1)
FN:1,(anonymous_2)
FN:3,extractParams
FN:12,(anonymous_4)
FN:19,(anonymous_5)
FN:26,(anonymous_6)
FN:43,(anonymous_7)
FN:58,(anonymous_8)
FN:67,(anonymous_9)
FN:77,(anonymous_10)
FN:81,(anonymous_11)
FN:86,(anonymous_12)
FN:88,(anonymous_13)
FN:119,(anonymous_14)
FNF:14
FNH:10
FNDA:2,(anonymous_1)
FNDA:2,(anonymous_2)
FNDA:8,extractParams
FNDA:8,(anonymous_4)
FNDA:0,(anonymous_5)
FNDA:1,(anonymous_6)
FNDA:0,(anonymous_7)
FNDA:18,(anonymous_8)
FNDA:14,(anonymous_9)
FNDA:0,(anonymous_10)
FNDA:0,(anonymous_11)
FNDA:8,(anonymous_12)
FNDA:5,(anonymous_13)
FNDA:1,(anonymous_14)
DA:1,2
DA:3,1
DA:5,8
DA:8,8
DA:9,7
DA:11,7
DA:12,7
DA:13,8
DA:14,8
DA:15,8
DA:19,2
DA:20,0
DA:22,0
DA:23,0
DA:26,2
DA:27,1
DA:29,1
DA:30,1
DA:31,1
DA:32,1
DA:33,1
DA:34,1
DA:35,1
DA:37,1
DA:38,1
DA:41,2
DA:43,2
DA:44,0
DA:45,0
DA:47,0
DA:48,0
DA:50,0
DA:58,2
DA:59,18
DA:67,2
DA:68,14
DA:69,3
DA:70,11
DA:71,11
DA:73,0
DA:77,2
DA:78,0
DA:81,2
DA:82,0
DA:85,2
DA:86,2
DA:88,8
DA:89,5
DA:90,5
DA:91,5
DA:92,0
DA:94,5
DA:95,2
DA:96,2
DA:98,5
DA:99,1
DA:100,1
DA:102,5
DA:103,1
DA:106,5
DA:107,2
DA:110,8
DA:112,8
DA:113,7
DA:114,7
DA:116,8
DA:119,2
DA:120,1
LF:68
LH:56
BRDA:8,1,0,1
BRDA:8,1,1,7
BRDA:11,2,0,0
BRDA:11,2,1,7
BRDA:30,3,0,0
BRDA:30,3,1,1
BRDA:34,4,0,1
BRDA:34,4,1,0
BRDA:68,5,0,3
BRDA:68,5,1,11
BRDA:70,6,0,11
BRDA:70,6,1,0
BRDA:90,7,0,5
BRDA:90,7,1,0
BRDA:91,8,0,0
BRDA:91,8,1,5
BRDA:94,9,0,2
BRDA:94,9,1,3
BRDA:98,10,0,1
BRDA:98,10,1,4
BRDA:102,11,0,1
BRDA:102,11,1,4
BRDA:106,12,0,2
BRDA:106,12,1,3
BRDA:112,13,0,7
BRDA:112,13,1,1
BRDA:123,14,0,0
BRDA:123,14,1,2
BRF:28
BRH:21
end_of_record
TN:
SF:/root/remotestorage.js/src/wireclient.js
FN:1,(anonymous_1)
FN:1,(anonymous_2)
FN:57,(anonymous_3)
FN:63,(anonymous_4)
FN:73,addQuotes
FN:84,stripQuotes
FN:92,readBinaryData
FN:95,(anonymous_8)
FN:101,cleanPath
FN:105,isFolder
FN:109,isFolderDescription
FN:114,isSuccessStatus
FN:118,isErrorStatus
FN:127,(anonymous_14)
FN:140,(anonymous_15)
FN:150,(anonymous_16)
FN:202,(anonymous_17)
FN:224,(anonymous_18)
FN:263,(anonymous_19)
FN:282,(anonymous_20)
FN:314,(anonymous_21)
FN:319,(anonymous_22)
FN:325,(anonymous_23)
FN:341,(anonymous_24)
FN:359,(anonymous_25)
FN:374,(anonymous_26)
FN:395,(anonymous_27)
FN:421,(anonymous_28)
FN:428,(anonymous_29)
FN:445,(anonymous_30)
FN:451,(anonymous_31)
FN:474,(anonymous_32)
FN:484,(anonymous_33)
FN:490,(anonymous_34)
FN:494,(anonymous_35)
FNF:35
FNH:31
FNDA:2,(anonymous_1)
FNDA:2,(anonymous_2)
FNDA:0,(anonymous_3)
FNDA:15,(anonymous_4)
FNDA:1,addQuotes
FNDA:7,stripQuotes
FNDA:4,readBinaryData
FNDA:4,(anonymous_8)
FNDA:71,cleanPath
FNDA:107,isFolder
FNDA:3,isFolderDescription
FNDA:16,isSuccessStatus
FNDA:19,isErrorStatus
FNDA:105,(anonymous_14)
FNDA:2,(anonymous_15)
FNDA:0,(anonymous_16)
FNDA:42,(anonymous_17)
FNDA:38,(anonymous_18)
FNDA:3,(anonymous_19)
FNDA:72,(anonymous_20)
FNDA:0,(anonymous_21)
FNDA:1,(anonymous_22)
FNDA:28,(anonymous_23)
FNDA:4,(anonymous_24)
FNDA:2,(anonymous_25)
FNDA:10,(anonymous_26)
FNDA:7,(anonymous_27)
FNDA:70,(anonymous_28)
FNDA:19,(anonymous_29)
FNDA:37,(anonymous_30)
FNDA:6,(anonymous_31)
FNDA:5,(anonymous_32)
FNDA:1,(anonymous_33)
FNDA:0,(anonymous_34)
FNDA:1,(anonymous_35)
DA:1,2
DA:2,2
DA:42,2
DA:43,2
DA:45,2
DA:47,2
DA:54,2
DA:56,2
DA:57,0
DA:59,2
DA:63,2
DA:64,15
DA:65,120
DA:66,0
DA:69,15
DA:73,1
DA:74,1
DA:75,0
DA:77,1
DA:78,0
DA:81,1
DA:84,1
DA:85,7
DA:86,3
DA:89,4
DA:92,1
DA:93,4
DA:94,4
DA:95,4
DA:96,4
DA:98,4
DA:101,1
DA:102,71
DA:105,1
DA:106,107
DA:109,1
DA:110,3
DA:114,1
DA:115,16
DA:118,1
DA:119,19
DA:122,2
DA:127,2
DA:128,105
DA:138,105
DA:140,105
DA:141,2
DA:142,2
DA:145,105
DA:146,105
DA:147,0
DA:148,0
DA:149,0
DA:150,0
DA:151,0
DA:156,105
DA:158,105
DA:159,0
DA:163,2
DA:165,2
DA:203,42
DA:204,0
DA:207,42
DA:208,42
DA:209,42
DA:210,42
DA:212,42
DA:213,42
DA:216,42
DA:221,42
DA:225,38
DA:226,19
DA:231,19
DA:232,19
DA:234,19
DA:239,19
DA:240,19
DA:241,3
DA:242,3
DA:243,0
DA:245,3
DA:247,3
DA:248,16
DA:250,7
DA:251,7
DA:252,7
DA:254,9
DA:255,9
DA:256,9
DA:257,0
DA:259,9
DA:262,9
DA:263,3
DA:264,3
DA:265,3
DA:268,6
DA:269,3
DA:271,3
DA:273,6
DA:274,6
DA:279,42
DA:283,72
DA:284,2
DA:286,72
DA:287,54
DA:289,72
DA:290,15
DA:292,72
DA:293,55
DA:295,72
DA:296,15
DA:297,15
DA:299,72
DA:300,64
DA:301,64
DA:302,64
DA:304,8
DA:306,72
DA:307,0
DA:314,72
DA:315,0
DA:320,1
DA:321,1
DA:326,28
DA:327,1
DA:329,27
DA:330,27
DA:331,27
DA:332,2
DA:333,1
DA:335,25
DA:336,2
DA:338,27
DA:340,27
DA:341,7
DA:342,4
DA:345,4
DA:347,3
DA:348,0
DA:351,3
DA:352,2
DA:353,2
DA:355,2
DA:359,1
DA:360,2
DA:361,2
DA:364,3
DA:366,1
DA:370,20
DA:375,10
DA:376,1
DA:378,9
DA:379,9
DA:380,9
DA:382,9
DA:383,9
DA:384,6
DA:385,0
DA:387,6
DA:388,0
DA:391,9
DA:396,7
DA:397,1
DA:399,6
DA:400,6
DA:401,6
DA:402,1
DA:403,0
DA:406,6
DA:413,2
DA:416,2
DA:418,2
DA:421,2
DA:422,70
DA:424,70
DA:426,70
DA:428,70
DA:429,19
DA:430,19
DA:433,70
DA:434,70
DA:436,70
DA:437,0
DA:439,70
DA:440,70
DA:441,79
DA:445,70
DA:446,37
DA:447,37
DA:448,37
DA:451,70
DA:452,6
DA:453,6
DA:454,6
DA:457,70
DA:459,70
DA:460,1
DA:464,1
DA:465,0
DA:467,1
DA:470,70
DA:473,2
DA:475,5
DA:476,4
DA:477,4
DA:482,2
DA:484,2
DA:485,1
DA:486,1
DA:487,1
DA:490,2
DA:491,0
DA:494,2
DA:495,1
DA:496,0
DA:498,1
LF:216
LH:193
BRDA:56,1,0,0
BRDA:56,1,1,2
BRDA:57,2,0,0
BRDA:57,2,1,0
BRDA:65,3,0,0
BRDA:65,3,1,120
BRDA:74,4,0,0
BRDA:74,4,1,1
BRDA:77,5,0,0
BRDA:77,5,1,1
BRDA:85,6,0,3
BRDA:85,6,1,4
BRDA:110,7,0,3
BRDA:110,7,1,2
BRDA:141,8,0,2
BRDA:141,8,1,0
BRDA:146,9,0,0
BRDA:146,9,1,105
BRDA:149,10,0,0
BRDA:149,10,1,0
BRDA:158,11,0,0
BRDA:158,11,1,105
BRDA:203,12,0,0
BRDA:203,12,1,42
BRDA:203,13,0,42
BRDA:203,13,1,33
BRDA:203,13,2,15
BRDA:212,14,0,42
BRDA:212,14,1,0
BRDA:225,15,0,19
BRDA:225,15,1,19
BRDA:240,16,0,3
BRDA:240,16,1,16
BRDA:242,17,0,0
BRDA:242,17,1,3
BRDA:248,18,0,7
BRDA:248,18,1,9
BRDA:248,19,0,16
BRDA:248,19,1,14
BRDA:248,19,2,14
BRDA:256,20,0,0
BRDA:256,20,1,9
BRDA:259,21,0,9
BRDA:259,21,1,0
BRDA:262,22,0,3
BRDA:262,22,1,6
BRDA:262,23,0,9
BRDA:262,23,1,8
BRDA:268,24,0,3
BRDA:268,24,1,3
BRDA:268,25,0,6
BRDA:268,25,1,6
BRDA:283,26,0,2
BRDA:283,26,1,70
BRDA:286,27,0,54
BRDA:286,27,1,18
BRDA:289,28,0,15
BRDA:289,28,1,57
BRDA:292,29,0,55
BRDA:292,29,1,17
BRDA:295,30,0,15
BRDA:295,30,1,57
BRDA:296,31,0,15
BRDA:296,31,1,0
BRDA:299,32,0,64
BRDA:299,32,1,8
BRDA:299,33,0,72
BRDA:299,33,1,66
BRDA:306,34,0,0
BRDA:306,34,1,72
BRDA:320,35,0,1
BRDA:320,35,1,0
BRDA:326,36,0,1
BRDA:326,36,1,27
BRDA:329,37,0,24
BRDA:329,37,1,3
BRDA:331,38,0,2
BRDA:331,38,1,25
BRDA:332,39,0,1
BRDA:332,39,1,1
BRDA:335,40,0,2
BRDA:335,40,1,23
BRDA:340,41,0,7
BRDA:340,41,1,20
BRDA:345,42,0,3
BRDA:345,42,1,1
BRDA:345,43,0,4
BRDA:345,43,1,3
BRDA:347,44,0,0
BRDA:347,44,1,3
BRDA:351,45,0,2
BRDA:351,45,1,1
BRDA:375,46,0,1
BRDA:375,46,1,9
BRDA:378,47,0,7
BRDA:378,47,1,2
BRDA:379,48,0,9
BRDA:379,48,1,0
BRDA:380,49,0,0
BRDA:380,49,1,9
BRDA:380,50,0,9
BRDA:380,50,1,9
BRDA:383,51,0,6
BRDA:383,51,1,3
BRDA:384,52,0,0
BRDA:384,52,1,6
BRDA:387,53,0,0
BRDA:387,53,1,6
BRDA:396,54,0,1
BRDA:396,54,1,6
BRDA:399,55,0,2
BRDA:399,55,1,4
BRDA:401,56,0,1
BRDA:401,56,1,5
BRDA:402,57,0,0
BRDA:402,57,1,1
BRDA:436,58,0,0
BRDA:436,58,1,70
BRDA:439,59,0,70
BRDA:439,59,1,0
BRDA:446,60,0,0
BRDA:446,60,1,37
BRDA:452,61,0,0
BRDA:452,61,1,6
BRDA:459,62,0,1
BRDA:459,62,1,69
BRDA:460,63,0,0
BRDA:460,63,1,1
BRDA:464,64,0,0
BRDA:464,64,1,1
BRDA:475,65,0,4
BRDA:475,65,1,1
BRDA:477,66,0,3
BRDA:477,66,1,1
BRDA:495,67,0,0
BRDA:495,67,1,1
BRDA:501,68,0,0
BRDA:501,68,1,2
BRF:138
BRH:105
end_of_record
TN:
SF:/root/remotestorage.js/lib/Math.uuid.js
FN:1,(anonymous_1)
FN:44,(anonymous_2)
FNF:2
FNH:2
FNDA:2,(anonymous_1)
FNDA:10000,(anonymous_2)
DA:1,2
DA:42,2
DA:44,2
DA:45,10000
DA:46,10000
DA:48,10000
DA:50,0
DA:53,10000
DA:56,10000
DA:57,10000
DA:61,10000
DA:62,360000
DA:63,310000
DA:64,310000
DA:69,10000
LF:15
LH:14
BRDA:46,1,0,10000
BRDA:46,1,1,10000
BRDA:48,2,0,0
BRDA:48,2,1,10000
BRDA:62,3,0,310000
BRDA:62,3,1,50000
BRDA:64,4,0,10000
BRDA:64,4,1,300000
BRF:8
BRH:7
end_of_record
TN:
SF:/root/remotestorage.js/lib/tv4.js
FN:1,(anonymous_1)
FN:10,(anonymous_2)
FN:11,(anonymous_3)
FN:18,(anonymous_4)
FN:21,(anonymous_5)
FN:27,(anonymous_6)
FN:34,(anonymous_7)
FN:71,(anonymous_8)
FN:82,validateAll
FN:112,recursiveCompare
FN:150,validateBasic
FN:161,validateType
FN:185,validateEnum
FN:197,validateNumeric
FN:203,validateMultipleOf
FN:216,validateMinMax
FN:238,validateString
FN:244,validateStringLength
FN:261,validateStringPattern
FN:271,validateArray
FN:281,validateArrayLength
FN:301,validateArrayUniqueItems
FN:317,validateArrayItems
FN:350,validateObject
FN:361,validateObjectMinMaxProperties
FN:382,validateObjectRequiredProperties
FN:397,validateObjectProperties
FN:436,validateObjectDependencies
FN:470,validateCombinations
FN:479,validateAllOf
FN:493,validateAnyOf
FN:518,validateOneOf
FN:552,validateNot
FN:569,parseURI
FN:585,resolveUrl
FN:587,removeDotSegments
FN:592,(anonymous_37)
FN:612,normSchema
FN:666,ValidationError
FN:677,(anonymous_40)
FN:695,searchForTrustedSchemas
FN:721,(anonymous_42)
FN:733,(anonymous_43)
FN:738,(anonymous_44)
FN:751,(anonymous_45)
FN:754,(anonymous_46)
FNF:46
FNH:32
FNDA:2,(anonymous_1)
FNDA:2,(anonymous_2)
FNDA:5,(anonymous_3)
FNDA:4,(anonymous_4)
FNDA:0,(anonymous_5)
FNDA:0,(anonymous_6)
FNDA:0,(anonymous_7)
FNDA:3,(anonymous_8)
FNDA:3,validateAll
FNDA:0,recursiveCompare
FNDA:3,validateBasic
FNDA:3,validateType
FNDA:3,validateEnum
FNDA:3,validateNumeric
FNDA:3,validateMultipleOf
FNDA:3,validateMinMax
FNDA:3,validateString
FNDA:3,validateStringLength
FNDA:3,validateStringPattern
FNDA:3,validateArray
FNDA:0,validateArrayLength
FNDA:0,validateArrayUniqueItems
FNDA:0,validateArrayItems
FNDA:3,validateObject
FNDA:3,validateObjectMinMaxProperties
FNDA:3,validateObjectRequiredProperties
FNDA:2,validateObjectProperties
FNDA:2,validateObjectDependencies
FNDA:2,validateCombinations
FNDA:2,validateAllOf
FNDA:2,validateAnyOf
FNDA:2,validateOneOf
FNDA:2,validateNot
FNDA:0,parseURI
FNDA:0,resolveUrl
FNDA:0,removeDotSegments
FNDA:0,(anonymous_37)
FNDA:9,normSchema
FNDA:1,ValidationError
FNDA:2,(anonymous_40)
FNDA:6,searchForTrustedSchemas
FNDA:3,(anonymous_42)
FNDA:3,(anonymous_43)
FNDA:0,(anonymous_44)
FNDA:0,(anonymous_45)
FNDA:0,(anonymous_46)
DA:1,2
DA:10,2
DA:11,2
DA:12,5
DA:13,5
DA:14,5
DA:15,5
DA:16,5
DA:18,2
DA:19,4
DA:21,2
DA:22,0
DA:23,0
DA:25,0
DA:27,2
DA:28,0
DA:29,0
DA:31,0
DA:34,2
DA:35,0
DA:36,0
DA:37,0
DA:39,0
DA:40,0
DA:41,0
DA:42,0
DA:43,0
DA:45,0
DA:46,0
DA:47,0
DA:48,0
DA:49,0
DA:50,0
DA:51,0
DA:53,0
DA:54,0
DA:55,0
DA:56,0
DA:57,0
DA:58,0
DA:60,0
DA:62,0
DA:63,0
DA:66,0
DA:67,0
DA:68,0
DA:71,2
DA:72,3
DA:73,3
DA:74,3
DA:75,3
DA:76,3
DA:77,3
DA:79,3
DA:82,2
DA:83,3
DA:84,0
DA:85,0
DA:86,0
DA:90,3
DA:91,3
DA:98,3
DA:99,1
DA:100,0
DA:101,0
DA:102,0
DA:103,0
DA:105,0
DA:109,3
DA:112,1
DA:113,0
DA:114,0
DA:116,0
DA:117,0
DA:118,0
DA:119,0
DA:120,0
DA:121,0
DA:123,0
DA:124,0
DA:125,0
DA:129,0
DA:130,0
DA:131,0
DA:134,0
DA:135,0
DA:136,0
DA:139,0
DA:140,0
DA:141,0
DA:145,0
DA:147,0
DA:150,2
DA:151,3
DA:152,3
DA:153,0
DA:155,3
DA:156,0
DA:158,3
DA:161,2
DA:162,3
DA:163,2
DA:165,1
DA:166,1
DA:167,0
DA:168,1
DA:169,0
DA:171,1
DA:172,1
DA:173,1
DA:176,1
DA:177,1
DA:178,1
DA:179,1
DA:182,0
DA:185,2
DA:186,3
DA:187,3
DA:189,0
DA:190,0
DA:191,0
DA:192,0
DA:195,0
DA:197,2
DA:198,3
DA:203,2
DA:204,3
DA:205,3
DA:206,3
DA:208,0
DA:209,0
DA:210,0
DA:213,0
DA:216,2
DA:217,3
DA:218,3
DA:220,0
DA:221,0
DA:222,0
DA:224,0
DA:225,0
DA:228,0
DA:229,0
DA:230,0
DA:232,0
DA:233,0
DA:236,0
DA:238,2
DA:239,3
DA:244,2
DA:245,3
DA:246,3
DA:248,0
DA:249,0
DA:250,0
DA:253,0
DA:254,0
DA:255,0
DA:258,0
DA:261,2
DA:262,3
DA:263,3
DA:265,0
DA:266,0
DA:267,0
DA:269,0
DA:271,2
DA:272,3
DA:273,3
DA:275,0
DA:281,2
DA:282,0
DA:283,0
DA:284,0
DA:285,0
DA:286,0
DA:290,0
DA:291,0
DA:292,0
DA:293,0
DA:294,0
DA:298,0
DA:301,2
DA:302,0
DA:303,0
DA:304,0
DA:305,0
DA:306,0
DA:307,0
DA:308,0
DA:314,0
DA:317,2
DA:318,0
DA:319,0
DA:321,0
DA:322,0
DA:323,0
DA:324,0
DA:325,0
DA:326,0
DA:328,0
DA:329,0
DA:330,0
DA:331,0
DA:332,0
DA:333,0
DA:336,0
DA:337,0
DA:342,0
DA:343,0
DA:344,0
DA:348,0
DA:350,2
DA:351,3
DA:352,0
DA:354,3
DA:361,2
DA:362,3
DA:363,3
DA:364,0
DA:365,0
DA:366,0
DA:367,0
DA:371,3
DA:372,0
DA:373,0
DA:374,0
DA:375,0
DA:379,3
DA:382,2
DA:383,3
DA:384,1
DA:385,1
DA:386,1
DA:387,1
DA:388,1
DA:389,1
DA:394,2
DA:397,2
DA:398,2
DA:399,2
DA:400,4
DA:401,4
DA:402,0
DA:403,0
DA:404,0
DA:407,4
DA:408,0
DA:409,0
DA:410,0
DA:411,0
DA:412,0
DA:413,0
DA:418,4
DA:419,0
DA:420,0
DA:421,0
DA:422,0
DA:423,0
DA:427,0
DA:428,0
DA:433,2
DA:436,2
DA:437,2
DA:438,2
DA:439,0
DA:440,0
DA:441,0
DA:442,0
DA:443,0
DA:444,0
DA:445,0
DA:446,0
DA:449,0
DA:450,0
DA:451,0
DA:452,0
DA:453,0
DA:454,0
DA:455,0
DA:460,0
DA:461,0
DA:467,2
DA:470,2
DA:471,2
DA:472,2
DA:479,2
DA:480,2
DA:481,2
DA:483,0
DA:484,0
DA:485,0
DA:486,0
DA:487,0
DA:490,0
DA:493,2
DA:494,2
DA:495,2
DA:497,0
DA:498,0
DA:499,0
DA:500,0
DA:502,0
DA:503,0
DA:505,0
DA:506,0
DA:507,0
DA:509,0
DA:510,0
DA:513,0
DA:514,0
DA:515,0
DA:518,2
DA:519,2
DA:520,2
DA:522,0
DA:523,0
DA:524,0
DA:525,0
DA:526,0
DA:528,0
DA:529,0
DA:531,0
DA:532,0
DA:533,0
DA:535,0
DA:536,0
DA:538,0
DA:539,0
DA:542,0
DA:543,0
DA:544,0
DA:545,0
DA:547,0
DA:549,0
DA:552,2
DA:553,2
DA:554,2
DA:556,0
DA:557,0
DA:558,0
DA:559,0
DA:560,0
DA:561,0
DA:563,0
DA:569,1
DA:570,0
DA:572,0
DA:585,1
DA:587,1
DA:588,0
DA:589,0
DA:593,0
DA:594,0
DA:596,0
DA:599,0
DA:602,0
DA:603,0
DA:605,0
DA:612,1
DA:613,9
DA:614,0
DA:615,9
DA:616,0
DA:617,0
DA:619,9
DA:620,6
DA:621,1
DA:622,1
DA:624,5
DA:625,0
DA:627,5
DA:628,5
DA:629,5
DA:636,2
DA:666,1
DA:667,1
DA:668,0
DA:670,1
DA:671,1
DA:672,1
DA:673,1
DA:674,1
DA:676,2
DA:678,2
DA:679,0
DA:680,0
DA:682,2
DA:683,2
DA:684,2
DA:686,2
DA:687,0
DA:688,0
DA:691,2
DA:695,1
DA:696,6
DA:697,0
DA:698,0
DA:699,0
DA:702,0
DA:703,0
DA:708,6
DA:709,6
DA:710,6
DA:711,3
DA:715,6
DA:718,2
DA:720,2
DA:722,3
DA:723,3
DA:724,0
DA:726,3
DA:727,3
DA:728,3
DA:729,3
DA:730,3
DA:731,3
DA:734,3
DA:735,3
DA:736,3
DA:739,0
DA:740,0
DA:741,0
DA:743,0
DA:744,0
DA:745,0
DA:746,0
DA:747,0
DA:748,0
DA:749,0
DA:752,0
DA:755,0
DA:764,2
LF:433
LH:167
BRDA:13,1,0,3
BRDA:13,1,1,2
BRDA:16,2,0,0
BRDA:16,2,1,5
BRDA:22,3,0,0
BRDA:22,3,1,0
BRDA:35,4,0,0
BRDA:35,4,1,0
BRDA:41,5,0,0
BRDA:41,5,1,0
BRDA:45,6,0,0
BRDA:45,6,1,0
BRDA:48,7,0,0
BRDA:48,7,1,0
BRDA:50,8,0,0
BRDA:50,8,1,0
BRDA:56,9,0,0
BRDA:56,9,1,0
BRDA:62,10,0,0
BRDA:62,10,1,0
BRDA:66,11,0,0
BRDA:66,11,1,0
BRDA:83,12,0,0
BRDA:83,12,1,3
BRDA:85,13,0,0
BRDA:85,13,1,0
BRDA:91,14,0,3
BRDA:91,14,1,3
BRDA:91,14,2,3
BRDA:91,14,3,3
BRDA:91,14,4,3
BRDA:91,14,5,2
BRDA:91,14,6,2
BRDA:98,15,0,1
BRDA:98,15,1,2
BRDA:98,16,0,3
BRDA:98,16,1,2
BRDA:99,17,0,1
BRDA:99,17,1,0
BRDA:99,17,2,1
BRDA:99,17,3,0
BRDA:100,18,0,0
BRDA:100,18,1,0
BRDA:100,19,0,0
BRDA:100,19,1,0
BRDA:101,20,0,0
BRDA:101,20,1,0
BRDA:101,21,0,0
BRDA:101,21,1,0
BRDA:102,22,0,0
BRDA:102,22,1,0
BRDA:113,23,0,0
BRDA:113,23,1,0
BRDA:116,24,0,0
BRDA:116,24,1,0
BRDA:116,25,0,0
BRDA:116,25,1,0
BRDA:117,26,0,0
BRDA:117,26,1,0
BRDA:119,27,0,0
BRDA:119,27,1,0
BRDA:120,28,0,0
BRDA:120,28,1,0
BRDA:124,29,0,0
BRDA:124,29,1,0
BRDA:130,30,0,0
BRDA:130,30,1,0
BRDA:130,31,0,0
BRDA:130,31,1,0
BRDA:135,32,0,0
BRDA:135,32,1,0
BRDA:135,33,0,0
BRDA:135,33,1,0
BRDA:140,34,0,0
BRDA:140,34,1,0
BRDA:152,35,0,0
BRDA:152,35,1,3
BRDA:155,36,0,0
BRDA:155,36,1,3
BRDA:162,37,0,2
BRDA:162,37,1,1
BRDA:166,38,0,0
BRDA:166,38,1,1
BRDA:168,39,0,0
BRDA:168,39,1,1
BRDA:172,40,0,1
BRDA:172,40,1,0
BRDA:178,41,0,1
BRDA:178,41,1,0
BRDA:178,42,0,1
BRDA:178,42,1,0
BRDA:178,42,2,0
BRDA:178,42,3,0
BRDA:186,43,0,3
BRDA:186,43,1,0
BRDA:191,44,0,0
BRDA:191,44,1,0
BRDA:198,45,0,3
BRDA:198,45,1,3
BRDA:198,45,2,3
BRDA:204,46,0,3
BRDA:204,46,1,3
BRDA:205,47,0,3
BRDA:205,47,1,0
BRDA:208,48,0,0
BRDA:208,48,1,0
BRDA:209,49,0,0
BRDA:209,49,1,0
BRDA:217,50,0,3
BRDA:217,50,1,0
BRDA:220,51,0,0
BRDA:220,51,1,0
BRDA:221,52,0,0
BRDA:221,52,1,0
BRDA:224,53,0,0
BRDA:224,53,1,0
BRDA:224,54,0,0
BRDA:224,54,1,0
BRDA:228,55,0,0
BRDA:228,55,1,0
BRDA:229,56,0,0
BRDA:229,56,1,0
BRDA:232,57,0,0
BRDA:232,57,1,0
BRDA:232,58,0,0
BRDA:232,58,1,0
BRDA:239,59,0,3
BRDA:239,59,1,3
BRDA:239,59,2,3
BRDA:245,60,0,3
BRDA:245,60,1,0
BRDA:248,61,0,0
BRDA:248,61,1,0
BRDA:249,62,0,0
BRDA:249,62,1,0
BRDA:253,63,0,0
BRDA:253,63,1,0
BRDA:254,64,0,0
BRDA:254,64,1,0
BRDA:262,65,0,3
BRDA:262,65,1,0
BRDA:262,66,0,3
BRDA:262,66,1,0
BRDA:266,67,0,0
BRDA:266,67,1,0
BRDA:272,68,0,3
BRDA:272,68,1,0
BRDA:275,69,0,0
BRDA:275,69,1,0
BRDA:275,69,2,0
BRDA:275,69,3,0
BRDA:282,70,0,0
BRDA:282,70,1,0
BRDA:283,71,0,0
BRDA:283,71,1,0
BRDA:285,72,0,0
BRDA:285,72,1,0
BRDA:290,73,0,0
BRDA:290,73,1,0
BRDA:291,74,0,0
BRDA:291,74,1,0
BRDA:293,75,0,0
BRDA:293,75,1,0
BRDA:302,76,0,0
BRDA:302,76,1,0
BRDA:305,77,0,0
BRDA:305,77,1,0
BRDA:307,78,0,0
BRDA:307,78,1,0
BRDA:318,79,0,0
BRDA:318,79,1,0
BRDA:322,80,0,0
BRDA:322,80,1,0
BRDA:324,81,0,0
BRDA:324,81,1,0
BRDA:325,82,0,0
BRDA:325,82,1,0
BRDA:328,83,0,0
BRDA:328,83,1,0
BRDA:329,84,0,0
BRDA:329,84,1,0
BRDA:330,85,0,0
BRDA:330,85,1,0
BRDA:332,86,0,0
BRDA:332,86,1,0
BRDA:336,87,0,0
BRDA:336,87,1,0
BRDA:343,88,0,0
BRDA:343,88,1,0
BRDA:351,89,0,0
BRDA:351,89,1,3
BRDA:351,90,0,3
BRDA:351,90,1,3
BRDA:351,90,2,3
BRDA:354,91,0,3
BRDA:354,91,1,3
BRDA:354,91,2,2
BRDA:354,91,3,2
BRDA:354,91,4,2
BRDA:363,92,0,0
BRDA:363,92,1,3
BRDA:364,93,0,0
BRDA:364,93,1,0
BRDA:366,94,0,0
BRDA:366,94,1,0
BRDA:371,95,0,0
BRDA:371,95,1,3
BRDA:372,96,0,0
BRDA:372,96,1,0
BRDA:374,97,0,0
BRDA:374,97,1,0
BRDA:383,98,0,1
BRDA:383,98,1,2
BRDA:386,99,0,1
BRDA:386,99,1,0
BRDA:388,100,0,1
BRDA:388,100,1,0
BRDA:401,101,0,0
BRDA:401,101,1,4
BRDA:401,102,0,4
BRDA:401,102,1,0
BRDA:403,103,0,0
BRDA:403,103,1,0
BRDA:407,104,0,0
BRDA:407,104,1,4
BRDA:410,105,0,0
BRDA:410,105,1,0
BRDA:412,106,0,0
BRDA:412,106,1,0
BRDA:418,107,0,0
BRDA:418,107,1,4
BRDA:418,108,0,4
BRDA:418,108,1,4
BRDA:419,109,0,0
BRDA:419,109,1,0
BRDA:420,110,0,0
BRDA:420,110,1,0
BRDA:422,111,0,0
BRDA:422,111,1,0
BRDA:427,112,0,0
BRDA:427,112,1,0
BRDA:438,113,0,0
BRDA:438,113,1,2
BRDA:440,114,0,0
BRDA:440,114,1,0
BRDA:442,115,0,0
BRDA:442,115,1,0
BRDA:443,116,0,0
BRDA:443,116,1,0
BRDA:445,117,0,0
BRDA:445,117,1,0
BRDA:449,118,0,0
BRDA:449,118,1,0
BRDA:452,119,0,0
BRDA:452,119,1,0
BRDA:454,120,0,0
BRDA:454,120,1,0
BRDA:460,121,0,0
BRDA:460,121,1,0
BRDA:472,122,0,2
BRDA:472,122,1,2
BRDA:472,122,2,2
BRDA:472,122,3,2
BRDA:472,122,4,2
BRDA:480,123,0,2
BRDA:480,123,1,0
BRDA:486,124,0,0
BRDA:486,124,1,0
BRDA:494,125,0,2
BRDA:494,125,1,0
BRDA:505,126,0,0
BRDA:505,126,1,0
BRDA:505,127,0,0
BRDA:505,127,1,0
BRDA:509,128,0,0
BRDA:509,128,1,0
BRDA:519,129,0,2
BRDA:519,129,1,0
BRDA:531,130,0,0
BRDA:531,130,1,0
BRDA:531,131,0,0
BRDA:531,131,1,0
BRDA:532,132,0,0
BRDA:532,132,1,0
BRDA:538,133,0,0
BRDA:538,133,1,0
BRDA:542,134,0,0
BRDA:542,134,1,0
BRDA:553,135,0,2
BRDA:553,135,1,0
BRDA:560,136,0,0
BRDA:560,136,1,0
BRDA:560,137,0,0
BRDA:560,137,1,0
BRDA:572,138,0,0
BRDA:572,138,1,0
BRDA:573,139,0,0
BRDA:573,139,1,0
BRDA:574,140,0,0
BRDA:574,140,1,0
BRDA:575,141,0,0
BRDA:575,141,1,0
BRDA:576,142,0,0
BRDA:576,142,1,0
BRDA:577,143,0,0
BRDA:577,143,1,0
BRDA:578,144,0,0
BRDA:578,144,1,0
BRDA:579,145,0,0
BRDA:579,145,1,0
BRDA:580,146,0,0
BRDA:580,146,1,0
BRDA:581,147,0,0
BRDA:581,147,1,0
BRDA:593,148,0,0
BRDA:593,148,1,0
BRDA:599,149,0,0
BRDA:599,149,1,0
BRDA:602,150,0,0
BRDA:602,150,1,0
BRDA:603,151,0,0
BRDA:603,151,1,0
BRDA:605,152,0,0
BRDA:605,152,1,0
BRDA:605,153,0,0
BRDA:605,153,1,0
BRDA:605,154,0,0
BRDA:605,154,1,0
BRDA:606,155,0,0
BRDA:606,155,1,0
BRDA:606,156,0,0
BRDA:606,156,1,0
BRDA:607,157,0,0
BRDA:607,157,1,0
BRDA:607,158,0,0
BRDA:607,158,1,0
BRDA:607,158,2,0
BRDA:607,159,0,0
BRDA:607,159,1,0
BRDA:607,160,0,0
BRDA:607,160,1,0
BRDA:607,161,0,0
BRDA:607,161,1,0
BRDA:608,162,0,0
BRDA:608,162,1,0
BRDA:608,163,0,0
BRDA:608,163,1,0
BRDA:608,163,2,0
BRDA:608,164,0,0
BRDA:608,164,1,0
BRDA:613,165,0,0
BRDA:613,165,1,9
BRDA:615,166,0,0
BRDA:615,166,1,9
BRDA:619,167,0,6
BRDA:619,167,1,3
BRDA:620,168,0,1
BRDA:620,168,1,5
BRDA:624,169,0,0
BRDA:624,169,1,5
BRDA:628,170,0,5
BRDA:628,170,1,0
BRDA:667,171,0,0
BRDA:667,171,1,1
BRDA:672,172,0,0
BRDA:672,172,1,1
BRDA:673,173,0,0
BRDA:673,173,1,1
BRDA:674,174,0,0
BRDA:674,174,1,1
BRDA:678,175,0,0
BRDA:678,175,1,2
BRDA:682,176,0,2
BRDA:682,176,1,0
BRDA:686,177,0,0
BRDA:686,177,1,2
BRDA:696,178,0,0
BRDA:696,178,1,6
BRDA:697,179,0,0
BRDA:697,179,1,0
BRDA:699,180,0,0
BRDA:699,180,1,0
BRDA:699,181,0,0
BRDA:699,181,1,0
BRDA:699,181,2,0
BRDA:699,181,3,0
BRDA:702,182,0,0
BRDA:702,182,1,0
BRDA:708,183,0,6
BRDA:708,183,1,0
BRDA:710,184,0,3
BRDA:710,184,1,3
BRDA:710,185,0,6
BRDA:710,185,1,6
BRDA:723,186,0,0
BRDA:723,186,1,3
BRDA:740,187,0,0
BRDA:740,187,1,0
BRDA:766,188,0,0
BRDA:766,188,1,2
BRF:400
BRH:95
end_of_record
TN:
SF:/root/remotestorage.js/src/baseclient.js
FN:1,(anonymous_1)
FN:1,(anonymous_2)
FN:3,deprecate
FN:28,(anonymous_4)
FN:35,(anonymous_5)
FN:96,(anonymous_6)
FN:108,(anonymous_7)
FN:150,(anonymous_8)
FN:157,(anonymous_9)
FN:189,(anonymous_10)
FN:196,(anonymous_11)
FN:208,(anonymous_12)
FN:256,(anonymous_13)
FN:260,(anonymous_14)
FN:304,(anonymous_15)
FN:316,(anonymous_16)
FN:352,(anonymous_17)
FN:356,(anonymous_18)
FN:406,(anonymous_19)
FN:422,(anonymous_20)
FN:428,(anonymous_21)
FN:447,(anonymous_22)
FN:455,(anonymous_23)
FN:478,(anonymous_24)
FN:482,(anonymous_25)
FN:486,(anonymous_26)
FN:502,(anonymous_27)
FN:514,(anonymous_28)
FN:545,(anonymous_29)
FN:546,(anonymous_30)
FNF:30
FNH:20
FNDA:2,(anonymous_1)
FNDA:2,(anonymous_2)
FNDA:1,deprecate
FNDA:33,(anonymous_4)
FNDA:0,(anonymous_5)
FNDA:2,(anonymous_6)
FNDA:1,(anonymous_7)
FNDA:7,(anonymous_8)
FNDA:5,(anonymous_9)
FNDA:5,(anonymous_10)
FNDA:5,(anonymous_11)
FNDA:4,(anonymous_12)
FNDA:0,(anonymous_13)
FNDA:0,(anonymous_14)
FNDA:2,(anonymous_15)
FNDA:2,(anonymous_16)
FNDA:0,(anonymous_17)
FNDA:0,(anonymous_18)
FNDA:3,(anonymous_19)
FNDA:1,(anonymous_20)
FNDA:2,(anonymous_21)
FNDA:0,(anonymous_22)
FNDA:5,(anonymous_23)
FNDA:0,(anonymous_24)
FNDA:26,(anonymous_25)
FNDA:0,(anonymous_26)
FNDA:1,(anonymous_27)
FNDA:10000,(anonymous_28)
FNDA:0,(anonymous_29)
FNDA:0,(anonymous_30)
DA:1,2
DA:3,1
DA:4,1
DA:8,2
DA:28,2
DA:29,33
DA:30,1
DA:33,32
DA:35,1
DA:36,0
DA:45,32
DA:55,32
DA:57,32
DA:58,32
DA:59,31
DA:61,1
DA:89,32
DA:90,32
DA:91,32
DA:94,2
DA:97,2
DA:98,8
DA:100,2
DA:109,1
DA:151,7
DA:152,1
DA:153,6
DA:154,1
DA:156,6
DA:158,5
DA:190,5
DA:191,1
DA:192,4
DA:193,0
DA:196,5
DA:197,5
DA:198,3
DA:199,3
DA:200,3
DA:201,3
DA:204,1
DA:206,2
DA:207,4
DA:209,4
DA:210,4
DA:211,4
DA:214,2
DA:257,0
DA:258,0
DA:260,0
DA:261,0
DA:305,2
DA:306,0
DA:308,2
DA:309,0
DA:311,2
DA:312,0
DA:315,2
DA:316,2
DA:317,2
DA:318,2
DA:320,0
DA:353,0
DA:354,0
DA:356,0
DA:357,0
DA:358,0
DA:359,0
DA:360,0
DA:407,3
DA:408,0
DA:410,3
DA:411,0
DA:413,3
DA:414,0
DA:417,3
DA:419,3
DA:420,3
DA:421,3
DA:422,1
DA:425,0
DA:428,2
DA:429,2
DA:430,2
DA:432,0
DA:448,0
DA:449,0
DA:451,0
DA:456,5
DA:457,0
DA:459,5
DA:460,1
DA:461,1
DA:462,4
DA:463,4
DA:464,0
DA:465,0
DA:466,0
DA:468,5
DA:471,0
DA:474,5
DA:475,5
DA:479,0
DA:483,26
DA:487,0
DA:488,0
DA:503,1
DA:504,0
DA:506,1
DA:507,1
DA:508,1
DA:510,0
DA:515,10000
DA:545,2
DA:546,0
DA:547,0
DA:548,0
DA:551,0
LF:118
LH:79
BRDA:29,1,0,1
BRDA:29,1,1,32
BRDA:33,2,0,1
BRDA:33,2,1,31
BRDA:36,3,0,0
BRDA:36,3,1,0
BRDA:58,4,0,31
BRDA:58,4,1,1
BRDA:151,5,0,1
BRDA:151,5,1,6
BRDA:153,6,0,1
BRDA:153,6,1,5
BRDA:153,7,0,6
BRDA:153,7,1,3
BRDA:158,8,0,4
BRDA:158,8,1,1
BRDA:190,9,0,1
BRDA:190,9,1,4
BRDA:192,10,0,0
BRDA:192,10,1,4
BRDA:192,11,0,4
BRDA:192,11,1,0
BRDA:197,12,0,2
BRDA:197,12,1,3
BRDA:198,13,0,3
BRDA:198,13,1,0
BRDA:201,14,0,1
BRDA:201,14,1,2
BRDA:211,15,0,2
BRDA:211,15,1,2
BRDA:257,16,0,0
BRDA:257,16,1,0
BRDA:305,17,0,0
BRDA:305,17,1,2
BRDA:308,18,0,0
BRDA:308,18,1,2
BRDA:311,19,0,0
BRDA:311,19,1,2
BRDA:311,20,0,2
BRDA:311,20,1,0
BRDA:317,21,0,2
BRDA:317,21,1,0
BRDA:317,22,0,2
BRDA:317,22,1,0
BRDA:353,23,0,0
BRDA:353,23,1,0
BRDA:357,24,0,0
BRDA:357,24,1,0
BRDA:359,25,0,0
BRDA:359,25,1,0
BRDA:359,26,0,0
BRDA:359,26,1,0
BRDA:407,27,0,0
BRDA:407,27,1,3
BRDA:410,28,0,0
BRDA:410,28,1,3
BRDA:413,29,0,0
BRDA:413,29,1,3
BRDA:421,30,0,1
BRDA:421,30,1,2
BRDA:429,31,0,2
BRDA:429,31,1,0
BRDA:429,32,0,2
BRDA:429,32,1,0
BRDA:448,33,0,0
BRDA:448,33,1,0
BRDA:456,34,0,0
BRDA:456,34,1,5
BRDA:459,35,0,1
BRDA:459,35,1,4
BRDA:462,36,0,4
BRDA:462,36,1,0
BRDA:464,37,0,0
BRDA:464,37,1,0
BRDA:468,38,0,0
BRDA:468,38,1,5
BRDA:468,39,0,5
BRDA:468,39,1,4
BRDA:468,39,2,4
BRDA:483,40,0,26
BRDA:483,40,1,9
BRDA:487,41,0,0
BRDA:487,41,1,0
BRDA:503,42,0,0
BRDA:503,42,1,1
BRDA:506,43,0,1
BRDA:506,43,1,0
BRDA:547,44,0,0
BRDA:547,44,1,0
BRDA:574,45,0,0
BRDA:574,45,1,2
BRF:91
BRH:51
end_of_record
TN:
SF:/root/remotestorage.js/src/baseclient/types.js
FN:1,(anonymous_1)
FN:1,(anonymous_2)
FN:18,(anonymous_3)
FN:41,(anonymous_4)
FN:45,(anonymous_5)
FN:49,(anonymous_6)
FN:62,(anonymous_7)
FN:112,(anonymous_8)
FN:131,(anonymous_9)
FN:140,(anonymous_10)
FN:144,(anonymous_11)
FN:152,(anonymous_12)
FNF:12
FNH:10
FNDA:2,(anonymous_1)
FNDA:2,(anonymous_2)
FNDA:6,(anonymous_3)
FNDA:5,(anonymous_4)
FNDA:3,(anonymous_5)
FNDA:2,(anonymous_6)
FNDA:0,(anonymous_7)
FNDA:3,(anonymous_8)
FNDA:3,(anonymous_9)
FNDA:3,(anonymous_10)
FNDA:5,(anonymous_11)
FNDA:0,(anonymous_12)
DA:1,2
DA:10,2
DA:19,6
DA:21,6
DA:22,0
DA:23,0
DA:24,0
DA:25,0
DA:27,0
DA:29,0
DA:30,0
DA:31,0
DA:33,0
DA:36,6
DA:37,6
DA:38,6
DA:42,5
DA:46,3
DA:50,2
DA:51,2
DA:52,2
DA:53,10
DA:54,5
DA:55,5
DA:58,2
DA:62,2
DA:63,0
DA:64,0
DA:65,0
DA:68,2
DA:70,2
DA:75,2
DA:113,3
DA:114,1
DA:115,1
DA:117,3
DA:132,3
DA:133,3
DA:134,3
DA:136,0
DA:141,3
DA:145,5
DA:150,2
DA:153,0
LF:44
LH:30
BRDA:21,1,0,0
BRDA:21,1,1,6
BRDA:24,2,0,0
BRDA:24,2,1,0
BRDA:30,3,0,0
BRDA:30,3,1,0
BRDA:53,4,0,5
BRDA:53,4,1,5
BRDA:113,5,0,1
BRDA:113,5,1,2
BRDA:133,6,0,3
BRDA:133,6,1,0
BRDA:145,7,0,5
BRDA:145,7,1,2
BRDA:157,8,0,0
BRDA:157,8,1,2
BRF:16
BRH:9
end_of_record
TN:
SF:/root/remotestorage.js/src/caching.js
FN:1,(anonymous_1)
FN:25,(anonymous_2)
FN:28,containingFolder
FN:39,(anonymous_4)
FN:61,(anonymous_5)
FN:90,(anonymous_6)
FN:105,(anonymous_7)
FN:117,(anonymous_8)
FN:136,(anonymous_9)
FN:151,(anonymous_10)
FN:163,(anonymous_11)
FN:172,(anonymous_12)
FNF:12
FNH:7
FNDA:2,(anonymous_1)
FNDA:2,(anonymous_2)
FNDA:32,containingFolder
FNDA:7,(anonymous_4)
FNDA:11,(anonymous_5)
FNDA:0,(anonymous_6)
FNDA:0,(anonymous_7)
FNDA:0,(anonymous_8)
FNDA:63,(anonymous_9)
FNDA:8,(anonymous_10)
FNDA:0,(anonymous_11)
FNDA:0,(anonymous_12)
DA:1,2
DA:25,2
DA:26,2
DA:28,1
DA:29,32
DA:30,0
DA:32,32
DA:33,0
DA:36,32
DA:39,2
DA:40,7
DA:43,2
DA:62,11
DA:63,1
DA:65,10
DA:66,1
DA:69,9
DA:71,9
DA:72,4
DA:73,0
DA:75,4
DA:91,0
DA:106,0
DA:118,0
DA:119,0
DA:120,0
DA:121,0
DA:122,0
DA:124,0
DA:137,63
DA:138,19
DA:139,44
DA:140,12
DA:142,32
DA:152,8
DA:161,2
DA:164,0
DA:165,0
DA:168,0
DA:172,2
LF:40
LH:26
BRDA:29,1,0,0
BRDA:29,1,1,32
BRDA:32,2,0,0
BRDA:32,2,1,32
BRDA:62,3,0,1
BRDA:62,3,1,10
BRDA:65,4,0,1
BRDA:65,4,1,9
BRDA:71,5,0,4
BRDA:71,5,1,5
BRDA:72,6,0,0
BRDA:72,6,1,4
BRDA:137,7,0,19
BRDA:137,7,1,44
BRDA:139,8,0,12
BRDA:139,8,1,32
BRDA:174,9,0,0
BRDA:174,9,1,2
BRF:18
BRH:14
end_of_record
TN:
SF:/root/remotestorage.js/src/cachinglayer.js
FN:1,(anonymous_1)
FN:1,(anonymous_2)
FN:15,isFolder
FN:19,isDocument
FN:33,fixArrayBuffers
FN:52,deepClone
FN:63,equal
FN:67,getLatest
FN:98,isOutdated
FN:111,pathsFromRoot
FN:122,makeNode
FN:131,updateFolderNodeWithItemName
FN:154,(anonymous_13)
FN:158,(anonymous_14)
FN:167,(anonymous_15)
FN:171,(anonymous_16)
FN:178,(anonymous_17)
FN:185,(anonymous_18)
FN:189,(anonymous_19)
FN:225,(anonymous_20)
FN:228,(anonymous_21)
FN:267,(anonymous_22)
FN:268,(anonymous_23)
FN:270,(anonymous_24)
FN:288,(anonymous_25)
FN:294,(anonymous_26)
FN:298,(anonymous_27)
FN:316,(anonymous_28)
FN:320,(anonymous_29)
FN:339,(anonymous_30)
FN:342,(anonymous_31)
FN:368,(anonymous_32)
FN:373,(anonymous_33)
FN:378,(anonymous_34)
FN:387,(anonymous_35)
FN:389,(anonymous_36)
FN:397,(anonymous_37)
FN:414,(anonymous_38)
FN:441,(anonymous_39)
FNF:39
FNH:37
FNDA:2,(anonymous_1)
FNDA:2,(anonymous_2)
FNDA:134,isFolder
FNDA:84,isDocument
FNDA:254,fixArrayBuffers
FNDA:76,deepClone
FNDA:85,equal
FNDA:73,getLatest
FNDA:8,isOutdated
FNDA:58,pathsFromRoot
FNDA:58,makeNode
FNDA:46,updateFolderNodeWithItemName
FNDA:16,(anonymous_13)
FNDA:8,(anonymous_14)
FNDA:0,(anonymous_15)
FNDA:7,(anonymous_16)
FNDA:1,(anonymous_17)
FNDA:20,(anonymous_18)
FNDA:20,(anonymous_19)
FNDA:4,(anonymous_20)
FNDA:4,(anonymous_21)
FNDA:1,(anonymous_22)
FNDA:1,(anonymous_23)
FNDA:1,(anonymous_24)
FNDA:48,(anonymous_25)
FNDA:2,(anonymous_26)
FNDA:2,(anonymous_27)
FNDA:38,(anonymous_28)
FNDA:38,(anonymous_29)
FNDA:24,(anonymous_30)
FNDA:24,(anonymous_31)
FNDA:24,(anonymous_32)
FNDA:0,(anonymous_33)
FNDA:24,(anonymous_34)
FNDA:8,(anonymous_35)
FNDA:6,(anonymous_36)
FNDA:6,(anonymous_37)
FNDA:53,(anonymous_38)
FNDA:75,(anonymous_39)
DA:1,2
DA:15,1
DA:16,134
DA:19,1
DA:20,84
DA:33,1
DA:34,254
DA:35,254
DA:36,0
DA:38,254
DA:39,434
DA:40,178
DA:41,0
DA:42,0
DA:43,0
DA:44,0
DA:46,178
DA:52,1
DA:53,76
DA:54,76
DA:55,0
DA:57,76
DA:58,76
DA:59,76
DA:63,1
DA:64,85
DA:67,1
DA:68,73
DA:69,13
DA:71,60
DA:72,12
DA:73,11
DA:75,1
DA:76,1
DA:79,48
DA:80,14
DA:82,34
DA:83,13
DA:89,21
DA:90,2
DA:98,1
DA:99,8
DA:100,8
DA:101,10
DA:102,10
DA:103,2
DA:104,8
DA:105,5
DA:108,1
DA:111,1
DA:112,58
DA:113,58
DA:115,58
DA:116,115
DA:117,115
DA:119,58
DA:122,1
DA:123,58
DA:125,58
DA:126,39
DA:128,58
DA:131,1
DA:132,46
DA:133,0
DA:138,46
DA:139,0
DA:141,46
DA:142,38
DA:144,46
DA:145,0
DA:147,46
DA:149,46
DA:152,2
DA:155,16
DA:157,16
DA:158,8
DA:159,8
DA:160,8
DA:161,6
DA:162,2
DA:163,2
DA:165,0
DA:168,0
DA:171,8
DA:172,7
DA:173,7
DA:174,5
DA:176,2
DA:179,1
DA:182,16
DA:186,20
DA:187,20
DA:189,20
DA:190,20
DA:191,20
DA:192,66
DA:193,66
DA:194,66
DA:196,66
DA:197,56
DA:201,66
DA:202,20
DA:203,20
DA:213,46
DA:214,46
DA:217,20
DA:219,0
DA:220,0
DA:226,4
DA:228,4
DA:229,4
DA:231,4
DA:232,14
DA:233,14
DA:235,14
DA:236,0
DA:240,14
DA:241,4
DA:242,4
DA:251,10
DA:252,0
DA:254,10
DA:255,10
DA:257,10
DA:259,2
DA:263,4
DA:268,1
DA:269,1
DA:271,1
DA:272,3
DA:274,3
DA:275,3
DA:282,3
DA:284,1
DA:289,48
DA:290,40
DA:295,2
DA:296,0
DA:298,2
DA:299,2
DA:300,2
DA:301,2
DA:302,2
DA:303,2
DA:317,38
DA:321,38
DA:322,1
DA:323,1
DA:324,1
DA:325,0
DA:329,0
DA:330,0
DA:332,0
DA:333,0
DA:336,38
DA:340,24
DA:342,24
DA:343,24
DA:344,24
DA:345,24
DA:347,24
DA:349,24
DA:350,82
DA:351,82
DA:352,8
DA:354,74
DA:355,24
DA:363,24
DA:364,24
DA:368,24
DA:369,24
DA:370,24
DA:374,0
DA:379,24
DA:380,24
DA:381,24
DA:382,0
DA:388,8
DA:389,6
DA:390,6
DA:391,6
DA:392,6
DA:393,6
DA:395,6
DA:396,6
DA:397,6
DA:398,6
DA:399,6
DA:400,13
DA:402,6
DA:403,6
DA:407,6
DA:410,2
DA:415,53
DA:441,2
DA:442,75
DA:443,900
LF:197
LH:174
BRDA:35,1,0,0
BRDA:35,1,1,254
BRDA:35,2,0,254
BRDA:35,2,1,254
BRDA:35,2,2,254
BRDA:39,3,0,178
BRDA:39,3,1,256
BRDA:39,4,0,434
BRDA:39,4,1,178
BRDA:40,5,0,0
BRDA:40,5,1,178
BRDA:54,6,0,0
BRDA:54,6,1,76
BRDA:68,7,0,13
BRDA:68,7,1,60
BRDA:68,8,0,73
BRDA:68,8,1,61
BRDA:71,9,0,12
BRDA:71,9,1,48
BRDA:72,10,0,11
BRDA:72,10,1,1
BRDA:72,11,0,12
BRDA:72,11,1,11
BRDA:75,12,0,1
BRDA:75,12,1,0
BRDA:75,13,0,1
BRDA:75,13,1,1
BRDA:79,14,0,14
BRDA:79,14,1,34
BRDA:79,15,0,48
BRDA:79,15,1,17
BRDA:79,15,2,14
BRDA:82,16,0,13
BRDA:82,16,1,21
BRDA:82,17,0,34
BRDA:82,17,1,32
BRDA:82,17,2,13
BRDA:89,18,0,2
BRDA:89,18,1,19
BRDA:89,19,0,21
BRDA:89,19,1,2
BRDA:102,20,0,2
BRDA:102,20,1,8
BRDA:102,21,0,10
BRDA:102,21,1,5
BRDA:102,21,2,5
BRDA:104,22,0,5
BRDA:104,22,1,3
BRDA:125,23,0,39
BRDA:125,23,1,19
BRDA:132,24,0,0
BRDA:132,24,1,46
BRDA:138,25,0,0
BRDA:138,25,1,46
BRDA:141,26,0,38
BRDA:141,26,1,8
BRDA:144,27,0,0
BRDA:144,27,1,46
BRDA:157,28,0,8
BRDA:157,28,1,8
BRDA:160,29,0,6
BRDA:160,29,1,2
BRDA:162,30,0,2
BRDA:162,30,1,0
BRDA:163,31,0,2
BRDA:163,31,1,0
BRDA:173,32,0,5
BRDA:173,32,1,2
BRDA:174,33,0,5
BRDA:174,33,1,0
BRDA:196,34,0,56
BRDA:196,34,1,10
BRDA:201,35,0,20
BRDA:201,35,1,46
BRDA:207,36,0,2
BRDA:207,36,1,18
BRDA:208,37,0,2
BRDA:208,37,1,18
BRDA:235,38,0,0
BRDA:235,38,1,14
BRDA:240,39,0,4
BRDA:240,39,1,10
BRDA:245,40,0,4
BRDA:245,40,1,0
BRDA:246,41,0,4
BRDA:246,41,1,0
BRDA:251,42,0,0
BRDA:251,42,1,10
BRDA:257,43,0,2
BRDA:257,43,1,8
BRDA:274,44,0,3
BRDA:274,44,1,0
BRDA:274,45,0,3
BRDA:274,45,1,3
BRDA:274,45,2,3
BRDA:278,46,0,0
BRDA:278,46,1,3
BRDA:279,47,0,0
BRDA:279,47,1,3
BRDA:289,48,0,40
BRDA:289,48,1,8
BRDA:295,49,0,0
BRDA:295,49,1,2
BRDA:300,50,0,2
BRDA:300,50,1,0
BRDA:302,51,0,2
BRDA:302,51,1,0
BRDA:321,52,0,1
BRDA:321,52,1,37
BRDA:321,53,0,38
BRDA:321,53,1,38
BRDA:323,54,0,1
BRDA:323,54,1,0
BRDA:324,55,0,0
BRDA:324,55,1,1
BRDA:324,56,0,1
BRDA:324,56,1,0
BRDA:329,57,0,0
BRDA:329,57,1,0
BRDA:351,58,0,8
BRDA:351,58,1,74
BRDA:354,59,0,24
BRDA:354,59,1,50
BRDA:359,60,0,4
BRDA:359,60,1,20
BRDA:381,61,0,0
BRDA:381,61,1,24
BRDA:388,62,0,6
BRDA:388,62,1,2
BRDA:402,63,0,6
BRDA:402,63,1,0
BRF:131
BRH:104
end_of_record
TN:
SF:/root/remotestorage.js/src/inmemorystorage.js
FN:1,(anonymous_1)
FN:1,(anonymous_2)
FN:9,(anonymous_3)
FN:19,(anonymous_4)
FN:31,(anonymous_5)
FN:46,(anonymous_6)
FN:55,(anonymous_7)
FN:57,(anonymous_8)
FN:62,(anonymous_9)
FNF:9
FNH:6
FNDA:4,(anonymous_1)
FNDA:4,(anonymous_2)
FNDA:66,(anonymous_3)
FNDA:1081,(anonymous_4)
FNDA:552,(anonymous_5)
FNDA:16,(anonymous_6)
FNDA:0,(anonymous_7)
FNDA:0,(anonymous_8)
FNDA:0,(anonymous_9)
DA:1,4
DA:9,4
DA:10,66
DA:11,66
DA:12,66
DA:14,66
DA:17,4
DA:20,1081
DA:21,1081
DA:23,1081
DA:24,1192
DA:27,1081
DA:28,1081
DA:32,552
DA:34,552
DA:35,711
DA:36,20
DA:38,691
DA:42,552
DA:43,552
DA:47,16
DA:48,36
DA:50,16
DA:55,4
DA:57,4
DA:59,0
DA:62,4
LF:27
LH:26
BRDA:35,1,0,20
BRDA:35,1,1,691
BRDA:63,2,0,0
BRDA:63,2,1,4
BRF:4
BRH:3
end_of_record
TN:
SF:/root/remotestorage.js/src/discover.js
FN:1,(anonymous_1)
FN:1,(anonymous_2)
FN:24,(anonymous_3)
FN:39,tryOne
FN:45,(anonymous_5)
FN:49,(anonymous_6)
FN:68,(anonymous_7)
FN:95,(anonymous_8)
FN:106,(anonymous_9)
FN:111,(anonymous_10)
FNF:10
FNH:8
FNDA:2,(anonymous_1)
FNDA:2,(anonymous_2)
FNDA:4,(anonymous_3)
FNDA:8,tryOne
FNDA:0,(anonymous_5)
FNDA:6,(anonymous_6)
FNDA:2,(anonymous_7)
FNDA:1,(anonymous_8)
FNDA:2,(anonymous_9)
FNDA:0,(anonymous_10)
DA:1,2
DA:4,2
DA:6,2
DA:8,2
DA:24,2
DA:25,4
DA:26,0
DA:27,0
DA:28,0
DA:30,4
DA:31,4
DA:32,4
DA:39,1
DA:40,8
DA:41,8
DA:42,8
DA:43,7
DA:44,7
DA:45,7
DA:46,0
DA:47,0
DA:49,7
DA:50,6
DA:51,6
DA:53,6
DA:54,6
DA:56,4
DA:57,4
DA:58,4
DA:61,2
DA:62,0
DA:63,0
DA:64,0
DA:67,2
DA:68,2
DA:69,2
DA:70,2
DA:71,0
DA:72,0
DA:75,2
DA:76,2
DA:77,2
DA:81,2
DA:82,2
DA:83,0
DA:85,2
DA:87,0
DA:90,7
DA:92,4
DA:95,2
DA:96,1
DA:97,1
DA:98,0
DA:99,0
DA:100,0
DA:101,0
DA:106,2
DA:107,2
DA:108,2
DA:111,2
DA:112,0
DA:113,0
LF:62
LH:44
BRDA:25,1,0,0
BRDA:25,1,1,4
BRDA:42,2,0,1
BRDA:42,2,1,7
BRDA:50,3,0,0
BRDA:50,3,1,6
BRDA:61,4,0,0
BRDA:61,4,1,2
BRDA:69,5,0,2
BRDA:69,5,1,0
BRDA:71,6,0,0
BRDA:71,6,1,0
BRDA:71,7,0,0
BRDA:71,7,1,0
BRDA:76,8,0,2
BRDA:76,8,1,0
BRDA:77,9,0,2
BRDA:77,9,1,0
BRDA:79,10,0,2
BRDA:79,10,1,1
BRDA:82,11,0,0
BRDA:82,11,1,2
BRDA:97,12,0,0
BRDA:97,12,1,1
BRDA:100,13,0,0
BRDA:100,13,1,0
BRDA:112,14,0,0
BRDA:112,14,1,0
BRDA:117,15,0,0
BRDA:117,15,1,2
BRF:30
BRH:13
end_of_record
TN:
SF:/root/remotestorage.js/src/dropbox.js
FN:1,(anonymous_1)
FN:1,(anonymous_2)
FN:63,LowerCaseCache
FN:71,(anonymous_4)
FN:80,(anonymous_5)
FN:88,(anonymous_6)
FN:93,(anonymous_7)
FN:98,(anonymous_8)
FN:102,(anonymous_9)
FN:106,(anonymous_10)
FN:138,(anonymous_11)
FN:145,(anonymous_12)
FN:185,(anonymous_13)
FN:199,(anonymous_14)
FN:206,(anonymous_15)
FN:221,(anonymous_16)
FN:230,(anonymous_17)
FN:234,(anonymous_18)
FN:253,(anonymous_19)
FN:275,(anonymous_20)
FN:297,(anonymous_21)
FN:319,(anonymous_22)
FN:348,(anonymous_23)
FN:382,(anonymous_24)
FN:389,(anonymous_25)
FN:399,(anonymous_26)
FN:410,(anonymous_27)
FN:416,(anonymous_28)
FN:431,(anonymous_29)
FN:449,(anonymous_30)
FN:456,(anonymous_31)
FN:463,(anonymous_32)
FN:473,(anonymous_33)
FN:488,(anonymous_34)
FN:492,(anonymous_35)
FN:495,(anonymous_36)
FN:497,(anonymous_37)
FN:511,(anonymous_38)
FN:517,(anonymous_39)
FN:544,(anonymous_40)
FN:548,(anonymous_41)
FN:563,(anonymous_42)
FN:567,(anonymous_43)
FN:584,(anonymous_44)
FN:593,(anonymous_45)
FN:625,(anonymous_46)
FN:640,(anonymous_47)
FN:659,(anonymous_48)
FN:668,(anonymous_49)
FN:691,hookSync
FN:694,(anonymous_51)
FN:696,(anonymous_52)
FN:702,unHookSync
FN:710,hookGetItemURL
FN:713,(anonymous_55)
FN:719,unHookGetItemURL
FN:725,hookRemote
FN:731,unHookRemote
FN:738,hookIt
FN:746,unHookIt
FN:752,(anonymous_61)
FN:762,(anonymous_62)
FN:766,(anonymous_63)
FNF:63
FNH:39
FNDA:2,(anonymous_1)
FNDA:2,(anonymous_2)
FNDA:59,LowerCaseCache
FNDA:27,(anonymous_4)
FNDA:2,(anonymous_5)
FNDA:0,(anonymous_6)
FNDA:0,(anonymous_7)
FNDA:13,(anonymous_8)
FNDA:1,(anonymous_9)
FNDA:2,(anonymous_10)
FNDA:59,(anonymous_11)
FNDA:2,(anonymous_12)
FNDA:0,(anonymous_13)
FNDA:36,(anonymous_14)
FNDA:0,(anonymous_15)
FNDA:1,(anonymous_16)
FNDA:2,(anonymous_17)
FNDA:1,(anonymous_18)
FNDA:0,(anonymous_19)
FNDA:15,(anonymous_20)
FNDA:6,(anonymous_21)
FNDA:2,(anonymous_22)
FNDA:8,(anonymous_23)
FNDA:2,(anonymous_24)
FNDA:5,(anonymous_25)
FNDA:3,(anonymous_26)
FNDA:0,(anonymous_27)
FNDA:1,(anonymous_28)
FNDA:4,(anonymous_29)
FNDA:1,(anonymous_30)
FNDA:2,(anonymous_31)
FNDA:1,(anonymous_32)
FNDA:2,(anonymous_33)
FNDA:21,(anonymous_34)
FNDA:0,(anonymous_35)
FNDA:0,(anonymous_36)
FNDA:0,(anonymous_37)
FNDA:0,(anonymous_38)
FNDA:0,(anonymous_39)
FNDA:1,(anonymous_40)
FNDA:0,(anonymous_41)
FNDA:23,(anonymous_42)
FNDA:15,(anonymous_43)
FNDA:0,(anonymous_44)
FNDA:0,(anonymous_45)
FNDA:0,(anonymous_46)
FNDA:0,(anonymous_47)
FNDA:4,(anonymous_48)
FNDA:4,(anonymous_49)
FNDA:0,hookSync
FNDA:0,(anonymous_51)
FNDA:0,(anonymous_52)
FNDA:1,unHookSync
FNDA:0,hookGetItemURL
FNDA:0,(anonymous_55)
FNDA:1,unHookGetItemURL
FNDA:0,hookRemote
FNDA:1,unHookRemote
FNDA:0,hookIt
FNDA:1,unHookIt
FNDA:1,(anonymous_61)
FNDA:0,(anonymous_62)
FNDA:1,(anonymous_63)
DA:1,2
DA:2,2
DA:40,2
DA:41,2
DA:42,2
DA:43,2
DA:63,1
DA:64,59
DA:65,59
DA:66,59
DA:67,59
DA:70,2
DA:72,27
DA:73,27
DA:74,27
DA:75,17
DA:76,17
DA:78,27
DA:81,2
DA:82,2
DA:83,0
DA:85,2
DA:86,2
DA:89,0
DA:90,0
DA:91,0
DA:94,0
DA:95,0
DA:96,0
DA:99,13
DA:100,13
DA:103,1
DA:104,1
DA:107,2
DA:108,2
DA:109,2
DA:111,2
DA:112,4
DA:113,4
DA:114,2
DA:116,4
DA:137,2
DA:138,2
DA:140,59
DA:141,59
DA:142,59
DA:143,59
DA:145,59
DA:146,2
DA:147,2
DA:151,59
DA:152,59
DA:154,59
DA:155,59
DA:156,59
DA:157,59
DA:159,59
DA:160,0
DA:161,0
DA:162,0
DA:164,0
DA:165,0
DA:167,0
DA:168,0
DA:171,59
DA:172,0
DA:176,2
DA:187,0
DA:188,0
DA:189,0
DA:191,0
DA:200,36
DA:201,36
DA:203,36
DA:204,31
DA:205,31
DA:206,1
DA:207,0
DA:211,31
DA:213,5
DA:215,36
DA:216,0
DA:222,1
DA:223,1
DA:231,2
DA:232,2
DA:233,2
DA:234,2
DA:235,1
DA:236,1
DA:238,0
DA:239,0
DA:240,0
DA:241,0
DA:243,0
DA:244,0
DA:245,0
DA:247,0
DA:248,0
DA:250,0
DA:251,0
DA:252,0
DA:253,0
DA:254,0
DA:255,0
DA:256,0
DA:258,0
DA:260,0
DA:263,0
DA:266,2
DA:276,15
DA:277,14
DA:278,14
DA:279,14
DA:281,14
DA:282,14
DA:284,0
DA:285,0
DA:287,14
DA:290,1
DA:291,1
DA:295,13
DA:297,11
DA:298,6
DA:299,1
DA:301,5
DA:302,5
DA:303,5
DA:304,1
DA:305,4
DA:306,4
DA:307,4
DA:308,4
DA:310,0
DA:311,0
DA:313,4
DA:314,4
DA:315,4
DA:318,4
DA:319,2
DA:320,2
DA:324,2
DA:325,2
DA:326,2
DA:327,1
DA:332,2
DA:336,0
DA:340,11
DA:349,8
DA:350,7
DA:351,7
DA:353,7
DA:354,7
DA:355,7
DA:358,7
DA:359,7
DA:361,1
DA:362,1
DA:364,6
DA:366,1
DA:367,1
DA:369,5
DA:370,5
DA:372,5
DA:373,5
DA:374,1
DA:376,5
DA:378,0
DA:380,5
DA:381,5
DA:382,2
DA:383,2
DA:386,3
DA:389,5
DA:390,5
DA:392,1
DA:393,1
DA:395,4
DA:396,1
DA:397,1
DA:399,3
DA:400,3
DA:401,0
DA:403,3
DA:404,3
DA:405,2
DA:406,2
DA:409,1
DA:410,1
DA:416,1
DA:417,1
DA:424,5
DA:432,4
DA:433,3
DA:434,3
DA:436,3
DA:437,3
DA:438,3
DA:440,3
DA:441,3
DA:443,1
DA:444,1
DA:447,2
DA:448,2
DA:449,1
DA:450,1
DA:453,1
DA:456,2
DA:457,2
DA:458,1
DA:459,1
DA:462,1
DA:463,1
DA:464,1
DA:465,0
DA:467,1
DA:468,1
DA:473,2
DA:474,2
DA:475,2
DA:476,2
DA:477,2
DA:489,21
DA:490,21
DA:491,21
DA:492,0
DA:493,0
DA:494,0
DA:495,0
DA:496,0
DA:498,0
DA:500,0
DA:503,21
DA:512,0
DA:513,0
DA:514,0
DA:517,0
DA:518,0
DA:519,0
DA:520,0
DA:521,0
DA:523,0
DA:524,0
DA:525,0
DA:526,0
DA:527,0
DA:528,0
DA:530,0
DA:532,0
DA:533,0
DA:537,0
DA:545,1
DA:546,1
DA:548,1
DA:549,0
DA:550,0
DA:552,0
DA:553,0
DA:554,0
DA:556,0
DA:560,1
DA:564,23
DA:565,23
DA:566,23
DA:567,23
DA:569,15
DA:570,0
DA:572,15
DA:585,0
DA:586,0
DA:587,0
DA:588,0
DA:594,0
DA:595,0
DA:596,0
DA:597,0
DA:600,0
DA:601,0
DA:602,0
DA:603,0
DA:605,0
DA:607,0
DA:610,0
DA:611,0
DA:612,0
DA:614,0
DA:615,0
DA:618,0
DA:619,0
DA:623,0
DA:624,0
DA:625,0
DA:626,0
DA:627,0
DA:628,0
DA:629,0
DA:634,0
DA:635,0
DA:639,0
DA:640,0
DA:641,0
DA:642,0
DA:643,0
DA:644,0
DA:646,0
DA:647,0
DA:649,0
DA:651,0
DA:653,0
DA:656,0
DA:660,4
DA:661,4
DA:662,4
DA:663,4
DA:664,4
DA:665,4
DA:666,0
DA:668,4
DA:669,4
DA:670,0
DA:671,0
DA:673,4
DA:674,0
DA:675,4
DA:676,4
DA:677,4
DA:678,4
DA:681,0
DA:685,4
DA:691,1
DA:692,0
DA:693,0
DA:694,0
DA:695,0
DA:697,0
DA:702,1
DA:703,1
DA:704,0
DA:705,0
DA:710,1
DA:711,0
DA:712,0
DA:713,0
DA:714,0
DA:715,0
DA:719,1
DA:720,1
DA:721,0
DA:722,0
DA:725,1
DA:726,0
DA:727,0
DA:728,0
DA:731,1
DA:732,1
DA:733,0
DA:734,0
DA:738,1
DA:739,0
DA:740,0
DA:741,0
DA:743,0
DA:746,1
DA:747,1
DA:748,1
DA:749,1
DA:752,2
DA:753,1
DA:754,1
DA:755,1
DA:757,1
DA:758,0
DA:762,2
DA:763,0
DA:766,2
DA:767,1
DA:768,1
DA:769,0
DA:771,1
DA:772,1
LF:380
LH:227
BRDA:74,1,0,17
BRDA:74,1,1,10
BRDA:82,2,0,0
BRDA:82,2,1,2
BRDA:113,3,0,2
BRDA:113,3,1,2
BRDA:146,4,0,2
BRDA:146,4,1,0
BRDA:159,5,0,0
BRDA:159,5,1,59
BRDA:164,6,0,0
BRDA:164,6,1,0
BRDA:171,7,0,0
BRDA:171,7,1,59
BRDA:188,8,0,0
BRDA:188,8,1,0
BRDA:200,9,0,34
BRDA:200,9,1,2
BRDA:201,10,0,34
BRDA:201,10,1,2
BRDA:203,11,0,31
BRDA:203,11,1,5
BRDA:205,12,0,1
BRDA:205,12,1,30
BRDA:215,13,0,0
BRDA:215,13,1,36
BRDA:222,14,0,1
BRDA:222,14,1,0
BRDA:235,15,0,1
BRDA:235,15,1,0
BRDA:239,16,0,0
BRDA:239,16,1,0
BRDA:252,17,0,0
BRDA:252,17,1,0
BRDA:254,18,0,0
BRDA:254,18,1,0
BRDA:255,19,0,0
BRDA:255,19,1,0
BRDA:276,20,0,1
BRDA:276,20,1,14
BRDA:282,21,0,0
BRDA:282,21,1,14
BRDA:287,22,0,1
BRDA:287,22,1,13
BRDA:287,23,0,14
BRDA:287,23,1,1
BRDA:287,23,2,1
BRDA:287,23,3,1
BRDA:295,24,0,2
BRDA:295,24,1,11
BRDA:298,25,0,1
BRDA:298,25,1,5
BRDA:303,26,0,1
BRDA:303,26,1,4
BRDA:305,27,0,4
BRDA:305,27,1,0
BRDA:318,28,0,2
BRDA:318,28,1,2
BRDA:318,29,0,4
BRDA:318,29,1,3
BRDA:324,30,0,2
BRDA:324,30,1,0
BRDA:324,31,0,2
BRDA:324,31,1,2
BRDA:324,31,2,2
BRDA:349,32,0,1
BRDA:349,32,1,7
BRDA:359,33,0,1
BRDA:359,33,1,6
BRDA:359,34,0,7
BRDA:359,34,1,4
BRDA:359,34,2,2
BRDA:359,34,3,2
BRDA:364,35,0,1
BRDA:364,35,1,5
BRDA:364,36,0,6
BRDA:364,36,1,3
BRDA:364,36,2,2
BRDA:364,36,3,2
BRDA:369,37,0,5
BRDA:369,37,1,0
BRDA:370,38,0,0
BRDA:370,38,1,5
BRDA:370,39,0,5
BRDA:370,39,1,5
BRDA:373,40,0,1
BRDA:373,40,1,4
BRDA:373,41,0,5
BRDA:373,41,1,2
BRDA:376,42,0,0
BRDA:376,42,1,5
BRDA:381,43,0,2
BRDA:381,43,1,3
BRDA:381,44,0,5
BRDA:381,44,1,2
BRDA:381,44,2,1
BRDA:390,45,0,1
BRDA:390,45,1,4
BRDA:390,46,0,5
BRDA:390,46,1,2
BRDA:390,46,2,1
BRDA:395,47,0,1
BRDA:395,47,1,3
BRDA:395,48,0,4
BRDA:395,48,1,1
BRDA:395,48,2,1
BRDA:395,48,3,1
BRDA:400,49,0,0
BRDA:400,49,1,3
BRDA:404,50,0,2
BRDA:404,50,1,1
BRDA:432,51,0,1
BRDA:432,51,1,3
BRDA:441,52,0,1
BRDA:441,52,1,2
BRDA:441,53,0,3
BRDA:441,53,1,2
BRDA:441,53,2,2
BRDA:441,53,3,2
BRDA:448,54,0,1
BRDA:448,54,1,1
BRDA:448,55,0,2
BRDA:448,55,1,1
BRDA:457,56,0,1
BRDA:457,56,1,1
BRDA:457,57,0,2
BRDA:457,57,1,1
BRDA:457,57,2,1
BRDA:457,57,3,1
BRDA:464,58,0,0
BRDA:464,58,1,1
BRDA:491,59,0,0
BRDA:491,59,1,21
BRDA:491,60,0,21
BRDA:491,60,1,0
BRDA:518,61,0,0
BRDA:518,61,1,0
BRDA:527,62,0,0
BRDA:527,62,1,0
BRDA:549,63,0,0
BRDA:549,63,1,0
BRDA:565,64,0,20
BRDA:565,64,1,3
BRDA:569,65,0,0
BRDA:569,65,1,15
BRDA:569,66,0,15
BRDA:569,66,1,13
BRDA:589,67,0,0
BRDA:589,67,1,0
BRDA:594,68,0,0
BRDA:594,68,1,0
BRDA:600,69,0,0
BRDA:600,69,1,0
BRDA:601,70,0,0
BRDA:601,70,1,0
BRDA:618,71,0,0
BRDA:618,71,1,0
BRDA:623,72,0,0
BRDA:623,72,1,0
BRDA:634,73,0,0
BRDA:634,73,1,0
BRDA:643,74,0,0
BRDA:643,74,1,0
BRDA:646,75,0,0
BRDA:646,75,1,0
BRDA:664,76,0,0
BRDA:664,76,1,4
BRDA:664,77,0,4
BRDA:664,77,1,0
BRDA:665,78,0,0
BRDA:665,78,1,4
BRDA:665,79,0,4
BRDA:665,79,1,0
BRDA:669,80,0,0
BRDA:669,80,1,4
BRDA:673,81,0,0
BRDA:673,81,1,4
BRDA:675,82,0,4
BRDA:675,82,1,0
BRDA:692,83,0,0
BRDA:692,83,1,0
BRDA:703,84,0,1
BRDA:703,84,1,0
BRDA:711,85,0,0
BRDA:711,85,1,0
BRDA:715,86,0,0
BRDA:715,86,1,0
BRDA:720,87,0,1
BRDA:720,87,1,0
BRDA:726,88,0,0
BRDA:726,88,1,0
BRDA:732,89,0,0
BRDA:732,89,1,1
BRDA:740,90,0,0
BRDA:740,90,1,0
BRDA:754,91,0,1
BRDA:754,91,1,0
BRDA:757,92,0,0
BRDA:757,92,1,1
BRDA:768,93,0,0
BRDA:768,93,1,1
BRF:201
BRH:124
end_of_record
TN:
SF:/root/remotestorage.js/src/googledrive.js
FN:1,(anonymous_1)
FN:1,(anonymous_2)
FN:17,buildQueryString
FN:18,(anonymous_4)
FN:23,fileNameFromMeta
FN:27,metaTitleFromFileName
FN:34,parentPath
FN:38,baseName
FN:47,(anonymous_9)
FN:53,(anonymous_10)
FN:59,(anonymous_11)
FN:67,(anonymous_12)
FN:81,(anonymous_13)
FN:94,(anonymous_14)
FN:99,(anonymous_15)
FN:105,(anonymous_16)
FN:113,(anonymous_17)
FN:115,putDone
FN:128,(anonymous_19)
FN:145,(anonymous_20)
FN:147,(anonymous_21)
FN:157,(anonymous_22)
FN:171,(anonymous_23)
FN:185,(anonymous_24)
FN:201,(anonymous_25)
FN:214,(anonymous_26)
FN:216,(anonymous_27)
FN:235,(anonymous_28)
FN:247,(anonymous_29)
FN:249,(anonymous_30)
FN:253,(anonymous_31)
FN:282,(anonymous_32)
FN:302,(anonymous_33)
FN:304,(anonymous_34)
FN:317,(anonymous_35)
FN:357,(anonymous_36)
FN:360,(anonymous_37)
FN:371,(anonymous_38)
FN:373,(anonymous_39)
FN:388,(anonymous_40)
FN:400,(anonymous_41)
FN:412,(anonymous_42)
FN:416,(anonymous_43)
FN:429,(anonymous_44)
FN:431,(anonymous_45)
FN:444,(anonymous_46)
FN:448,(anonymous_47)
FN:459,(anonymous_48)
FN:470,(anonymous_49)
FN:474,(anonymous_50)
FNF:50
FNH:27
FNDA:2,(anonymous_1)
FNDA:2,(anonymous_2)
FNDA:0,buildQueryString
FNDA:0,(anonymous_4)
FNDA:0,fileNameFromMeta
FNDA:0,metaTitleFromFileName
FNDA:10,parentPath
FNDA:0,baseName
FNDA:26,(anonymous_9)
FNDA:14,(anonymous_10)
FNDA:6,(anonymous_11)
FNDA:26,(anonymous_12)
FNDA:14,(anonymous_13)
FNDA:0,(anonymous_14)
FNDA:1,(anonymous_15)
FNDA:8,(anonymous_16)
FNDA:1,(anonymous_17)
FNDA:1,putDone
FNDA:1,(anonymous_19)
FNDA:1,(anonymous_20)
FNDA:1,(anonymous_21)
FNDA:1,(anonymous_22)
FNDA:0,(anonymous_23)
FNDA:0,(anonymous_24)
FNDA:0,(anonymous_25)
FNDA:0,(anonymous_26)
FNDA:0,(anonymous_27)
FNDA:0,(anonymous_28)
FNDA:5,(anonymous_29)
FNDA:5,(anonymous_30)
FNDA:1,(anonymous_31)
FNDA:0,(anonymous_32)
FNDA:13,(anonymous_33)
FNDA:13,(anonymous_34)
FNDA:7,(anonymous_35)
FNDA:0,(anonymous_36)
FNDA:0,(anonymous_37)
FNDA:0,(anonymous_38)
FNDA:0,(anonymous_39)
FNDA:0,(anonymous_40)
FNDA:20,(anonymous_41)
FNDA:0,(anonymous_42)
FNDA:0,(anonymous_43)
FNDA:2,(anonymous_44)
FNDA:2,(anonymous_45)
FNDA:9,(anonymous_46)
FNDA:9,(anonymous_47)
FNDA:0,(anonymous_48)
FNDA:0,(anonymous_49)
FNDA:0,(anonymous_50)
DA:1,2
DA:8,2
DA:10,2
DA:11,2
DA:12,2
DA:14,2
DA:15,2
DA:17,1
DA:18,0
DA:19,0
DA:23,1
DA:24,0
DA:27,1
DA:28,0
DA:29,0
DA:31,0
DA:34,1
DA:35,10
DA:38,1
DA:39,0
DA:40,0
DA:41,0
DA:43,0
DA:47,2
DA:48,26
DA:49,26
DA:52,2
DA:54,14
DA:55,14
DA:56,14
DA:60,6
DA:67,2
DA:69,26
DA:71,26
DA:72,26
DA:74,26
DA:77,2
DA:82,14
DA:83,14
DA:84,14
DA:85,14
DA:86,14
DA:88,0
DA:89,0
DA:90,0
DA:95,0
DA:96,0
DA:100,1
DA:101,1
DA:106,8
DA:107,3
DA:109,5
DA:114,1
DA:115,1
DA:116,1
DA:117,0
DA:118,1
DA:119,0
DA:120,0
DA:121,0
DA:122,1
DA:123,1
DA:125,0
DA:128,1
DA:129,1
DA:130,0
DA:131,0
DA:132,1
DA:133,1
DA:134,1
DA:135,1
DA:137,0
DA:139,0
DA:142,1
DA:146,1
DA:147,1
DA:148,1
DA:149,0
DA:150,0
DA:151,1
DA:153,0
DA:154,0
DA:157,1
DA:158,1
DA:159,1
DA:160,1
DA:162,1
DA:163,1
DA:164,1
DA:166,0
DA:167,0
DA:168,0
DA:171,0
DA:172,0
DA:173,0
DA:174,0
DA:175,0
DA:177,0
DA:182,1
DA:186,0
DA:187,0
DA:190,0
DA:194,0
DA:195,0
DA:198,0
DA:202,0
DA:203,0
DA:204,0
DA:205,0
DA:207,0
DA:215,0
DA:216,0
DA:217,0
DA:218,0
DA:219,0
DA:221,0
DA:222,0
DA:230,0
DA:236,0
DA:237,0
DA:239,0
DA:248,5
DA:249,5
DA:250,5
DA:251,4
DA:253,1
DA:254,1
DA:255,1
DA:256,1
DA:258,1
DA:259,0
DA:261,1
DA:262,1
DA:263,1
DA:266,0
DA:267,0
DA:268,0
DA:271,0
DA:272,0
DA:275,0
DA:276,0
DA:279,0
DA:280,0
DA:282,0
DA:283,0
DA:284,0
DA:286,0
DA:287,0
DA:288,0
DA:289,0
DA:292,0
DA:299,5
DA:303,13
DA:304,13
DA:305,13
DA:306,13
DA:307,6
DA:308,7
DA:309,0
DA:311,7
DA:312,7
DA:313,7
DA:318,7
DA:319,4
DA:321,3
DA:322,1
DA:323,1
DA:325,0
DA:326,0
DA:328,1
DA:329,1
DA:330,2
DA:331,2
DA:332,1
DA:333,1
DA:337,1
DA:338,1
DA:346,1
DA:348,2
DA:354,13
DA:358,0
DA:359,0
DA:360,0
DA:361,0
DA:362,0
DA:363,0
DA:364,0
DA:366,0
DA:372,0
DA:373,0
DA:374,0
DA:375,0
DA:377,0
DA:389,0
DA:390,0
DA:392,0
DA:393,0
DA:401,20
DA:402,20
DA:403,20
DA:405,6
DA:406,14
DA:408,4
DA:412,10
DA:413,0
DA:414,0
DA:415,0
DA:416,0
DA:417,0
DA:420,0
DA:422,0
DA:424,0
DA:430,2
DA:431,2
DA:432,2
DA:433,0
DA:435,2
DA:436,2
DA:438,0
DA:445,9
DA:446,9
DA:447,9
DA:448,9
DA:450,9
DA:451,0
DA:452,0
DA:454,9
DA:459,2
DA:460,0
DA:461,0
DA:462,0
DA:463,0
DA:464,0
DA:465,0
DA:470,2
DA:471,0
DA:474,2
DA:475,0
DA:476,0
DA:477,0
DA:478,0
LF:241
LH:121
BRDA:24,1,0,0
BRDA:24,1,1,0
BRDA:28,2,0,0
BRDA:28,2,1,0
BRDA:40,3,0,0
BRDA:40,3,1,0
BRDA:56,4,0,4
BRDA:56,4,1,10
BRDA:56,5,0,14
BRDA:56,5,1,4
BRDA:82,6,0,14
BRDA:82,6,1,0
BRDA:100,7,0,1
BRDA:100,7,1,0
BRDA:106,8,0,3
BRDA:106,8,1,5
BRDA:116,9,0,0
BRDA:116,9,1,1
BRDA:118,10,0,0
BRDA:118,10,1,1
BRDA:118,11,0,1
BRDA:118,11,1,1
BRDA:122,12,0,1
BRDA:122,12,1,0
BRDA:129,13,0,0
BRDA:129,13,1,1
BRDA:132,14,0,1
BRDA:132,14,1,0
BRDA:133,15,0,1
BRDA:133,15,1,0
BRDA:133,16,0,1
BRDA:133,16,1,1
BRDA:148,17,0,0
BRDA:148,17,1,1
BRDA:151,18,0,0
BRDA:151,18,1,1
BRDA:159,19,0,1
BRDA:159,19,1,0
BRDA:159,20,0,1
BRDA:159,20,1,1
BRDA:162,21,0,1
BRDA:162,21,1,0
BRDA:162,22,0,1
BRDA:162,22,1,1
BRDA:162,22,2,1
BRDA:166,23,0,0
BRDA:166,23,1,0
BRDA:172,24,0,0
BRDA:172,24,1,0
BRDA:174,25,0,0
BRDA:174,25,1,0
BRDA:174,26,0,0
BRDA:174,26,1,0
BRDA:194,27,0,0
BRDA:194,27,1,0
BRDA:194,28,0,0
BRDA:194,28,1,0
BRDA:202,29,0,0
BRDA:202,29,1,0
BRDA:204,30,0,0
BRDA:204,30,1,0
BRDA:208,31,0,0
BRDA:208,31,1,0
BRDA:217,32,0,0
BRDA:217,32,1,0
BRDA:236,33,0,0
BRDA:236,33,1,0
BRDA:240,34,0,0
BRDA:240,34,1,0
BRDA:250,35,0,4
BRDA:250,35,1,1
BRDA:255,36,0,1
BRDA:255,36,1,0
BRDA:255,37,0,1
BRDA:255,37,1,1
BRDA:258,38,0,0
BRDA:258,38,1,1
BRDA:261,39,0,1
BRDA:261,39,1,0
BRDA:261,40,0,1
BRDA:261,40,1,1
BRDA:261,40,2,1
BRDA:267,41,0,0
BRDA:267,41,1,0
BRDA:268,42,0,0
BRDA:268,42,1,0
BRDA:268,43,0,0
BRDA:268,43,1,0
BRDA:279,44,0,0
BRDA:279,44,1,0
BRDA:283,45,0,0
BRDA:283,45,1,0
BRDA:287,46,0,0
BRDA:287,46,1,0
BRDA:306,47,0,6
BRDA:306,47,1,7
BRDA:308,48,0,0
BRDA:308,48,1,7
BRDA:318,49,0,4
BRDA:318,49,1,3
BRDA:321,50,0,1
BRDA:321,50,1,2
BRDA:331,51,0,1
BRDA:331,51,1,1
BRDA:361,52,0,0
BRDA:361,52,1,0
BRDA:363,53,0,0
BRDA:363,53,1,0
BRDA:374,54,0,0
BRDA:374,54,1,0
BRDA:389,55,0,0
BRDA:389,55,1,0
BRDA:403,56,0,6
BRDA:403,56,1,14
BRDA:406,57,0,4
BRDA:406,57,1,10
BRDA:414,58,0,0
BRDA:414,58,1,0
BRDA:415,59,0,0
BRDA:415,59,1,0
BRDA:432,60,0,0
BRDA:432,60,1,2
BRDA:435,61,0,2
BRDA:435,61,1,0
BRDA:446,62,0,9
BRDA:446,62,1,0
BRDA:450,63,0,0
BRDA:450,63,1,9
BRDA:450,64,0,9
BRDA:450,64,1,5
BRDA:461,65,0,0
BRDA:461,65,1,0
BRDA:463,66,0,0
BRDA:463,66,1,0
BRDA:476,67,0,0
BRDA:476,67,1,0
BRF:136
BRH:56
end_of_record
TN:
SF:/root/remotestorage.js/src/i18n.js
FN:1,(anonymous_1)
FN:1,(anonymous_2)
FN:24,(anonymous_3)
FN:33,(anonymous_4)
FN:36,(anonymous_5)
FN:40,(anonymous_6)
FNF:6
FNH:6
FNDA:2,(anonymous_1)
FNDA:2,(anonymous_2)
FNDA:2,(anonymous_3)
FNDA:2,(anonymous_4)
FNDA:1,(anonymous_5)
FNDA:3,(anonymous_6)
DA:1,2
DA:10,2
DA:22,2
DA:25,2
DA:28,2
DA:29,1
DA:31,1
DA:33,2
DA:37,1
DA:41,3
LF:10
LH:10
BRDA:28,1,0,1
BRDA:28,1,1,1
BRF:2
BRH:2
end_of_record
TN:
SF:/root/remotestorage.js/src/indexeddb.js
FN:1,(anonymous_1)
FN:1,(anonymous_2)
FN:49,(anonymous_3)
FN:65,(anonymous_4)
FN:75,(anonymous_5)
FN:77,(anonymous_6)
FN:83,(anonymous_7)
FN:88,(anonymous_8)
FN:96,(anonymous_9)
FN:125,(anonymous_10)
FN:131,(anonymous_11)
FN:136,(anonymous_12)
FN:144,(anonymous_13)
FN:150,(anonymous_14)
FN:151,(anonymous_15)
FN:163,(anonymous_16)
FN:168,(anonymous_17)
FN:182,(anonymous_18)
FN:188,(anonymous_19)
FN:189,(anonymous_20)
FN:195,(anonymous_21)
FN:202,(anonymous_22)
FN:217,(anonymous_23)
FN:223,(anonymous_24)
FN:226,(anonymous_25)
FN:231,(anonymous_26)
FN:236,(anonymous_27)
FN:239,(anonymous_28)
FN:244,(anonymous_29)
FN:252,(anonymous_30)
FN:258,(anonymous_31)
FN:261,(anonymous_32)
FN:275,(anonymous_33)
FN:282,(anonymous_34)
FNF:34
FNH:11
FNDA:2,(anonymous_1)
FNDA:2,(anonymous_2)
FNDA:1,(anonymous_3)
FNDA:1,(anonymous_4)
FNDA:3,(anonymous_5)
FNDA:1,(anonymous_6)
FNDA:1,(anonymous_7)
FNDA:0,(anonymous_8)
FNDA:1,(anonymous_9)
FNDA:1,(anonymous_10)
FNDA:0,(anonymous_11)
FNDA:0,(anonymous_12)
FNDA:0,(anonymous_13)
FNDA:0,(anonymous_14)
FNDA:0,(anonymous_15)
FNDA:1,(anonymous_16)
FNDA:2,(anonymous_17)
FNDA:0,(anonymous_18)
FNDA:0,(anonymous_19)
FNDA:0,(anonymous_20)
FNDA:0,(anonymous_21)
FNDA:0,(anonymous_22)
FNDA:0,(anonymous_23)
FNDA:0,(anonymous_24)
FNDA:0,(anonymous_25)
FNDA:0,(anonymous_26)
FNDA:0,(anonymous_27)
FNDA:0,(anonymous_28)
FNDA:0,(anonymous_29)
FNDA:0,(anonymous_30)
FNDA:0,(anonymous_31)
FNDA:0,(anonymous_32)
FNDA:0,(anonymous_33)
FNDA:0,(anonymous_34)
DA:1,2
DA:42,2
DA:44,2
DA:46,2
DA:47,2
DA:49,2
DA:50,1
DA:52,1
DA:53,0
DA:54,0
DA:57,1
DA:58,1
DA:60,1
DA:61,1
DA:64,2
DA:66,1
DA:67,1
DA:68,1
DA:69,1
DA:70,1
DA:72,1
DA:74,1
DA:75,3
DA:76,3
DA:77,3
DA:78,1
DA:83,1
DA:84,1
DA:85,1
DA:88,1
DA:89,0
DA:90,0
DA:93,1
DA:97,1
DA:98,1
DA:99,1
DA:100,1
DA:102,1
DA:104,1
DA:106,1
DA:107,3
DA:108,3
DA:109,3
DA:110,3
DA:112,0
DA:113,0
DA:116,0
DA:117,0
DA:119,0
DA:120,0
DA:125,1
DA:126,1
DA:127,1
DA:128,1
DA:131,1
DA:132,0
DA:133,0
DA:136,1
DA:137,0
DA:138,0
DA:141,1
DA:145,0
DA:146,0
DA:148,0
DA:150,0
DA:151,0
DA:152,0
DA:153,0
DA:156,0
DA:158,0
DA:164,1
DA:165,1
DA:166,1
DA:168,1
DA:169,2
DA:171,2
DA:172,1
DA:173,1
DA:175,1
DA:179,1
DA:183,0
DA:188,2
DA:189,0
DA:190,0
DA:193,0
DA:195,0
DA:196,0
DA:198,0
DA:199,0
DA:202,0
DA:203,0
DA:205,0
DA:207,0
DA:208,0
DA:209,0
DA:212,0
DA:214,0
DA:217,0
DA:218,0
DA:219,0
DA:223,2
DA:224,0
DA:226,0
DA:227,0
DA:228,0
DA:231,0
DA:232,0
DA:236,2
DA:237,0
DA:239,0
DA:240,0
DA:241,0
DA:243,0
DA:244,0
DA:245,0
DA:249,0
DA:252,2
DA:253,0
DA:255,0
DA:256,0
DA:257,0
DA:258,0
DA:259,0
DA:261,0
DA:262,0
DA:263,0
DA:266,0
DA:269,0
DA:272,0
DA:275,2
DA:276,0
DA:278,0
DA:279,0
DA:282,0
DA:283,0
DA:286,0
LF:136
LH:62
BRDA:50,1,0,1
BRDA:50,1,1,0
BRDA:52,2,0,0
BRDA:52,2,1,1
BRDA:108,3,0,3
BRDA:108,3,1,0
BRDA:152,4,0,0
BRDA:152,4,1,0
BRDA:158,5,0,0
BRDA:158,5,1,0
BRDA:171,6,0,1
BRDA:171,6,1,1
BRDA:207,7,0,0
BRDA:207,7,1,0
BRDA:240,8,0,0
BRDA:240,8,1,0
BRDA:255,9,0,0
BRDA:255,9,1,0
BRDA:278,10,0,0
BRDA:278,10,1,0
BRDA:289,11,0,0
BRDA:289,11,1,2
BRF:22
BRH:6
end_of_record
TN:
SF:/root/remotestorage.js/src/localstorage.js
FN:1,(anonymous_1)
FN:1,(anonymous_2)
FN:11,(anonymous_3)
FN:17,b64ToUint6
FN:32,base64DecToArr
FN:50,isBinary
FN:54,isRemoteStorageKey
FN:59,isNodeKey
FN:65,(anonymous_9)
FN:81,(anonymous_10)
FN:93,(anonymous_11)
FN:114,(anonymous_12)
FN:116,(anonymous_13)
FN:121,(anonymous_14)
FN:131,(anonymous_15)
FNF:15
FNH:7
FNDA:2,(anonymous_1)
FNDA:2,(anonymous_2)
FNDA:8,(anonymous_3)
FNDA:0,b64ToUint6
FNDA:0,base64DecToArr
FNDA:0,isBinary
FNDA:0,isRemoteStorageKey
FNDA:1,isNodeKey
FNDA:11,(anonymous_9)
FNDA:8,(anonymous_10)
FNDA:1,(anonymous_11)
FNDA:0,(anonymous_12)
FNDA:0,(anonymous_13)
FNDA:0,(anonymous_14)
FNDA:0,(anonymous_15)
DA:1,2
DA:8,2
DA:9,2
DA:11,2
DA:12,8
DA:13,8
DA:14,8
DA:17,1
DA:18,0
DA:32,1
DA:33,0
DA:37,0
DA:38,0
DA:39,0
DA:40,0
DA:41,0
DA:42,0
DA:44,0
DA:47,0
DA:50,1
DA:51,0
DA:54,1
DA:55,0
DA:59,1
DA:60,1
DA:63,2
DA:66,11
DA:67,11
DA:69,11
DA:70,25
DA:71,25
DA:73,19
DA:77,11
DA:78,11
DA:82,8
DA:84,8
DA:86,19
DA:89,8
DA:90,8
DA:94,1
DA:96,1
DA:97,1
DA:98,1
DA:99,1
DA:101,0
DA:103,1
DA:104,1
DA:109,1
DA:114,2
DA:116,2
DA:117,0
DA:121,2
DA:122,0
DA:124,0
DA:125,0
DA:126,0
DA:127,0
DA:131,0
DA:132,0
DA:133,0
LF:60
LH:38
BRDA:18,1,0,0
BRDA:18,1,1,0
BRDA:18,2,0,0
BRDA:18,2,1,0
BRDA:20,3,0,0
BRDA:20,3,1,0
BRDA:20,4,0,0
BRDA:20,4,1,0
BRDA:22,5,0,0
BRDA:22,5,1,0
BRDA:22,6,0,0
BRDA:22,6,1,0
BRDA:24,7,0,0
BRDA:24,7,1,0
BRDA:26,8,0,0
BRDA:26,8,1,0
BRDA:35,9,0,0
BRDA:35,9,1,0
BRDA:40,10,0,0
BRDA:40,10,1,0
BRDA:40,11,0,0
BRDA:40,11,1,0
BRDA:41,12,0,0
BRDA:41,12,1,0
BRDA:55,13,0,0
BRDA:55,13,1,0
BRDA:97,14,0,1
BRDA:97,14,1,0
BRDA:103,15,0,1
BRDA:103,15,1,0
BRDA:126,16,0,0
BRDA:126,16,1,0
BRDA:136,17,0,0
BRDA:136,17,1,2
BRF:34
BRH:3
end_of_record
TN:
SF:/root/remotestorage.js/src/remotestorage.js
FN:1,(anonymous_1)
FN:1,(anonymous_2)
FN:2,logError
FN:10,emitUnauthorized
FN:19,shareFirst
FN:25,(anonymous_6)
FN:35,(anonymous_7)
FN:50,(anonymous_8)
FN:61,(anonymous_9)
FN:69,(anonymous_10)
FN:72,(anonymous_11)
FN:76,(anonymous_12)
FN:96,(anonymous_13)
FN:182,(anonymous_14)
FN:193,(anonymous_15)
FN:204,(anonymous_16)
FN:211,(anonymous_17)
FN:221,(anonymous_18)
FN:252,(anonymous_19)
FN:261,(anonymous_20)
FN:265,(anonymous_21)
FN:295,(anonymous_22)
FN:306,(anonymous_23)
FN:316,(anonymous_24)
FN:329,(anonymous_25)
FN:355,(anonymous_26)
FN:367,(anonymous_27)
FN:376,(anonymous_28)
FN:385,(anonymous_29)
FN:389,(anonymous_30)
FN:404,(anonymous_31)
FN:408,fireReady
FN:420,(anonymous_33)
FN:434,(anonymous_34)
FN:438,(anonymous_35)
FN:461,(anonymous_36)
FN:473,(anonymous_37)
FN:495,featureDone
FN:498,(anonymous_39)
FN:505,(anonymous_40)
FN:506,(anonymous_41)
FN:517,featureInitialized
FN:528,featureFailed
FN:533,featureSupported
FN:540,initFeature
FN:550,(anonymous_46)
FN:551,(anonymous_47)
FN:558,(anonymous_48)
FN:568,(anonymous_49)
FN:572,(anonymous_50)
FN:589,(anonymous_51)
FN:601,(anonymous_52)
FN:602,wrap
FN:603,(anonymous_54)
FN:613,(anonymous_55)
FN:614,(anonymous_56)
FN:625,(anonymous_57)
FN:626,(anonymous_58)
FN:640,(anonymous_59)
FN:644,(anonymous_60)
FN:649,(anonymous_61)
FN:671,(anonymous_62)
FNF:62
FNH:38
FNDA:2,(anonymous_1)
FNDA:2,(anonymous_2)
FNDA:0,logError
FNDA:6,emitUnauthorized
FNDA:0,shareFirst
FNDA:2,(anonymous_6)
FNDA:2,(anonymous_7)
FNDA:0,(anonymous_8)
FNDA:0,(anonymous_9)
FNDA:0,(anonymous_10)
FNDA:0,(anonymous_11)
FNDA:0,(anonymous_12)
FNDA:16,(anonymous_13)
FNDA:28,(anonymous_14)
FNDA:17,(anonymous_15)
FNDA:4,(anonymous_16)
FNDA:3,(anonymous_17)
FNDA:658,(anonymous_18)
FNDA:4,(anonymous_19)
FNDA:2,(anonymous_20)
FNDA:1,(anonymous_21)
FNDA:1,(anonymous_22)
FNDA:1,(anonymous_23)
FNDA:0,(anonymous_24)
FNDA:20,(anonymous_25)
FNDA:0,(anonymous_26)
FNDA:0,(anonymous_27)
FNDA:0,(anonymous_28)
FNDA:593,(anonymous_29)
FNDA:0,(anonymous_30)
FNDA:18,(anonymous_31)
FNDA:88,fireReady
FNDA:18,(anonymous_33)
FNDA:61,(anonymous_34)
FNDA:10,(anonymous_35)
FNDA:17,(anonymous_36)
FNDA:18,(anonymous_37)
FNDA:270,featureDone
FNDA:18,(anonymous_39)
FNDA:54,(anonymous_40)
FNDA:0,(anonymous_41)
FNDA:0,featureInitialized
FNDA:35,featureFailed
FNDA:270,featureSupported
FNDA:35,initFeature
FNDA:0,(anonymous_46)
FNDA:0,(anonymous_47)
FNDA:270,(anonymous_48)
FNDA:0,(anonymous_49)
FNDA:0,(anonymous_50)
FNDA:36,(anonymous_51)
FNDA:35,(anonymous_52)
FNDA:105,wrap
FNDA:6,(anonymous_54)
FNDA:51,(anonymous_55)
FNDA:0,(anonymous_56)
FNDA:17,(anonymous_57)
FNDA:0,(anonymous_58)
FNDA:0,(anonymous_59)
FNDA:0,(anonymous_60)
FNDA:0,(anonymous_61)
FNDA:0,(anonymous_62)
DA:1,2
DA:2,1
DA:3,0
DA:4,0
DA:6,0
DA:10,1
DA:11,6
DA:12,6
DA:13,3
DA:15,6
DA:16,6
DA:19,1
DA:20,0
DA:24,2
DA:26,2
DA:27,2
DA:28,2
DA:29,2
DA:30,1
DA:32,1
DA:35,2
DA:36,2
DA:39,2
DA:40,0
DA:41,0
DA:42,0
DA:44,2
DA:46,0
DA:51,0
DA:52,0
DA:54,0
DA:55,0
DA:57,0
DA:62,0
DA:63,0
DA:65,0
DA:70,0
DA:71,0
DA:72,0
DA:73,0
DA:74,0
DA:75,0
DA:77,0
DA:78,0
DA:96,2
DA:150,16
DA:157,16
DA:159,16
DA:165,16
DA:167,16
DA:169,16
DA:171,16
DA:172,16
DA:173,16
DA:177,16
DA:180,16
DA:182,16
DA:183,28
DA:184,1
DA:185,27
DA:186,0
DA:188,28
DA:191,16
DA:193,16
DA:194,17
DA:195,0
DA:199,16
DA:202,2
DA:204,2
DA:205,4
DA:206,4
DA:209,2
DA:211,3
DA:212,2
DA:221,2
DA:222,658
DA:223,1
DA:227,2
DA:237,2
DA:253,4
DA:254,4
DA:255,1
DA:256,1
DA:258,3
DA:259,3
DA:261,3
DA:262,2
DA:265,3
DA:266,1
DA:267,1
DA:268,1
DA:269,1
DA:271,0
DA:272,0
DA:273,0
DA:274,0
DA:275,0
DA:282,0
DA:296,1
DA:297,1
DA:299,1
DA:304,1
DA:306,1
DA:307,1
DA:308,1
DA:309,1
DA:310,1
DA:311,1
DA:315,1
DA:316,0
DA:317,0
DA:318,0
DA:319,0
DA:321,0
DA:325,1
DA:330,20
DA:331,20
DA:332,20
DA:333,20
DA:335,0
DA:356,0
DA:357,0
DA:359,0
DA:368,0
DA:377,0
DA:386,593
DA:390,0
DA:391,0
DA:393,0
DA:395,0
DA:396,0
DA:405,18
DA:408,1
DA:409,88
DA:410,88
DA:411,17
DA:412,17
DA:415,0
DA:416,0
DA:420,18
DA:421,18
DA:422,18
DA:426,18
DA:427,0
DA:428,0
DA:429,18
DA:430,18
DA:433,18
DA:434,18
DA:435,61
DA:436,61
DA:438,17
DA:439,10
DA:440,10
DA:442,17
DA:443,17
DA:444,17
DA:448,17
DA:450,17
DA:451,17
DA:452,17
DA:454,0
DA:455,0
DA:457,17
DA:462,17
DA:463,0
DA:464,0
DA:465,0
DA:474,18
DA:491,18
DA:492,18
DA:493,18
DA:495,1
DA:496,270
DA:497,270
DA:498,18
DA:499,18
DA:500,18
DA:501,18
DA:506,54
DA:507,0
DA:508,0
DA:511,18
DA:512,18
DA:517,1
DA:518,0
DA:519,0
DA:525,0
DA:528,1
DA:529,35
DA:530,35
DA:533,1
DA:534,270
DA:535,270
DA:536,235
DA:540,1
DA:541,35
DA:542,35
DA:543,35
DA:545,35
DA:546,35
DA:548,0
DA:549,0
DA:550,0
DA:551,0
DA:554,0
DA:558,18
DA:559,270
DA:560,270
DA:561,270
DA:563,270
DA:564,35
DA:566,35
DA:567,0
DA:569,0
DA:570,0
DA:573,0
DA:577,35
DA:578,35
DA:579,35
DA:580,35
DA:584,235
DA:590,36
DA:591,36
DA:593,0
DA:602,1
DA:603,105
DA:604,6
DA:608,35
DA:609,35
DA:610,35
DA:614,51
DA:615,0
DA:616,0
DA:621,0
DA:626,17
DA:627,0
DA:628,0
DA:630,0
DA:633,17
DA:641,0
DA:645,0
DA:646,0
DA:647,0
DA:648,0
DA:649,0
DA:650,0
DA:651,0
DA:652,0
DA:653,0
DA:654,0
DA:656,0
DA:657,0
DA:670,2
DA:672,0
DA:702,2
LF:256
LH:164
BRDA:3,1,0,0
BRDA:3,1,1,0
BRDA:12,2,0,3
BRDA:12,2,1,3
BRDA:12,3,0,6
BRDA:12,3,1,3
BRDA:20,4,0,0
BRDA:20,4,1,0
BRDA:27,5,0,2
BRDA:27,5,1,0
BRDA:28,6,0,2
BRDA:28,6,1,0
BRDA:29,7,0,1
BRDA:29,7,1,1
BRDA:36,8,0,2
BRDA:36,8,1,1
BRDA:39,9,0,0
BRDA:39,9,1,2
BRDA:51,10,0,0
BRDA:51,10,1,0
BRDA:54,11,0,0
BRDA:54,11,1,0
BRDA:62,12,0,0
BRDA:62,12,1,0
BRDA:171,13,0,16
BRDA:171,13,1,0
BRDA:177,14,0,16
BRDA:177,14,1,2
BRDA:183,15,0,1
BRDA:183,15,1,27
BRDA:183,16,0,28
BRDA:183,16,1,17
BRDA:183,16,2,16
BRDA:185,17,0,0
BRDA:185,17,1,27
BRDA:185,18,0,27
BRDA:185,18,1,0
BRDA:194,19,0,0
BRDA:194,19,1,17
BRDA:222,20,0,1
BRDA:222,20,1,657
BRDA:254,21,0,1
BRDA:254,21,1,3
BRDA:267,22,0,1
BRDA:267,22,1,0
BRDA:273,23,0,0
BRDA:273,23,1,0
BRDA:274,24,0,0
BRDA:274,24,1,0
BRDA:296,25,0,1
BRDA:296,25,1,0
BRDA:308,26,0,1
BRDA:308,26,1,0
BRDA:315,27,0,0
BRDA:315,27,1,1
BRDA:318,28,0,0
BRDA:318,28,1,0
BRDA:318,29,0,0
BRDA:318,29,1,0
BRDA:331,30,0,20
BRDA:331,30,1,0
BRDA:332,31,0,20
BRDA:332,31,1,0
BRDA:356,32,0,0
BRDA:356,32,1,0
BRDA:390,33,0,0
BRDA:390,33,1,0
BRDA:395,34,0,0
BRDA:395,34,1,0
BRDA:410,35,0,17
BRDA:410,35,1,71
BRDA:422,36,0,18
BRDA:422,36,1,0
BRDA:426,37,0,0
BRDA:426,37,1,18
BRDA:426,38,0,18
BRDA:426,38,1,0
BRDA:429,39,0,18
BRDA:429,39,1,0
BRDA:433,40,0,18
BRDA:433,40,1,0
BRDA:442,41,0,17
BRDA:442,41,1,0
BRDA:464,42,0,0
BRDA:464,42,1,0
BRDA:497,43,0,18
BRDA:497,43,1,252
BRDA:506,44,0,0
BRDA:506,44,1,54
BRDA:534,45,0,270
BRDA:534,45,1,0
BRDA:535,46,0,235
BRDA:535,46,1,35
BRDA:548,47,0,0
BRDA:548,47,1,0
BRDA:548,48,0,0
BRDA:548,48,1,0
BRDA:563,49,0,35
BRDA:563,49,1,235
BRDA:564,50,0,35
BRDA:564,50,1,0
BRDA:566,51,0,0
BRDA:566,51,1,35
BRDA:577,52,0,35
BRDA:577,52,1,0
BRDA:579,53,0,35
BRDA:579,53,1,0
BRDA:648,54,0,0
BRDA:648,54,1,0
BRDA:704,55,0,0
BRDA:704,55,1,2
BRF:111
BRH:53
end_of_record
TN:
SF:/root/remotestorage.js/src/modules.js
FN:1,(anonymous_1)
FN:1,(anonymous_2)
FN:39,(anonymous_3)
FN:44,(anonymous_4)
FN:54,(anonymous_5)
FN:58,(anonymous_6)
FN:65,(anonymous_7)
FN:76,(anonymous_8)
FNF:8
FNH:7
FNDA:2,(anonymous_1)
FNDA:2,(anonymous_2)
FNDA:2,(anonymous_3)
FNDA:2,(anonymous_4)
FNDA:1,(anonymous_5)
FNDA:1,(anonymous_6)
FNDA:2,(anonymous_7)
FNDA:0,(anonymous_8)
DA:1,2
DA:3,2
DA:39,2
DA:40,2
DA:42,2
DA:45,2
DA:46,2
DA:49,2
DA:53,2
DA:54,1
DA:55,1
DA:57,1
DA:59,1
DA:65,2
DA:66,2
DA:67,2
DA:68,2
DA:70,2
DA:72,0
DA:76,2
DA:77,0
DA:78,0
LF:22
LH:19
BRDA:53,1,0,1
BRDA:53,1,1,1
BRDA:67,2,0,2
BRDA:67,2,1,0
BRF:4
BRH:3
end_of_record
TN:
SF:/root/remotestorage.js/src/nodejs_ext.js
FN:1,(anonymous_1)
FN:1,(anonymous_2)
FN:4,(anonymous_3)
FNF:3
FNH:3
FNDA:2,(anonymous_1)
FNDA:2,(anonymous_2)
FNDA:1,(anonymous_3)
DA:1,2
DA:2,2
DA:4,2
DA:5,1
LF:4
LH:4
BRF:0
BRH:0
end_of_record
TN:
SF:/root/remotestorage.js/src/sync.js
FN:1,(anonymous_1)
FN:1,(anonymous_2)
FN:7,taskFor
FN:15,isStaleChild
FN:19,hasCommonRevision
FN:23,equal
FN:27,equalObj
FN:59,isFolder
FN:63,handleVisibility
FN:68,handleVisibilityChange
FN:76,(anonymous_11)
FN:80,(anonymous_12)
FN:89,isValidInterval
FN:96,(anonymous_14)
FN:98,(anonymous_15)
FN:109,(anonymous_16)
FN:117,(anonymous_17)
FN:121,(anonymous_18)
FN:127,(anonymous_19)
FN:128,(anonymous_20)
FN:137,(anonymous_21)
FN:173,(anonymous_22)
FN:187,(anonymous_23)
FN:198,(anonymous_24)
FN:208,(anonymous_25)
FN:212,(anonymous_26)
FN:216,(anonymous_27)
FN:220,(anonymous_28)
FN:223,(anonymous_29)
FN:242,(anonymous_30)
FN:244,(anonymous_31)
FN:249,(anonymous_32)
FN:254,(anonymous_33)
FN:264,(anonymous_34)
FN:277,(anonymous_35)
FN:286,(anonymous_36)
FN:290,(anonymous_37)
FN:294,(anonymous_38)
FN:304,(anonymous_39)
FN:316,(anonymous_40)
FN:317,(anonymous_41)
FN:331,(anonymous_42)
FN:333,(anonymous_43)
FN:338,(anonymous_44)
FN:349,(anonymous_45)
FN:350,(anonymous_46)
FN:366,(anonymous_47)
FN:384,(anonymous_48)
FN:408,(anonymous_49)
FN:433,(anonymous_50)
FN:434,(anonymous_51)
FN:462,(anonymous_52)
FN:503,(anonymous_53)
FN:504,(anonymous_54)
FN:512,(anonymous_55)
FN:525,(anonymous_56)
FN:529,(anonymous_57)
FN:603,(anonymous_58)
FN:609,(anonymous_59)
FN:614,(anonymous_60)
FN:617,(anonymous_61)
FN:649,(anonymous_62)
FN:655,(anonymous_63)
FN:667,(anonymous_64)
FN:673,(anonymous_65)
FN:730,(anonymous_66)
FN:731,(anonymous_67)
FN:781,(anonymous_68)
FN:782,(anonymous_69)
FN:790,(anonymous_70)
FN:810,(anonymous_71)
FN:820,(anonymous_72)
FN:826,(anonymous_73)
FN:831,(anonymous_74)
FN:837,(anonymous_75)
FN:843,(anonymous_76)
FN:850,(anonymous_77)
FN:866,(anonymous_78)
FN:874,(anonymous_79)
FN:880,(anonymous_80)
FN:882,(anonymous_81)
FN:887,(anonymous_82)
FN:902,(anonymous_83)
FN:914,(anonymous_84)
FN:921,(anonymous_85)
FN:928,(anonymous_86)
FN:935,(anonymous_87)
FN:964,(anonymous_88)
FN:971,(anonymous_89)
FN:979,(anonymous_90)
FN:984,(anonymous_91)
FN:996,(anonymous_92)
FN:1001,(anonymous_93)
FN:1007,(anonymous_94)
FN:1025,(anonymous_95)
FN:1038,(anonymous_96)
FN:1055,(anonymous_97)
FN:1068,(anonymous_98)
FN:1085,(anonymous_99)
FN:1089,(anonymous_100)
FN:1104,(anonymous_101)
FN:1109,(anonymous_102)
FN:1122,(anonymous_103)
FN:1133,(anonymous_104)
FN:1141,(anonymous_105)
FN:1142,(anonymous_106)
FN:1167,(anonymous_107)
FNF:107
FNH:87
FNDA:2,(anonymous_1)
FNDA:2,(anonymous_2)
FNDA:505,taskFor
FNDA:504,isStaleChild
FNDA:166,hasCommonRevision
FNDA:1,equal
FNDA:12,equalObj
FNDA:94,isFolder
FNDA:0,handleVisibility
FNDA:0,handleVisibilityChange
FNDA:0,(anonymous_11)
FNDA:0,(anonymous_12)
FNDA:4,isValidInterval
FNDA:38,(anonymous_14)
FNDA:0,(anonymous_15)
FNDA:0,(anonymous_16)
FNDA:538,(anonymous_17)
FNDA:4,(anonymous_18)
FNDA:2,(anonymous_19)
FNDA:2,(anonymous_20)
FNDA:7,(anonymous_21)
FNDA:9,(anonymous_22)
FNDA:51,(anonymous_23)
FNDA:33,(anonymous_24)
FNDA:19,(anonymous_25)
FNDA:19,(anonymous_26)
FNDA:1006,(anonymous_27)
FNDA:14,(anonymous_28)
FNDA:33,(anonymous_29)
FNDA:13,(anonymous_30)
FNDA:1,(anonymous_31)
FNDA:44,(anonymous_32)
FNDA:5,(anonymous_33)
FNDA:31,(anonymous_34)
FNDA:13,(anonymous_35)
FNDA:166,(anonymous_36)
FNDA:166,(anonymous_37)
FNDA:16,(anonymous_38)
FNDA:3,(anonymous_39)
FNDA:3,(anonymous_40)
FNDA:5,(anonymous_41)
FNDA:3,(anonymous_42)
FNDA:0,(anonymous_43)
FNDA:514,(anonymous_44)
FNDA:505,(anonymous_45)
FNDA:505,(anonymous_46)
FNDA:0,(anonymous_47)
FNDA:0,(anonymous_48)
FNDA:2,(anonymous_49)
FNDA:8,(anonymous_50)
FNDA:8,(anonymous_51)
FNDA:30,(anonymous_52)
FNDA:2,(anonymous_53)
FNDA:2,(anonymous_54)
FNDA:7,(anonymous_55)
FNDA:7,(anonymous_56)
FNDA:7,(anonymous_57)
FNDA:7,(anonymous_58)
FNDA:8,(anonymous_59)
FNDA:1,(anonymous_60)
FNDA:0,(anonymous_61)
FNDA:1,(anonymous_62)
FNDA:15,(anonymous_63)
FNDA:15,(anonymous_64)
FNDA:14,(anonymous_65)
FNDA:1,(anonymous_66)
FNDA:1,(anonymous_67)
FNDA:495,(anonymous_68)
FNDA:495,(anonymous_69)
FNDA:512,(anonymous_70)
FNDA:17,(anonymous_71)
FNDA:15,(anonymous_72)
FNDA:6,(anonymous_73)
FNDA:8,(anonymous_74)
FNDA:2,(anonymous_75)
FNDA:512,(anonymous_76)
FNDA:0,(anonymous_77)
FNDA:494,(anonymous_78)
FNDA:511,(anonymous_79)
FNDA:505,(anonymous_80)
FNDA:0,(anonymous_81)
FNDA:501,(anonymous_82)
FNDA:501,(anonymous_83)
FNDA:495,(anonymous_84)
FNDA:1,(anonymous_85)
FNDA:1,(anonymous_86)
FNDA:512,(anonymous_87)
FNDA:505,(anonymous_88)
FNDA:12,(anonymous_89)
FNDA:1,(anonymous_90)
FNDA:20,(anonymous_91)
FNDA:5,(anonymous_92)
FNDA:2,(anonymous_93)
FNDA:1,(anonymous_94)
FNDA:2,(anonymous_95)
FNDA:4,(anonymous_96)
FNDA:0,(anonymous_97)
FNDA:0,(anonymous_98)
FNDA:0,(anonymous_99)
FNDA:0,(anonymous_100)
FNDA:0,(anonymous_101)
FNDA:0,(anonymous_102)
FNDA:1,(anonymous_103)
FNDA:0,(anonymous_104)
FNDA:1,(anonymous_105)
FNDA:0,(anonymous_106)
FNDA:1,(anonymous_107)
DA:1,2
DA:3,2
DA:7,1
DA:8,505
DA:15,1
DA:16,504
DA:19,1
DA:20,166
DA:23,1
DA:24,1
DA:27,1
DA:28,12
DA:29,12
DA:30,9
DA:32,12
DA:33,9
DA:34,9
DA:36,0
DA:37,0
DA:39,0
DA:41,0
DA:43,0
DA:45,9
DA:48,0
DA:51,11
DA:52,14
DA:53,9
DA:56,2
DA:59,1
DA:60,94
DA:63,1
DA:64,0
DA:68,1
DA:69,0
DA:70,0
DA:71,0
DA:72,0
DA:73,0
DA:76,0
DA:77,0
DA:80,0
DA:81,0
DA:89,1
DA:90,4
DA:96,2
DA:97,38
DA:98,38
DA:99,0
DA:100,0
DA:102,38
DA:103,38
DA:104,38
DA:105,38
DA:106,38
DA:107,38
DA:108,38
DA:109,38
DA:110,0
DA:111,0
DA:115,2
DA:118,538
DA:122,4
DA:123,1
DA:124,3
DA:125,1
DA:127,2
DA:128,2
DA:129,2
DA:133,2
DA:138,7
DA:139,0
DA:142,7
DA:143,9
DA:145,9
DA:146,0
DA:148,9
DA:149,0
DA:151,9
DA:152,2
DA:153,0
DA:156,7
DA:157,0
DA:159,7
DA:160,0
DA:161,0
DA:163,0
DA:164,0
DA:170,7
DA:174,9
DA:175,0
DA:178,9
DA:179,16
DA:180,0
DA:184,9
DA:188,51
DA:199,33
DA:209,19
DA:213,19
DA:217,1006
DA:221,14
DA:223,14
DA:224,33
DA:225,0
DA:228,33
DA:229,2
DA:230,2
DA:231,1
DA:232,1
DA:234,31
DA:235,12
DA:236,12
DA:237,19
DA:239,1
DA:240,1
DA:243,13
DA:245,1
DA:250,44
DA:255,5
DA:256,5
DA:257,0
DA:259,5
DA:261,0
DA:265,31
DA:266,0
DA:268,31
DA:269,13
DA:271,18
DA:272,1
DA:274,17
DA:278,13
DA:279,0
DA:281,13
DA:282,2
DA:287,166
DA:291,166
DA:295,16
DA:297,16
DA:298,16
DA:300,0
DA:305,3
DA:306,4
DA:308,4
DA:309,13
DA:310,1
DA:317,3
DA:318,5
DA:319,5
DA:320,5
DA:321,5
DA:325,5
DA:326,3
DA:327,2
DA:328,1
DA:332,3
DA:334,0
DA:339,514
DA:341,546
DA:342,1
DA:343,1
DA:346,513
DA:350,505
DA:351,505
DA:354,505
DA:355,1
DA:358,504
DA:359,338
DA:362,166
DA:363,0
DA:364,0
DA:366,0
DA:367,0
DA:368,0
DA:369,0
DA:372,0
DA:375,0
DA:381,166
DA:382,0
DA:384,0
DA:385,0
DA:386,0
DA:390,0
DA:395,166
DA:396,4
DA:401,162
DA:405,505
DA:409,2
DA:410,2
DA:411,2
DA:413,2
DA:414,2
DA:415,2
DA:420,0
DA:425,2
DA:426,0
DA:430,2
DA:434,8
DA:435,8
DA:440,8
DA:441,2
DA:442,6
DA:444,6
DA:446,6
DA:455,6
DA:456,6
DA:457,6
DA:459,8
DA:463,30
DA:464,25
DA:465,10
DA:466,2
DA:468,8
DA:471,15
DA:472,7
DA:473,5
DA:474,5
DA:477,8
DA:478,6
DA:485,6
DA:486,6
DA:491,5
DA:498,5
DA:500,15
DA:504,2
DA:505,2
DA:506,1
DA:508,2
DA:513,7
DA:514,7
DA:515,7
DA:517,7
DA:518,9
DA:519,9
DA:521,7
DA:522,14
DA:525,7
DA:526,7
DA:527,7
DA:529,7
DA:530,7
DA:533,7
DA:534,23
DA:536,23
DA:537,9
DA:538,7
DA:539,4
DA:540,4
DA:544,4
DA:547,2
DA:548,2
DA:549,1
DA:562,9
DA:563,2
DA:566,9
DA:567,2
DA:569,14
DA:570,14
DA:571,6
DA:572,6
DA:576,14
DA:577,2
DA:578,2
DA:582,14
DA:583,9
DA:585,5
DA:587,5
DA:588,5
DA:589,5
DA:590,5
DA:591,5
DA:592,4
DA:594,4
DA:595,1
DA:603,7
DA:604,7
DA:610,8
DA:611,7
DA:614,1
DA:615,1
DA:617,1
DA:618,0
DA:619,0
DA:620,0
DA:625,1
DA:626,6
DA:629,6
DA:630,0
DA:633,6
DA:634,0
DA:635,0
DA:637,6
DA:638,6
DA:639,6
DA:643,6
DA:649,1
DA:650,1
DA:656,15
DA:657,15
DA:658,15
DA:660,15
DA:661,7
DA:663,8
DA:664,8
DA:667,15
DA:668,15
DA:669,15
DA:670,15
DA:671,15
DA:673,15
DA:674,14
DA:675,5
DA:676,17
DA:677,14
DA:683,15
DA:685,3
DA:689,3
DA:692,15
DA:697,15
DA:698,7
DA:699,7
DA:701,7
DA:702,7
DA:703,9
DA:706,8
DA:707,8
DA:709,8
DA:710,8
DA:711,6
DA:712,6
DA:713,6
DA:714,1
DA:719,15
DA:721,15
DA:727,15
DA:731,1
DA:732,1
DA:734,1
DA:735,0
DA:736,0
DA:739,1
DA:740,0
DA:742,0
DA:743,0
DA:749,0
DA:751,1
DA:756,1
DA:757,1
DA:758,1
DA:760,1
DA:762,1
DA:765,1
DA:766,0
DA:767,0
DA:768,0
DA:770,0
DA:775,1
DA:778,1
DA:782,495
DA:783,495
DA:784,495
DA:785,495
DA:791,512
DA:792,0
DA:798,512
DA:800,512
DA:811,17
DA:812,1
DA:813,0
DA:815,1
DA:819,17
DA:820,15
DA:821,15
DA:822,7
DA:823,0
DA:824,0
DA:826,7
DA:827,6
DA:831,8
DA:832,8
DA:837,2
DA:838,2
DA:844,512
DA:846,512
DA:847,17
DA:848,17
DA:849,0
DA:850,0
DA:851,0
DA:854,0
DA:859,495
DA:860,0
DA:862,495
DA:863,0
DA:866,495
DA:867,494
DA:875,511
DA:876,6
DA:877,6
DA:880,505
DA:881,505
DA:883,0
DA:884,0
DA:888,501
DA:889,501
DA:891,501
DA:892,9
DA:893,9
DA:894,2
DA:896,9
DA:900,501
DA:902,501
DA:904,501
DA:905,6
DA:906,6
DA:907,6
DA:908,6
DA:914,495
DA:915,495
DA:922,1
DA:923,1
DA:924,1
DA:925,1
DA:926,1
DA:927,1
DA:928,1
DA:929,1
DA:936,512
DA:937,512
DA:938,510
DA:939,6
DA:941,504
DA:944,2
DA:946,512
DA:947,512
DA:948,2
DA:950,510
DA:951,511
DA:952,511
DA:953,511
DA:954,511
DA:955,511
DA:956,511
DA:957,505
DA:961,5
DA:965,505
DA:966,492
DA:967,492
DA:968,492
DA:971,13
DA:972,12
DA:973,10
DA:974,10
DA:975,10
DA:977,2
DA:980,1
DA:985,20
DA:986,20
DA:988,20
DA:989,2
DA:997,5
DA:998,5
DA:1000,5
DA:1001,3
DA:1002,2
DA:1003,2
DA:1005,0
DA:1008,1
DA:1009,1
DA:1012,2
DA:1025,2
DA:1026,2
DA:1038,2
DA:1039,4
DA:1040,3
DA:1042,1
DA:1043,1
DA:1044,1
DA:1055,2
DA:1056,0
DA:1068,2
DA:1069,0
DA:1070,0
DA:1072,0
DA:1073,0
DA:1074,0
DA:1085,2
DA:1086,0
DA:1089,2
DA:1090,0
DA:1091,0
DA:1092,0
DA:1094,0
DA:1096,0
DA:1097,0
DA:1100,2
DA:1102,2
DA:1104,2
DA:1105,0
DA:1106,0
DA:1109,0
DA:1110,0
DA:1111,0
DA:1112,0
DA:1113,0
DA:1115,0
DA:1119,0
DA:1122,2
DA:1123,1
DA:1124,1
DA:1125,1
DA:1128,0
DA:1129,0
DA:1133,2
DA:1134,0
DA:1135,0
DA:1136,0
DA:1139,2
DA:1141,2
DA:1142,1
DA:1143,0
DA:1144,0
DA:1145,0
DA:1147,0
DA:1149,0
DA:1153,0
DA:1154,0
DA:1155,0
DA:1156,0
DA:1160,0
DA:1161,0
DA:1164,1
DA:1167,2
DA:1168,1
DA:1169,1
LF:533
LH:413
BRDA:16,1,0,504
BRDA:16,1,1,339
BRDA:16,1,2,338
BRDA:16,1,3,338
BRDA:20,2,0,166
BRDA:20,2,1,166
BRDA:30,3,0,0
BRDA:30,3,1,9
BRDA:33,4,0,9
BRDA:33,4,1,0
BRDA:34,5,0,0
BRDA:34,5,1,0
BRDA:34,5,2,9
BRDA:36,6,0,0
BRDA:36,6,1,0
BRDA:39,7,0,0
BRDA:39,7,1,0
BRDA:39,8,0,0
BRDA:39,8,1,0
BRDA:39,8,2,0
BRDA:45,9,0,1
BRDA:45,9,1,8
BRDA:48,10,0,0
BRDA:48,10,1,0
BRDA:52,11,0,9
BRDA:52,11,1,5
BRDA:90,12,0,4
BRDA:90,12,1,2
BRDA:90,12,2,1
BRDA:122,13,0,1
BRDA:122,13,1,3
BRDA:124,14,0,1
BRDA:124,14,1,2
BRDA:138,15,0,0
BRDA:138,15,1,7
BRDA:138,16,0,7
BRDA:138,16,1,7
BRDA:145,17,0,0
BRDA:145,17,1,9
BRDA:148,18,0,0
BRDA:148,18,1,9
BRDA:151,19,0,2
BRDA:151,19,1,7
BRDA:152,20,0,0
BRDA:152,20,1,2
BRDA:156,21,0,0
BRDA:156,21,1,7
BRDA:159,22,0,0
BRDA:159,22,1,7
BRDA:160,23,0,0
BRDA:160,23,1,0
BRDA:163,24,0,0
BRDA:163,24,1,0
BRDA:174,25,0,0
BRDA:174,25,1,9
BRDA:174,26,0,9
BRDA:174,26,1,9
BRDA:179,27,0,0
BRDA:179,27,1,16
BRDA:188,28,0,51
BRDA:188,28,1,51
BRDA:188,28,2,51
BRDA:188,28,3,29
BRDA:188,28,4,51
BRDA:188,28,5,12
BRDA:188,28,6,1
BRDA:188,28,7,50
BRDA:188,28,8,9
BRDA:188,28,9,50
BRDA:188,28,10,2
BRDA:188,28,11,50
BRDA:188,28,12,30
BRDA:188,28,13,50
BRDA:188,28,14,9
BRDA:199,29,0,33
BRDA:199,29,1,33
BRDA:199,29,2,33
BRDA:199,29,3,32
BRDA:199,29,4,31
BRDA:199,29,5,9
BRDA:199,29,6,31
BRDA:199,29,7,10
BRDA:199,29,8,31
BRDA:199,29,9,0
BRDA:224,30,0,0
BRDA:224,30,1,33
BRDA:228,31,0,2
BRDA:228,31,1,31
BRDA:230,32,0,1
BRDA:230,32,1,1
BRDA:230,33,0,2
BRDA:230,33,1,2
BRDA:234,34,0,12
BRDA:234,34,1,19
BRDA:234,35,0,31
BRDA:234,35,1,14
BRDA:237,36,0,1
BRDA:237,36,1,18
BRDA:237,37,0,19
BRDA:237,37,1,13
BRDA:237,37,2,2
BRDA:250,38,0,44
BRDA:250,38,1,11
BRDA:250,38,2,3
BRDA:250,38,3,3
BRDA:255,39,0,5
BRDA:255,39,1,0
BRDA:256,40,0,0
BRDA:256,40,1,5
BRDA:265,41,0,0
BRDA:265,41,1,31
BRDA:268,42,0,13
BRDA:268,42,1,18
BRDA:268,43,0,31
BRDA:268,43,1,31
BRDA:268,43,2,25
BRDA:271,44,0,1
BRDA:271,44,1,17
BRDA:271,45,0,18
BRDA:271,45,1,1
BRDA:271,45,2,1
BRDA:278,46,0,0
BRDA:278,46,1,13
BRDA:281,47,0,2
BRDA:281,47,1,11
BRDA:281,48,0,13
BRDA:281,48,1,2
BRDA:287,49,0,166
BRDA:287,49,1,159
BRDA:291,50,0,166
BRDA:291,50,1,159
BRDA:297,51,0,16
BRDA:297,51,1,0
BRDA:309,52,0,1
BRDA:309,52,1,12
BRDA:319,53,0,5
BRDA:319,53,1,0
BRDA:325,54,0,3
BRDA:325,54,1,2
BRDA:325,55,0,5
BRDA:325,55,1,5
BRDA:327,56,0,1
BRDA:327,56,1,1
BRDA:341,57,0,1
BRDA:341,57,1,544
BRDA:341,58,0,546
BRDA:341,58,1,1
BRDA:354,59,0,1
BRDA:354,59,1,504
BRDA:358,60,0,338
BRDA:358,60,1,166
BRDA:362,61,0,0
BRDA:362,61,1,166
BRDA:368,62,0,0
BRDA:368,62,1,0
BRDA:381,63,0,0
BRDA:381,63,1,166
BRDA:385,64,0,0
BRDA:385,64,1,0
BRDA:395,65,0,4
BRDA:395,65,1,162
BRDA:409,66,0,2
BRDA:409,66,1,0
BRDA:413,67,0,2
BRDA:413,67,1,0
BRDA:415,68,0,0
BRDA:415,68,1,2
BRDA:425,69,0,0
BRDA:425,69,1,2
BRDA:435,70,0,8
BRDA:435,70,1,2
BRDA:435,70,2,7
BRDA:435,70,3,1
BRDA:440,71,0,2
BRDA:440,71,1,6
BRDA:442,72,0,6
BRDA:442,72,1,0
BRDA:463,73,0,25
BRDA:463,73,1,5
BRDA:464,74,0,10
BRDA:464,74,1,15
BRDA:465,75,0,2
BRDA:465,75,1,8
BRDA:471,76,0,7
BRDA:471,76,1,8
BRDA:472,77,0,5
BRDA:472,77,1,2
BRDA:477,78,0,6
BRDA:477,78,1,2
BRDA:481,79,0,0
BRDA:481,79,1,6
BRDA:482,80,0,2
BRDA:482,80,1,4
BRDA:494,81,0,0
BRDA:494,81,1,5
BRDA:505,82,0,1
BRDA:505,82,1,1
BRDA:505,83,0,2
BRDA:505,83,1,2
BRDA:505,83,2,2
BRDA:530,84,0,7
BRDA:530,84,1,4
BRDA:530,84,2,0
BRDA:536,85,0,9
BRDA:536,85,1,14
BRDA:537,86,0,7
BRDA:537,86,1,2
BRDA:537,87,0,9
BRDA:537,87,1,8
BRDA:538,88,0,4
BRDA:538,88,1,3
BRDA:548,89,0,1
BRDA:548,89,1,1
BRDA:562,90,0,2
BRDA:562,90,1,7
BRDA:562,91,0,9
BRDA:562,91,1,5
BRDA:566,92,0,2
BRDA:566,92,1,7
BRDA:566,93,0,9
BRDA:566,93,1,5
BRDA:569,94,0,14
BRDA:569,94,1,0
BRDA:569,95,0,14
BRDA:569,95,1,14
BRDA:569,95,2,14
BRDA:570,96,0,6
BRDA:570,96,1,8
BRDA:576,97,0,2
BRDA:576,97,1,12
BRDA:576,98,0,14
BRDA:576,98,1,6
BRDA:582,99,0,9
BRDA:582,99,1,5
BRDA:582,100,0,14
BRDA:582,100,1,8
BRDA:587,101,0,5
BRDA:587,101,1,0
BRDA:591,102,0,4
BRDA:591,102,1,1
BRDA:591,103,0,5
BRDA:591,103,1,5
BRDA:594,104,0,1
BRDA:594,104,1,3
BRDA:610,105,0,7
BRDA:610,105,1,1
BRDA:618,106,0,0
BRDA:618,106,1,0
BRDA:618,107,0,0
BRDA:618,107,1,0
BRDA:629,108,0,0
BRDA:629,108,1,6
BRDA:633,109,0,0
BRDA:633,109,1,6
BRDA:637,110,0,6
BRDA:637,110,1,0
BRDA:637,111,0,6
BRDA:637,111,1,6
BRDA:660,112,0,7
BRDA:660,112,1,8
BRDA:674,113,0,5
BRDA:674,113,1,9
BRDA:674,114,0,14
BRDA:674,114,1,14
BRDA:676,115,0,14
BRDA:676,115,1,3
BRDA:683,116,0,3
BRDA:683,116,1,12
BRDA:683,117,0,15
BRDA:683,117,1,12
BRDA:683,117,2,12
BRDA:697,118,0,7
BRDA:697,118,1,8
BRDA:710,119,0,6
BRDA:710,119,1,2
BRDA:710,120,0,8
BRDA:710,120,1,6
BRDA:710,120,2,6
BRDA:713,121,0,1
BRDA:713,121,1,5
BRDA:734,122,0,0
BRDA:734,122,1,1
BRDA:739,123,0,0
BRDA:739,123,1,1
BRDA:742,124,0,0
BRDA:742,124,1,0
BRDA:742,125,0,0
BRDA:742,125,1,0
BRDA:756,126,0,1
BRDA:756,126,1,0
BRDA:760,127,0,1
BRDA:760,127,1,0
BRDA:760,128,0,1
BRDA:760,128,1,1
BRDA:766,129,0,0
BRDA:766,129,1,0
BRDA:767,130,0,0
BRDA:767,130,1,0
BRDA:783,131,0,495
BRDA:783,131,1,0
BRDA:791,132,0,0
BRDA:791,132,1,512
BRDA:791,133,0,512
BRDA:791,133,1,512
BRDA:801,134,0,512
BRDA:801,134,1,498
BRDA:801,134,2,496
BRDA:801,134,3,496
BRDA:803,135,0,512
BRDA:803,135,1,0
BRDA:803,135,2,512
BRDA:803,135,3,512
BRDA:811,136,0,1
BRDA:811,136,1,16
BRDA:812,137,0,0
BRDA:812,137,1,1
BRDA:819,138,0,15
BRDA:819,138,1,2
BRDA:821,139,0,7
BRDA:821,139,1,8
BRDA:822,140,0,0
BRDA:822,140,1,7
BRDA:846,141,0,17
BRDA:846,141,1,495
BRDA:847,142,0,17
BRDA:847,142,1,0
BRDA:849,143,0,0
BRDA:849,143,1,0
BRDA:849,144,0,0
BRDA:849,144,1,0
BRDA:859,145,0,0
BRDA:859,145,1,495
BRDA:862,146,0,0
BRDA:862,146,1,495
BRDA:875,147,0,6
BRDA:875,147,1,505
BRDA:891,148,0,9
BRDA:891,148,1,492
BRDA:892,149,0,9
BRDA:892,149,1,0
BRDA:904,150,0,6
BRDA:904,150,1,495
BRDA:904,151,0,501
BRDA:904,151,1,495
BRDA:906,152,0,6
BRDA:906,152,1,0
BRDA:927,153,0,1
BRDA:927,153,1,0
BRDA:937,154,0,510
BRDA:937,154,1,2
BRDA:938,155,0,6
BRDA:938,155,1,504
BRDA:947,156,0,2
BRDA:947,156,1,510
BRDA:951,157,0,511
BRDA:951,157,1,0
BRDA:956,158,0,505
BRDA:956,158,1,6
BRDA:965,159,0,492
BRDA:965,159,1,13
BRDA:965,160,0,505
BRDA:965,160,1,13
BRDA:972,161,0,10
BRDA:972,161,1,2
BRDA:972,162,0,12
BRDA:972,162,1,8
BRDA:985,163,0,20
BRDA:985,163,1,0
BRDA:988,164,0,2
BRDA:988,164,1,18
BRDA:1000,165,0,3
BRDA:1000,165,1,2
BRDA:1039,166,0,3
BRDA:1039,166,1,1
BRDA:1069,167,0,0
BRDA:1069,167,1,0
BRDA:1086,168,0,0
BRDA:1086,168,1,0
BRDA:1091,169,0,0
BRDA:1091,169,1,0
BRDA:1091,170,0,0
BRDA:1091,170,1,0
BRDA:1105,171,0,0
BRDA:1105,171,1,0
BRDA:1111,172,0,0
BRDA:1111,172,1,0
BRDA:1112,173,0,0
BRDA:1112,173,1,0
BRDA:1123,174,0,1
BRDA:1123,174,1,0
BRDA:1144,175,0,0
BRDA:1144,175,1,0
BRDA:1147,176,0,0
BRDA:1147,176,1,0
BRDA:1153,177,0,0
BRDA:1153,177,1,0
BRDA:1172,178,0,0
BRDA:1172,178,1,2
BRF:398
BRH:291
end_of_record
